c:\users\nhv90\projects\eech\debug\eech-msvc.pch
c:\users\nhv90\projects\eech\debug\vc120.pdb
c:\users\nhv90\projects\eech\debug\vc120.idb
c:\users\nhv90\projects\eech\debug\ai_extrn.obj
c:\users\nhv90\projects\eech\debug\ai_extrn.cod
c:\users\nhv90\projects\eech\debug\op_ctrlr.obj
c:\users\nhv90\projects\eech\debug\op_ctrlr.cod
c:\users\nhv90\projects\eech\debug\op_dynam.obj
c:\users\nhv90\projects\eech\debug\op_dynam.cod
c:\users\nhv90\projects\eech\debug\op_grafx.obj
c:\users\nhv90\projects\eech\debug\op_grafx.cod
c:\users\nhv90\projects\eech\debug\op_insnd.obj
c:\users\nhv90\projects\eech\debug\op_insnd.cod
c:\users\nhv90\projects\eech\debug\op_real.obj
c:\users\nhv90\projects\eech\debug\op_real.cod
c:\users\nhv90\projects\eech\debug\op_snd.obj
c:\users\nhv90\projects\eech\debug\op_snd.cod
c:\users\nhv90\projects\eech\debug\player.obj
c:\users\nhv90\projects\eech\debug\player.cod
c:\users\nhv90\projects\eech\debug\play_gn.obj
c:\users\nhv90\projects\eech\debug\play_gn.cod
c:\users\nhv90\projects\eech\debug\play_hours.obj
c:\users\nhv90\projects\eech\debug\play_hours.cod
c:\users\nhv90\projects\eech\debug\play_md.obj
c:\users\nhv90\projects\eech\debug\play_md.cod
c:\users\nhv90\projects\eech\debug\play_sc.obj
c:\users\nhv90\projects\eech\debug\play_sc.cod
c:\users\nhv90\projects\eech\debug\play_wp.obj
c:\users\nhv90\projects\eech\debug\play_wp.cod
c:\users\nhv90\projects\eech\debug\mission.obj
c:\users\nhv90\projects\eech\debug\mission.cod
c:\users\nhv90\projects\eech\debug\sess_sc.obj
c:\users\nhv90\projects\eech\debug\sess_sc.cod
c:\users\nhv90\projects\eech\debug\uisession.obj
c:\users\nhv90\projects\eech\debug\uisession.cod
c:\users\nhv90\projects\eech\debug\uisess_fn.obj
c:\users\nhv90\projects\eech\debug\uisess_fn.cod
c:\users\nhv90\projects\eech\debug\sparm_sc.obj
c:\users\nhv90\projects\eech\debug\sparm_sc.cod
c:\users\nhv90\projects\eech\debug\titl_sc.obj
c:\users\nhv90\projects\eech\debug\titl_sc.cod
c:\users\nhv90\projects\eech\debug\update.obj
c:\users\nhv90\projects\eech\debug\update.cod
c:\users\nhv90\projects\eech\debug\wutcfg.obj
c:\users\nhv90\projects\eech\debug\wutcfg.cod
c:\users\nhv90\projects\eech\debug\ca_sort.obj
c:\users\nhv90\projects\eech\debug\ca_sort.cod
c:\users\nhv90\projects\eech\debug\ca_stat.obj
c:\users\nhv90\projects\eech\debug\ca_stat.cod
c:\users\nhv90\projects\eech\debug\ca_wload.obj
c:\users\nhv90\projects\eech\debug\ca_wload.cod
c:\users\nhv90\projects\eech\debug\common.obj
c:\users\nhv90\projects\eech\debug\common.cod
c:\users\nhv90\projects\eech\debug\infobar.obj
c:\users\nhv90\projects\eech\debug\infobar.cod
c:\users\nhv90\projects\eech\debug\map.obj
c:\users\nhv90\projects\eech\debug\map.cod
c:\users\nhv90\projects\eech\debug\fflight.obj
c:\users\nhv90\projects\eech\debug\fflight.cod
c:\users\nhv90\projects\eech\debug\ff_info.obj
c:\users\nhv90\projects\eech\debug\ff_info.cod
c:\users\nhv90\projects\eech\debug\ff_map.obj
c:\users\nhv90\projects\eech\debug\ff_map.cod
c:\users\nhv90\projects\eech\debug\ff_selct.obj
c:\users\nhv90\projects\eech\debug\ff_selct.cod
c:\users\nhv90\projects\eech\debug\init_sc.obj
c:\users\nhv90\projects\eech\debug\init_sc.cod
c:\users\nhv90\projects\eech\debug\load_sc.obj
c:\users\nhv90\projects\eech\debug\load_sc.cod
c:\users\nhv90\projects\eech\debug\main_fn.obj
c:\users\nhv90\projects\eech\debug\main_fn.cod
c:\users\nhv90\projects\eech\debug\main_sc.obj
c:\users\nhv90\projects\eech\debug\main_sc.cod
c:\users\nhv90\projects\eech\debug\menus.obj
c:\users\nhv90\projects\eech\debug\menus.cod
c:\users\nhv90\projects\eech\debug\modcredits.obj
c:\users\nhv90\projects\eech\debug\modcredits.cod
c:\users\nhv90\projects\eech\debug\mult_fn.obj
c:\users\nhv90\projects\eech\debug\mult_fn.cod
c:\users\nhv90\projects\eech\debug\mult_sc.obj
c:\users\nhv90\projects\eech\debug\mult_sc.cod
c:\users\nhv90\projects\eech\debug\options.obj
c:\users\nhv90\projects\eech\debug\options.cod
c:\users\nhv90\projects\eech\debug\op_commn.obj
c:\users\nhv90\projects\eech\debug\op_commn.cod
c:\users\nhv90\projects\eech\debug\gametype.obj
c:\users\nhv90\projects\eech\debug\gametype.cod
c:\users\nhv90\projects\eech\debug\gmty_sc.obj
c:\users\nhv90\projects\eech\debug\gmty_sc.cod
c:\users\nhv90\projects\eech\debug\guns_sc.obj
c:\users\nhv90\projects\eech\debug\guns_sc.cod
c:\users\nhv90\projects\eech\debug\campaign.obj
c:\users\nhv90\projects\eech\debug\campaign.cod
c:\users\nhv90\projects\eech\debug\ca_3d.obj
c:\users\nhv90\projects\eech\debug\ca_3d.cod
c:\users\nhv90\projects\eech\debug\ca_base.obj
c:\users\nhv90\projects\eech\debug\ca_base.cod
c:\users\nhv90\projects\eech\debug\ca_brief.obj
c:\users\nhv90\projects\eech\debug\ca_brief.cod
c:\users\nhv90\projects\eech\debug\ca_chat.obj
c:\users\nhv90\projects\eech\debug\ca_chat.cod
c:\users\nhv90\projects\eech\debug\ca_dbf.obj
c:\users\nhv90\projects\eech\debug\ca_dbf.cod
c:\users\nhv90\projects\eech\debug\ca_fsmap.obj
c:\users\nhv90\projects\eech\debug\ca_fsmap.cod
c:\users\nhv90\projects\eech\debug\ca_group.obj
c:\users\nhv90\projects\eech\debug\ca_group.cod
c:\users\nhv90\projects\eech\debug\ca_hist.obj
c:\users\nhv90\projects\eech\debug\ca_hist.cod
c:\users\nhv90\projects\eech\debug\ca_info.obj
c:\users\nhv90\projects\eech\debug\ca_info.cod
c:\users\nhv90\projects\eech\debug\ca_list.obj
c:\users\nhv90\projects\eech\debug\ca_list.cod
c:\users\nhv90\projects\eech\debug\ca_log.obj
c:\users\nhv90\projects\eech\debug\ca_log.cod
c:\users\nhv90\projects\eech\debug\ca_map.obj
c:\users\nhv90\projects\eech\debug\ca_map.cod
c:\users\nhv90\projects\eech\debug\ca_menu.obj
c:\users\nhv90\projects\eech\debug\ca_menu.cod
c:\users\nhv90\projects\eech\debug\ca_msgs.obj
c:\users\nhv90\projects\eech\debug\ca_msgs.cod
c:\users\nhv90\projects\eech\debug\ca_save.obj
c:\users\nhv90\projects\eech\debug\ca_save.cod
c:\users\nhv90\projects\eech\debug\ca_selct.obj
c:\users\nhv90\projects\eech\debug\ca_selct.cod
c:\users\nhv90\projects\eech\debug\language.obj
c:\users\nhv90\projects\eech\debug\language.cod
c:\users\nhv90\projects\eech\debug\message.obj
c:\users\nhv90\projects\eech\debug\message.cod
c:\users\nhv90\projects\eech\debug\miscell.obj
c:\users\nhv90\projects\eech\debug\miscell.cod
c:\users\nhv90\projects\eech\debug\msg_in.obj
c:\users\nhv90\projects\eech\debug\msg_in.cod
c:\users\nhv90\projects\eech\debug\msg_out.obj
c:\users\nhv90\projects\eech\debug\msg_out.cod
c:\users\nhv90\projects\eech\debug\scrnshot.obj
c:\users\nhv90\projects\eech\debug\scrnshot.cod
c:\users\nhv90\projects\eech\debug\secure.obj
c:\users\nhv90\projects\eech\debug\secure.cod
c:\users\nhv90\projects\eech\debug\tags.obj
c:\users\nhv90\projects\eech\debug\tags.cod
c:\users\nhv90\projects\eech\debug\terr_db.obj
c:\users\nhv90\projects\eech\debug\terr_db.cod
c:\users\nhv90\projects\eech\debug\timeaccl.obj
c:\users\nhv90\projects\eech\debug\timeaccl.cod
c:\users\nhv90\projects\eech\debug\tod.obj
c:\users\nhv90\projects\eech\debug\tod.cod
c:\users\nhv90\projects\eech\debug\project.obj
c:\users\nhv90\projects\eech\debug\project.cod
c:\users\nhv90\projects\eech\debug\servlog.obj
c:\users\nhv90\projects\eech\debug\servlog.cod
c:\users\nhv90\projects\eech\debug\sharedmem.obj
c:\users\nhv90\projects\eech\debug\sharedmem.cod
c:\users\nhv90\projects\eech\debug\test.obj
c:\users\nhv90\projects\eech\debug\test.cod
c:\users\nhv90\projects\eech\debug\advert.obj
c:\users\nhv90\projects\eech\debug\advert.cod
c:\users\nhv90\projects\eech\debug\credits.obj
c:\users\nhv90\projects\eech\debug\credits.cod
c:\users\nhv90\projects\eech\debug\zone_sc.obj
c:\users\nhv90\projects\eech\debug\zone_sc.cod
c:\users\nhv90\projects\eech\debug\dedi_sc.obj
c:\users\nhv90\projects\eech\debug\dedi_sc.cod
c:\users\nhv90\projects\eech\debug\exit_sc.obj
c:\users\nhv90\projects\eech\debug\exit_sc.cod
c:\users\nhv90\projects\eech\debug\hm_dyn.obj
c:\users\nhv90\projects\eech\debug\hm_dyn.cod
c:\users\nhv90\projects\eech\debug\ki_dyn.obj
c:\users\nhv90\projects\eech\debug\ki_dyn.cod
c:\users\nhv90\projects\eech\debug\vm_data.obj
c:\users\nhv90\projects\eech\debug\vm_data.cod
c:\users\nhv90\projects\eech\debug\vm_draw.obj
c:\users\nhv90\projects\eech\debug\vm_draw.cod
c:\users\nhv90\projects\eech\debug\vm_event.obj
c:\users\nhv90\projects\eech\debug\vm_event.cod
c:\users\nhv90\projects\eech\debug\vm_extrn.obj
c:\users\nhv90\projects\eech\debug\vm_extrn.cod
c:\users\nhv90\projects\eech\debug\vm_fixed.obj
c:\users\nhv90\projects\eech\debug\vm_fixed.cod
c:\users\nhv90\projects\eech\debug\vm_headmovement.obj
c:\users\nhv90\projects\eech\debug\vm_headmovement.cod
c:\users\nhv90\projects\eech\debug\vm_init.obj
c:\users\nhv90\projects\eech\debug\vm_init.cod
c:\users\nhv90\projects\eech\debug\vm_main.obj
c:\users\nhv90\projects\eech\debug\vm_main.cod
c:\users\nhv90\projects\eech\debug\vm_menu.obj
c:\users\nhv90\projects\eech\debug\vm_menu.cod
c:\users\nhv90\projects\eech\debug\vm_safe.obj
c:\users\nhv90\projects\eech\debug\vm_safe.cod
c:\users\nhv90\projects\eech\debug\vm_satinfo.obj
c:\users\nhv90\projects\eech\debug\vm_satinfo.cod
c:\users\nhv90\projects\eech\debug\vm_updt.obj
c:\users\nhv90\projects\eech\debug\vm_updt.cod
c:\users\nhv90\projects\eech\debug\vm_vckpt.obj
c:\users\nhv90\projects\eech\debug\vm_vckpt.cod
c:\users\nhv90\projects\eech\debug\gwutcfg.obj
c:\users\nhv90\projects\eech\debug\gwutcfg.cod
c:\users\nhv90\projects\eech\debug\init.obj
c:\users\nhv90\projects\eech\debug\init.cod
c:\users\nhv90\projects\eech\debug\install.obj
c:\users\nhv90\projects\eech\debug\install.cod
c:\users\nhv90\projects\eech\debug\airspeed.obj
c:\users\nhv90\projects\eech\debug\airspeed.cod
c:\users\nhv90\projects\eech\debug\gameexit.obj
c:\users\nhv90\projects\eech\debug\gameexit.cod
c:\users\nhv90\projects\eech\debug\ki_lamps.obj
c:\users\nhv90\projects\eech\debug\ki_lamps.cod
c:\users\nhv90\projects\eech\debug\ki_pilot.obj
c:\users\nhv90\projects\eech\debug\ki_pilot.cod
c:\users\nhv90\projects\eech\debug\ki_vckpt.obj
c:\users\nhv90\projects\eech\debug\ki_vckpt.cod
c:\users\nhv90\projects\eech\debug\ki_wiper.obj
c:\users\nhv90\projects\eech\debug\ki_wiper.cod
c:\users\nhv90\projects\eech\debug\ah_dyn.obj
c:\users\nhv90\projects\eech\debug\ah_dyn.cod
c:\users\nhv90\projects\eech\debug\ap_dyn.obj
c:\users\nhv90\projects\eech\debug\ap_dyn.cod
c:\users\nhv90\projects\eech\debug\bh_dyn.obj
c:\users\nhv90\projects\eech\debug\bh_dyn.cod
c:\users\nhv90\projects\eech\debug\cm_dyn.obj
c:\users\nhv90\projects\eech\debug\cm_dyn.cod
c:\users\nhv90\projects\eech\debug\collect.obj
c:\users\nhv90\projects\eech\debug\collect.cod
c:\users\nhv90\projects\eech\debug\co_dmg.obj
c:\users\nhv90\projects\eech\debug\co_dmg.cod
c:\users\nhv90\projects\eech\debug\co_dyn.obj
c:\users\nhv90\projects\eech\debug\co_dyn.cod
c:\users\nhv90\projects\eech\debug\co_event.obj
c:\users\nhv90\projects\eech\debug\co_event.cod
c:\users\nhv90\projects\eech\debug\co_force.obj
c:\users\nhv90\projects\eech\debug\co_force.cod
c:\users\nhv90\projects\eech\debug\co_undercarriage.obj
c:\users\nhv90\projects\eech\debug\co_undercarriage.cod
c:\users\nhv90\projects\eech\debug\cyclic.obj
c:\users\nhv90\projects\eech\debug\cyclic.cod
c:\users\nhv90\projects\eech\debug\pedal.obj
c:\users\nhv90\projects\eech\debug\pedal.cod
c:\users\nhv90\projects\eech\debug\dynamics.obj
c:\users\nhv90\projects\eech\debug\dynamics.cod
c:\users\nhv90\projects\eech\debug\ha_dyn.obj
c:\users\nhv90\projects\eech\debug\ha_dyn.cod
c:\users\nhv90\projects\eech\debug\hi_dyn.obj
c:\users\nhv90\projects\eech\debug\hi_dyn.cod
c:\users\nhv90\projects\eech\debug\ho_dyn.obj
c:\users\nhv90\projects\eech\debug\ho_dyn.cod
c:\users\nhv90\projects\eech\debug\hi_wiper.obj
c:\users\nhv90\projects\eech\debug\hi_wiper.cod
c:\users\nhv90\projects\eech\debug\hk_ckpt.obj
c:\users\nhv90\projects\eech\debug\hk_ckpt.cod
c:\users\nhv90\projects\eech\debug\hk_cpg.obj
c:\users\nhv90\projects\eech\debug\hk_cpg.cod
c:\users\nhv90\projects\eech\debug\hk_crew.obj
c:\users\nhv90\projects\eech\debug\hk_crew.cod
c:\users\nhv90\projects\eech\debug\hk_doors.obj
c:\users\nhv90\projects\eech\debug\hk_doors.cod
c:\users\nhv90\projects\eech\debug\hk_instr.obj
c:\users\nhv90\projects\eech\debug\hk_instr.cod
c:\users\nhv90\projects\eech\debug\hk_lamps.obj
c:\users\nhv90\projects\eech\debug\hk_lamps.cod
c:\users\nhv90\projects\eech\debug\hk_pilot.obj
c:\users\nhv90\projects\eech\debug\hk_pilot.cod
c:\users\nhv90\projects\eech\debug\hk_vckpt.obj
c:\users\nhv90\projects\eech\debug\hk_vckpt.cod
c:\users\nhv90\projects\eech\debug\hk_wiper.obj
c:\users\nhv90\projects\eech\debug\hk_wiper.cod
c:\users\nhv90\projects\eech\debug\hm_ckpt.obj
c:\users\nhv90\projects\eech\debug\hm_ckpt.cod
c:\users\nhv90\projects\eech\debug\hm_instr.obj
c:\users\nhv90\projects\eech\debug\hm_instr.cod
c:\users\nhv90\projects\eech\debug\hm_lamps.obj
c:\users\nhv90\projects\eech\debug\hm_lamps.cod
c:\users\nhv90\projects\eech\debug\hm_vckpt.obj
c:\users\nhv90\projects\eech\debug\hm_vckpt.cod
c:\users\nhv90\projects\eech\debug\hm_wiper.obj
c:\users\nhv90\projects\eech\debug\hm_wiper.cod
c:\users\nhv90\projects\eech\debug\ki_ckpt.obj
c:\users\nhv90\projects\eech\debug\ki_ckpt.cod
c:\users\nhv90\projects\eech\debug\ki_cpg.obj
c:\users\nhv90\projects\eech\debug\ki_cpg.cod
c:\users\nhv90\projects\eech\debug\ki_crew.obj
c:\users\nhv90\projects\eech\debug\ki_crew.cod
c:\users\nhv90\projects\eech\debug\ki_doors.obj
c:\users\nhv90\projects\eech\debug\ki_doors.cod
c:\users\nhv90\projects\eech\debug\ki_instr.obj
c:\users\nhv90\projects\eech\debug\ki_instr.cod
c:\users\nhv90\projects\eech\debug\co_crew.obj
c:\users\nhv90\projects\eech\debug\co_crew.cod
c:\users\nhv90\projects\eech\debug\co_vckpt.obj
c:\users\nhv90\projects\eech\debug\co_vckpt.cod
c:\users\nhv90\projects\eech\debug\co_wiper.obj
c:\users\nhv90\projects\eech\debug\co_wiper.cod
c:\users\nhv90\projects\eech\debug\df3d_vckpt.obj
c:\users\nhv90\projects\eech\debug\df3d_vckpt.cod
c:\users\nhv90\projects\eech\debug\df_ckpt.obj
c:\users\nhv90\projects\eech\debug\df_ckpt.cod
c:\users\nhv90\projects\eech\debug\df_instr.obj
c:\users\nhv90\projects\eech\debug\df_instr.cod
c:\users\nhv90\projects\eech\debug\df_lamps.obj
c:\users\nhv90\projects\eech\debug\df_lamps.cod
c:\users\nhv90\projects\eech\debug\df_vckpt.obj
c:\users\nhv90\projects\eech\debug\df_vckpt.cod
c:\users\nhv90\projects\eech\debug\df_wiper.obj
c:\users\nhv90\projects\eech\debug\df_wiper.cod
c:\users\nhv90\projects\eech\debug\ha_ckpt.obj
c:\users\nhv90\projects\eech\debug\ha_ckpt.cod
c:\users\nhv90\projects\eech\debug\ha_instr.obj
c:\users\nhv90\projects\eech\debug\ha_instr.cod
c:\users\nhv90\projects\eech\debug\ha_lamps.obj
c:\users\nhv90\projects\eech\debug\ha_lamps.cod
c:\users\nhv90\projects\eech\debug\ha_vckpt.obj
c:\users\nhv90\projects\eech\debug\ha_vckpt.cod
c:\users\nhv90\projects\eech\debug\ha_wiper.obj
c:\users\nhv90\projects\eech\debug\ha_wiper.cod
c:\users\nhv90\projects\eech\debug\hi_3dvckpt.obj
c:\users\nhv90\projects\eech\debug\hi_3dvckpt.cod
c:\users\nhv90\projects\eech\debug\hi_3dwiper.obj
c:\users\nhv90\projects\eech\debug\hi_3dwiper.cod
c:\users\nhv90\projects\eech\debug\hi_ckpt.obj
c:\users\nhv90\projects\eech\debug\hi_ckpt.cod
c:\users\nhv90\projects\eech\debug\hi_instr.obj
c:\users\nhv90\projects\eech\debug\hi_instr.cod
c:\users\nhv90\projects\eech\debug\hi_lamps.obj
c:\users\nhv90\projects\eech\debug\hi_lamps.cod
c:\users\nhv90\projects\eech\debug\hi_vckpt.obj
c:\users\nhv90\projects\eech\debug\hi_vckpt.cod
c:\users\nhv90\projects\eech\debug\ap_cpg.obj
c:\users\nhv90\projects\eech\debug\ap_cpg.cod
c:\users\nhv90\projects\eech\debug\ap_instr.obj
c:\users\nhv90\projects\eech\debug\ap_instr.cod
c:\users\nhv90\projects\eech\debug\ap_lamps.obj
c:\users\nhv90\projects\eech\debug\ap_lamps.cod
c:\users\nhv90\projects\eech\debug\ap_vckpt.obj
c:\users\nhv90\projects\eech\debug\ap_vckpt.cod
c:\users\nhv90\projects\eech\debug\ap_wiper.obj
c:\users\nhv90\projects\eech\debug\ap_wiper.cod
c:\users\nhv90\projects\eech\debug\bh_ckpt.obj
c:\users\nhv90\projects\eech\debug\bh_ckpt.cod
c:\users\nhv90\projects\eech\debug\bh_instr.obj
c:\users\nhv90\projects\eech\debug\bh_instr.cod
c:\users\nhv90\projects\eech\debug\bh_lamps.obj
c:\users\nhv90\projects\eech\debug\bh_lamps.cod
c:\users\nhv90\projects\eech\debug\bh_vckpt.obj
c:\users\nhv90\projects\eech\debug\bh_vckpt.cod
c:\users\nhv90\projects\eech\debug\bh_wiper.obj
c:\users\nhv90\projects\eech\debug\bh_wiper.cod
c:\users\nhv90\projects\eech\debug\cockpits.obj
c:\users\nhv90\projects\eech\debug\cockpits.cod
c:\users\nhv90\projects\eech\debug\cm_ckpt.obj
c:\users\nhv90\projects\eech\debug\cm_ckpt.cod
c:\users\nhv90\projects\eech\debug\cm_cpg.obj
c:\users\nhv90\projects\eech\debug\cm_cpg.cod
c:\users\nhv90\projects\eech\debug\cm_crew.obj
c:\users\nhv90\projects\eech\debug\cm_crew.cod
c:\users\nhv90\projects\eech\debug\cm_doors.obj
c:\users\nhv90\projects\eech\debug\cm_doors.cod
c:\users\nhv90\projects\eech\debug\cm_lamps.obj
c:\users\nhv90\projects\eech\debug\cm_lamps.cod
c:\users\nhv90\projects\eech\debug\cm_pilot.obj
c:\users\nhv90\projects\eech\debug\cm_pilot.cod
c:\users\nhv90\projects\eech\debug\cm_vckpt.obj
c:\users\nhv90\projects\eech\debug\cm_vckpt.cod
c:\users\nhv90\projects\eech\debug\cm_wiper.obj
c:\users\nhv90\projects\eech\debug\cm_wiper.cod
c:\users\nhv90\projects\eech\debug\co_ckpt.obj
c:\users\nhv90\projects\eech\debug\co_ckpt.cod
c:\users\nhv90\projects\eech\debug\hm_tgt.obj
c:\users\nhv90\projects\eech\debug\hm_tgt.cod
c:\users\nhv90\projects\eech\debug\hm_thrt.obj
c:\users\nhv90\projects\eech\debug\hm_thrt.cod
c:\users\nhv90\projects\eech\debug\hm_wpn.obj
c:\users\nhv90\projects\eech\debug\hm_wpn.cod
c:\users\nhv90\projects\eech\debug\ki_avevn.obj
c:\users\nhv90\projects\eech\debug\ki_avevn.cod
c:\users\nhv90\projects\eech\debug\ki_avlmp.obj
c:\users\nhv90\projects\eech\debug\ki_avlmp.cod
c:\users\nhv90\projects\eech\debug\ki_cowpn.obj
c:\users\nhv90\projects\eech\debug\ki_cowpn.cod
c:\users\nhv90\projects\eech\debug\ki_dam.obj
c:\users\nhv90\projects\eech\debug\ki_dam.cod
c:\users\nhv90\projects\eech\debug\ki_eo.obj
c:\users\nhv90\projects\eech\debug\ki_eo.cod
c:\users\nhv90\projects\eech\debug\ki_hms.obj
c:\users\nhv90\projects\eech\debug\ki_hms.cod
c:\users\nhv90\projects\eech\debug\ki_hud.obj
c:\users\nhv90\projects\eech\debug\ki_hud.cod
c:\users\nhv90\projects\eech\debug\ki_mfd.obj
c:\users\nhv90\projects\eech\debug\ki_mfd.cod
c:\users\nhv90\projects\eech\debug\ki_tgt.obj
c:\users\nhv90\projects\eech\debug\ki_tgt.cod
c:\users\nhv90\projects\eech\debug\ki_thrt.obj
c:\users\nhv90\projects\eech\debug\ki_thrt.cod
c:\users\nhv90\projects\eech\debug\ah_ckpt.obj
c:\users\nhv90\projects\eech\debug\ah_ckpt.cod
c:\users\nhv90\projects\eech\debug\ah_instr.obj
c:\users\nhv90\projects\eech\debug\ah_instr.cod
c:\users\nhv90\projects\eech\debug\ah_lamps.obj
c:\users\nhv90\projects\eech\debug\ah_lamps.cod
c:\users\nhv90\projects\eech\debug\ah_vckpt.obj
c:\users\nhv90\projects\eech\debug\ah_vckpt.cod
c:\users\nhv90\projects\eech\debug\ah_wiper.obj
c:\users\nhv90\projects\eech\debug\ah_wiper.cod
c:\users\nhv90\projects\eech\debug\ap3d_vckpt.obj
c:\users\nhv90\projects\eech\debug\ap3d_vckpt.cod
c:\users\nhv90\projects\eech\debug\ap_ckpt.obj
c:\users\nhv90\projects\eech\debug\ap_ckpt.cod
c:\users\nhv90\projects\eech\debug\hi_thrt.obj
c:\users\nhv90\projects\eech\debug\hi_thrt.cod
c:\users\nhv90\projects\eech\debug\hi_wpn.obj
c:\users\nhv90\projects\eech\debug\hi_wpn.cod
c:\users\nhv90\projects\eech\debug\hk_avevn.obj
c:\users\nhv90\projects\eech\debug\hk_avevn.cod
c:\users\nhv90\projects\eech\debug\hk_avlmp.obj
c:\users\nhv90\projects\eech\debug\hk_avlmp.cod
c:\users\nhv90\projects\eech\debug\hk_dam.obj
c:\users\nhv90\projects\eech\debug\hk_dam.cod
c:\users\nhv90\projects\eech\debug\hk_eo.obj
c:\users\nhv90\projects\eech\debug\hk_eo.cod
c:\users\nhv90\projects\eech\debug\hk_hms.obj
c:\users\nhv90\projects\eech\debug\hk_hms.cod
c:\users\nhv90\projects\eech\debug\hk_hud.obj
c:\users\nhv90\projects\eech\debug\hk_hud.cod
c:\users\nhv90\projects\eech\debug\hk_mfd.obj
c:\users\nhv90\projects\eech\debug\hk_mfd.cod
c:\users\nhv90\projects\eech\debug\hk_radar.obj
c:\users\nhv90\projects\eech\debug\hk_radar.cod
c:\users\nhv90\projects\eech\debug\hk_tgt.obj
c:\users\nhv90\projects\eech\debug\hk_tgt.cod
c:\users\nhv90\projects\eech\debug\hk_thrt.obj
c:\users\nhv90\projects\eech\debug\hk_thrt.cod
c:\users\nhv90\projects\eech\debug\hk_wpn.obj
c:\users\nhv90\projects\eech\debug\hk_wpn.cod
c:\users\nhv90\projects\eech\debug\hm_avevn.obj
c:\users\nhv90\projects\eech\debug\hm_avevn.cod
c:\users\nhv90\projects\eech\debug\hm_avlmp.obj
c:\users\nhv90\projects\eech\debug\hm_avlmp.cod
c:\users\nhv90\projects\eech\debug\hm_dam.obj
c:\users\nhv90\projects\eech\debug\hm_dam.cod
c:\users\nhv90\projects\eech\debug\hm_eo.obj
c:\users\nhv90\projects\eech\debug\hm_eo.cod
c:\users\nhv90\projects\eech\debug\hm_hms.obj
c:\users\nhv90\projects\eech\debug\hm_hms.cod
c:\users\nhv90\projects\eech\debug\hm_hud.obj
c:\users\nhv90\projects\eech\debug\hm_hud.cod
c:\users\nhv90\projects\eech\debug\hm_mfd.obj
c:\users\nhv90\projects\eech\debug\hm_mfd.cod
c:\users\nhv90\projects\eech\debug\ha_dam.obj
c:\users\nhv90\projects\eech\debug\ha_dam.cod
c:\users\nhv90\projects\eech\debug\ha_ekran.obj
c:\users\nhv90\projects\eech\debug\ha_ekran.cod
c:\users\nhv90\projects\eech\debug\ha_eo.obj
c:\users\nhv90\projects\eech\debug\ha_eo.cod
c:\users\nhv90\projects\eech\debug\ha_hms.obj
c:\users\nhv90\projects\eech\debug\ha_hms.cod
c:\users\nhv90\projects\eech\debug\ha_hud.obj
c:\users\nhv90\projects\eech\debug\ha_hud.cod
c:\users\nhv90\projects\eech\debug\ha_mfd.obj
c:\users\nhv90\projects\eech\debug\ha_mfd.cod
c:\users\nhv90\projects\eech\debug\ha_radar.obj
c:\users\nhv90\projects\eech\debug\ha_radar.cod
c:\users\nhv90\projects\eech\debug\ha_tgt.obj
c:\users\nhv90\projects\eech\debug\ha_tgt.cod
c:\users\nhv90\projects\eech\debug\ha_thrt.obj
c:\users\nhv90\projects\eech\debug\ha_thrt.cod
c:\users\nhv90\projects\eech\debug\ha_wpn.obj
c:\users\nhv90\projects\eech\debug\ha_wpn.cod
c:\users\nhv90\projects\eech\debug\hi_avevn.obj
c:\users\nhv90\projects\eech\debug\hi_avevn.cod
c:\users\nhv90\projects\eech\debug\hi_avlmp.obj
c:\users\nhv90\projects\eech\debug\hi_avlmp.cod
c:\users\nhv90\projects\eech\debug\hi_dam.obj
c:\users\nhv90\projects\eech\debug\hi_dam.cod
c:\users\nhv90\projects\eech\debug\hi_ekran.obj
c:\users\nhv90\projects\eech\debug\hi_ekran.cod
c:\users\nhv90\projects\eech\debug\hi_eo.obj
c:\users\nhv90\projects\eech\debug\hi_eo.cod
c:\users\nhv90\projects\eech\debug\hi_hms.obj
c:\users\nhv90\projects\eech\debug\hi_hms.cod
c:\users\nhv90\projects\eech\debug\hi_hud.obj
c:\users\nhv90\projects\eech\debug\hi_hud.cod
c:\users\nhv90\projects\eech\debug\hi_mfd.obj
c:\users\nhv90\projects\eech\debug\hi_mfd.cod
c:\users\nhv90\projects\eech\debug\hi_radar.obj
c:\users\nhv90\projects\eech\debug\hi_radar.cod
c:\users\nhv90\projects\eech\debug\hi_tgt.obj
c:\users\nhv90\projects\eech\debug\hi_tgt.cod
c:\users\nhv90\projects\eech\debug\co_symbl.obj
c:\users\nhv90\projects\eech\debug\co_symbl.cod
c:\users\nhv90\projects\eech\debug\co_tgt.obj
c:\users\nhv90\projects\eech\debug\co_tgt.cod
c:\users\nhv90\projects\eech\debug\co_thrt.obj
c:\users\nhv90\projects\eech\debug\co_thrt.cod
c:\users\nhv90\projects\eech\debug\co_tsd.obj
c:\users\nhv90\projects\eech\debug\co_tsd.cod
c:\users\nhv90\projects\eech\debug\co_wp.obj
c:\users\nhv90\projects\eech\debug\co_wp.cod
c:\users\nhv90\projects\eech\debug\co_wpn.obj
c:\users\nhv90\projects\eech\debug\co_wpn.cod
c:\users\nhv90\projects\eech\debug\df_avevn.obj
c:\users\nhv90\projects\eech\debug\df_avevn.cod
c:\users\nhv90\projects\eech\debug\df_avlmp.obj
c:\users\nhv90\projects\eech\debug\df_avlmp.cod
c:\users\nhv90\projects\eech\debug\df_dam.obj
c:\users\nhv90\projects\eech\debug\df_dam.cod
c:\users\nhv90\projects\eech\debug\df_eo.obj
c:\users\nhv90\projects\eech\debug\df_eo.cod
c:\users\nhv90\projects\eech\debug\df_front.obj
c:\users\nhv90\projects\eech\debug\df_front.cod
c:\users\nhv90\projects\eech\debug\df_hms.obj
c:\users\nhv90\projects\eech\debug\df_hms.cod
c:\users\nhv90\projects\eech\debug\df_hud.obj
c:\users\nhv90\projects\eech\debug\df_hud.cod
c:\users\nhv90\projects\eech\debug\df_mfd.obj
c:\users\nhv90\projects\eech\debug\df_mfd.cod
c:\users\nhv90\projects\eech\debug\df_radar.obj
c:\users\nhv90\projects\eech\debug\df_radar.cod
c:\users\nhv90\projects\eech\debug\df_tgt.obj
c:\users\nhv90\projects\eech\debug\df_tgt.cod
c:\users\nhv90\projects\eech\debug\df_thrt.obj
c:\users\nhv90\projects\eech\debug\df_thrt.cod
c:\users\nhv90\projects\eech\debug\df_wpn.obj
c:\users\nhv90\projects\eech\debug\df_wpn.cod
c:\users\nhv90\projects\eech\debug\ha_avevn.obj
c:\users\nhv90\projects\eech\debug\ha_avevn.cod
c:\users\nhv90\projects\eech\debug\ha_avlmp.obj
c:\users\nhv90\projects\eech\debug\ha_avlmp.cod
c:\users\nhv90\projects\eech\debug\cm_avlmp.obj
c:\users\nhv90\projects\eech\debug\cm_avlmp.cod
c:\users\nhv90\projects\eech\debug\cm_cowpn.obj
c:\users\nhv90\projects\eech\debug\cm_cowpn.cod
c:\users\nhv90\projects\eech\debug\cm_dam.obj
c:\users\nhv90\projects\eech\debug\cm_dam.cod
c:\users\nhv90\projects\eech\debug\cm_eo.obj
c:\users\nhv90\projects\eech\debug\cm_eo.cod
c:\users\nhv90\projects\eech\debug\cm_hms.obj
c:\users\nhv90\projects\eech\debug\cm_hms.cod
c:\users\nhv90\projects\eech\debug\cm_hud.obj
c:\users\nhv90\projects\eech\debug\cm_hud.cod
c:\users\nhv90\projects\eech\debug\cm_mfd.obj
c:\users\nhv90\projects\eech\debug\cm_mfd.cod
c:\users\nhv90\projects\eech\debug\cm_radar.obj
c:\users\nhv90\projects\eech\debug\cm_radar.cod
c:\users\nhv90\projects\eech\debug\cm_tgt.obj
c:\users\nhv90\projects\eech\debug\cm_tgt.cod
c:\users\nhv90\projects\eech\debug\cm_thrt.obj
c:\users\nhv90\projects\eech\debug\cm_thrt.cod
c:\users\nhv90\projects\eech\debug\co_avevn.obj
c:\users\nhv90\projects\eech\debug\co_avevn.cod
c:\users\nhv90\projects\eech\debug\co_dam.obj
c:\users\nhv90\projects\eech\debug\co_dam.cod
c:\users\nhv90\projects\eech\debug\co_eo.obj
c:\users\nhv90\projects\eech\debug\co_eo.cod
c:\users\nhv90\projects\eech\debug\co_grstab.obj
c:\users\nhv90\projects\eech\debug\co_grstab.cod
c:\users\nhv90\projects\eech\debug\co_hms.obj
c:\users\nhv90\projects\eech\debug\co_hms.cod
c:\users\nhv90\projects\eech\debug\co_hud.obj
c:\users\nhv90\projects\eech\debug\co_hud.cod
c:\users\nhv90\projects\eech\debug\co_mfd.obj
c:\users\nhv90\projects\eech\debug\co_mfd.cod
c:\users\nhv90\projects\eech\debug\co_nvs.obj
c:\users\nhv90\projects\eech\debug\co_nvs.cod
c:\users\nhv90\projects\eech\debug\co_pfz.obj
c:\users\nhv90\projects\eech\debug\co_pfz.cod
c:\users\nhv90\projects\eech\debug\co_radar.obj
c:\users\nhv90\projects\eech\debug\co_radar.cod
c:\users\nhv90\projects\eech\debug\ap_hud.obj
c:\users\nhv90\projects\eech\debug\ap_hud.cod
c:\users\nhv90\projects\eech\debug\ap_mfd.obj
c:\users\nhv90\projects\eech\debug\ap_mfd.cod
c:\users\nhv90\projects\eech\debug\ap_radar.obj
c:\users\nhv90\projects\eech\debug\ap_radar.cod
c:\users\nhv90\projects\eech\debug\ap_tgt.obj
c:\users\nhv90\projects\eech\debug\ap_tgt.cod
c:\users\nhv90\projects\eech\debug\ap_thrt.obj
c:\users\nhv90\projects\eech\debug\ap_thrt.cod
c:\users\nhv90\projects\eech\debug\ap_wpn.obj
c:\users\nhv90\projects\eech\debug\ap_wpn.cod
c:\users\nhv90\projects\eech\debug\avionics.obj
c:\users\nhv90\projects\eech\debug\avionics.cod
c:\users\nhv90\projects\eech\debug\bh_avevn.obj
c:\users\nhv90\projects\eech\debug\bh_avevn.cod
c:\users\nhv90\projects\eech\debug\bh_avlmp.obj
c:\users\nhv90\projects\eech\debug\bh_avlmp.cod
c:\users\nhv90\projects\eech\debug\bh_dam.obj
c:\users\nhv90\projects\eech\debug\bh_dam.cod
c:\users\nhv90\projects\eech\debug\bh_eo.obj
c:\users\nhv90\projects\eech\debug\bh_eo.cod
c:\users\nhv90\projects\eech\debug\bh_front.obj
c:\users\nhv90\projects\eech\debug\bh_front.cod
c:\users\nhv90\projects\eech\debug\bh_hms.obj
c:\users\nhv90\projects\eech\debug\bh_hms.cod
c:\users\nhv90\projects\eech\debug\bh_hud.obj
c:\users\nhv90\projects\eech\debug\bh_hud.cod
c:\users\nhv90\projects\eech\debug\bh_mfd.obj
c:\users\nhv90\projects\eech\debug\bh_mfd.cod
c:\users\nhv90\projects\eech\debug\bh_radar.obj
c:\users\nhv90\projects\eech\debug\bh_radar.cod
c:\users\nhv90\projects\eech\debug\bh_tgt.obj
c:\users\nhv90\projects\eech\debug\bh_tgt.cod
c:\users\nhv90\projects\eech\debug\bh_thrt.obj
c:\users\nhv90\projects\eech\debug\bh_thrt.cod
c:\users\nhv90\projects\eech\debug\bh_wpn.obj
c:\users\nhv90\projects\eech\debug\bh_wpn.cod
c:\users\nhv90\projects\eech\debug\cm_avevn.obj
c:\users\nhv90\projects\eech\debug\cm_avevn.cod
c:\users\nhv90\projects\eech\debug\gfxfiles.obj
c:\users\nhv90\projects\eech\debug\gfxfiles.cod
c:\users\nhv90\projects\eech\debug\global.obj
c:\users\nhv90\projects\eech\debug\global.cod
c:\users\nhv90\projects\eech\debug\ah_avevn.obj
c:\users\nhv90\projects\eech\debug\ah_avevn.cod
c:\users\nhv90\projects\eech\debug\ah_avlmp.obj
c:\users\nhv90\projects\eech\debug\ah_avlmp.cod
c:\users\nhv90\projects\eech\debug\ah_dam.obj
c:\users\nhv90\projects\eech\debug\ah_dam.cod
c:\users\nhv90\projects\eech\debug\ah_eo.obj
c:\users\nhv90\projects\eech\debug\ah_eo.cod
c:\users\nhv90\projects\eech\debug\ah_front.obj
c:\users\nhv90\projects\eech\debug\ah_front.cod
c:\users\nhv90\projects\eech\debug\ah_hms.obj
c:\users\nhv90\projects\eech\debug\ah_hms.cod
c:\users\nhv90\projects\eech\debug\ah_hud.obj
c:\users\nhv90\projects\eech\debug\ah_hud.cod
c:\users\nhv90\projects\eech\debug\ah_mfd.obj
c:\users\nhv90\projects\eech\debug\ah_mfd.cod
c:\users\nhv90\projects\eech\debug\ah_radar.obj
c:\users\nhv90\projects\eech\debug\ah_radar.cod
c:\users\nhv90\projects\eech\debug\ah_tgt.obj
c:\users\nhv90\projects\eech\debug\ah_tgt.cod
c:\users\nhv90\projects\eech\debug\ah_thrt.obj
c:\users\nhv90\projects\eech\debug\ah_thrt.cod
c:\users\nhv90\projects\eech\debug\ah_wpn.obj
c:\users\nhv90\projects\eech\debug\ah_wpn.cod
c:\users\nhv90\projects\eech\debug\ap_avevn.obj
c:\users\nhv90\projects\eech\debug\ap_avevn.cod
c:\users\nhv90\projects\eech\debug\ap_avlmp.obj
c:\users\nhv90\projects\eech\debug\ap_avlmp.cod
c:\users\nhv90\projects\eech\debug\ap_dam.obj
c:\users\nhv90\projects\eech\debug\ap_dam.cod
c:\users\nhv90\projects\eech\debug\ap_eo.obj
c:\users\nhv90\projects\eech\debug\ap_eo.cod
c:\users\nhv90\projects\eech\debug\ap_front.obj
c:\users\nhv90\projects\eech\debug\ap_front.cod
c:\users\nhv90\projects\eech\debug\ap_hms.obj
c:\users\nhv90\projects\eech\debug\ap_hms.cod
c:\users\nhv90\projects\eech\debug\en_dbase.obj
c:\users\nhv90\projects\eech\debug\en_dbase.cod
c:\users\nhv90\projects\eech\debug\en_heap.obj
c:\users\nhv90\projects\eech\debug\en_heap.cod
c:\users\nhv90\projects\eech\debug\en_init.obj
c:\users\nhv90\projects\eech\debug\en_init.cod
c:\users\nhv90\projects\eech\debug\en_world.obj
c:\users\nhv90\projects\eech\debug\en_world.cod
c:\users\nhv90\projects\eech\debug\en_msgs.obj
c:\users\nhv90\projects\eech\debug\en_msgs.cod
c:\users\nhv90\projects\eech\debug\en_force.obj
c:\users\nhv90\projects\eech\debug\en_force.cod
c:\users\nhv90\projects\eech\debug\en_forms.obj
c:\users\nhv90\projects\eech\debug\en_forms.cod
c:\users\nhv90\projects\eech\debug\en_group.obj
c:\users\nhv90\projects\eech\debug\en_group.cod
c:\users\nhv90\projects\eech\debug\en_sbtyp.obj
c:\users\nhv90\projects\eech\debug\en_sbtyp.cod
c:\users\nhv90\projects\eech\debug\en_side.obj
c:\users\nhv90\projects\eech\debug\en_side.cod
c:\users\nhv90\projects\eech\debug\en_suply.obj
c:\users\nhv90\projects\eech\debug\en_suply.cod
c:\users\nhv90\projects\eech\debug\en_task.obj
c:\users\nhv90\projects\eech\debug\en_task.cod
c:\users\nhv90\projects\eech\debug\en_wp.obj
c:\users\nhv90\projects\eech\debug\en_wp.cod
c:\users\nhv90\projects\eech\debug\tacview.obj
c:\users\nhv90\projects\eech\debug\tacview.cod
c:\users\nhv90\projects\eech\debug\ev_debug.obj
c:\users\nhv90\projects\eech\debug\ev_debug.cod
c:\users\nhv90\projects\eech\debug\ev_fns.obj
c:\users\nhv90\projects\eech\debug\ev_fns.cod
c:\users\nhv90\projects\eech\debug\userdef.obj
c:\users\nhv90\projects\eech\debug\userdef.cod
c:\users\nhv90\projects\eech\debug\flight.obj
c:\users\nhv90\projects\eech\debug\flight.cod
c:\users\nhv90\projects\eech\debug\game.obj
c:\users\nhv90\projects\eech\debug\game.cod
c:\users\nhv90\projects\eech\debug\gameflow.obj
c:\users\nhv90\projects\eech\debug\gameflow.cod
c:\users\nhv90\projects\eech\debug\en_dbdrw.obj
c:\users\nhv90\projects\eech\debug\en_dbdrw.cod
c:\users\nhv90\projects\eech\debug\en_dblst.obj
c:\users\nhv90\projects\eech\debug\en_dblst.cod
c:\users\nhv90\projects\eech\debug\en_dbmsg.obj
c:\users\nhv90\projects\eech\debug\en_dbmsg.cod
c:\users\nhv90\projects\eech\debug\en_stats.obj
c:\users\nhv90\projects\eech\debug\en_stats.cod
c:\users\nhv90\projects\eech\debug\en_valid.obj
c:\users\nhv90\projects\eech\debug\en_valid.cod
c:\users\nhv90\projects\eech\debug\en_att.obj
c:\users\nhv90\projects\eech\debug\en_att.cod
c:\users\nhv90\projects\eech\debug\en_char.obj
c:\users\nhv90\projects\eech\debug\en_char.cod
c:\users\nhv90\projects\eech\debug\en_creat.obj
c:\users\nhv90\projects\eech\debug\en_creat.cod
c:\users\nhv90\projects\eech\debug\en_draw.obj
c:\users\nhv90\projects\eech\debug\en_draw.cod
c:\users\nhv90\projects\eech\debug\en_dstry.obj
c:\users\nhv90\projects\eech\debug\en_dstry.cod
c:\users\nhv90\projects\eech\debug\en_float.obj
c:\users\nhv90\projects\eech\debug\en_float.cod
c:\users\nhv90\projects\eech\debug\en_funcs.obj
c:\users\nhv90\projects\eech\debug\en_funcs.cod
c:\users\nhv90\projects\eech\debug\en_int.obj
c:\users\nhv90\projects\eech\debug\en_int.cod
c:\users\nhv90\projects\eech\debug\en_list.obj
c:\users\nhv90\projects\eech\debug\en_list.cod
c:\users\nhv90\projects\eech\debug\en_pack.obj
c:\users\nhv90\projects\eech\debug\en_pack.cod
c:\users\nhv90\projects\eech\debug\en_ptr.obj
c:\users\nhv90\projects\eech\debug\en_ptr.cod
c:\users\nhv90\projects\eech\debug\en_snd.obj
c:\users\nhv90\projects\eech\debug\en_snd.cod
c:\users\nhv90\projects\eech\debug\en_str.obj
c:\users\nhv90\projects\eech\debug\en_str.cod
c:\users\nhv90\projects\eech\debug\en_updt.obj
c:\users\nhv90\projects\eech\debug\en_updt.cod
c:\users\nhv90\projects\eech\debug\en_vec3d.obj
c:\users\nhv90\projects\eech\debug\en_vec3d.cod
c:\users\nhv90\projects\eech\debug\up_update.obj
c:\users\nhv90\projects\eech\debug\up_update.cod
c:\users\nhv90\projects\eech\debug\waypoint.obj
c:\users\nhv90\projects\eech\debug\waypoint.cod
c:\users\nhv90\projects\eech\debug\wp_char.obj
c:\users\nhv90\projects\eech\debug\wp_char.cod
c:\users\nhv90\projects\eech\debug\wp_creat.obj
c:\users\nhv90\projects\eech\debug\wp_creat.cod
c:\users\nhv90\projects\eech\debug\wp_dbase.obj
c:\users\nhv90\projects\eech\debug\wp_dbase.cod
c:\users\nhv90\projects\eech\debug\wp_draw.obj
c:\users\nhv90\projects\eech\debug\wp_draw.cod
c:\users\nhv90\projects\eech\debug\wp_dstry.obj
c:\users\nhv90\projects\eech\debug\wp_dstry.cod
c:\users\nhv90\projects\eech\debug\wp_float.obj
c:\users\nhv90\projects\eech\debug\wp_float.cod
c:\users\nhv90\projects\eech\debug\wp_funcs.obj
c:\users\nhv90\projects\eech\debug\wp_funcs.cod
c:\users\nhv90\projects\eech\debug\wp_int.obj
c:\users\nhv90\projects\eech\debug\wp_int.cod
c:\users\nhv90\projects\eech\debug\wp_list.obj
c:\users\nhv90\projects\eech\debug\wp_list.cod
c:\users\nhv90\projects\eech\debug\wp_msgs.obj
c:\users\nhv90\projects\eech\debug\wp_msgs.cod
c:\users\nhv90\projects\eech\debug\wp_pack.obj
c:\users\nhv90\projects\eech\debug\wp_pack.cod
c:\users\nhv90\projects\eech\debug\wp_ptr.obj
c:\users\nhv90\projects\eech\debug\wp_ptr.cod
c:\users\nhv90\projects\eech\debug\wp_str.obj
c:\users\nhv90\projects\eech\debug\wp_str.cod
c:\users\nhv90\projects\eech\debug\wp_vec3d.obj
c:\users\nhv90\projects\eech\debug\wp_vec3d.cod
c:\users\nhv90\projects\eech\debug\en_attrs.obj
c:\users\nhv90\projects\eech\debug\en_attrs.cod
c:\users\nhv90\projects\eech\debug\en_comms.obj
c:\users\nhv90\projects\eech\debug\en_comms.cod
c:\users\nhv90\projects\eech\debug\en_sessn.obj
c:\users\nhv90\projects\eech\debug\en_sessn.cod
c:\users\nhv90\projects\eech\debug\en_dbarg.obj
c:\users\nhv90\projects\eech\debug\en_dbarg.cod
c:\users\nhv90\projects\eech\debug\task.obj
c:\users\nhv90\projects\eech\debug\task.cod
c:\users\nhv90\projects\eech\debug\ts_creat.obj
c:\users\nhv90\projects\eech\debug\ts_creat.cod
c:\users\nhv90\projects\eech\debug\ts_dbase.obj
c:\users\nhv90\projects\eech\debug\ts_dbase.cod
c:\users\nhv90\projects\eech\debug\ts_dstry.obj
c:\users\nhv90\projects\eech\debug\ts_dstry.cod
c:\users\nhv90\projects\eech\debug\ts_float.obj
c:\users\nhv90\projects\eech\debug\ts_float.cod
c:\users\nhv90\projects\eech\debug\ts_funcs.obj
c:\users\nhv90\projects\eech\debug\ts_funcs.cod
c:\users\nhv90\projects\eech\debug\ts_int.obj
c:\users\nhv90\projects\eech\debug\ts_int.cod
c:\users\nhv90\projects\eech\debug\ts_list.obj
c:\users\nhv90\projects\eech\debug\ts_list.cod
c:\users\nhv90\projects\eech\debug\ts_msgs.obj
c:\users\nhv90\projects\eech\debug\ts_msgs.cod
c:\users\nhv90\projects\eech\debug\ts_pack.obj
c:\users\nhv90\projects\eech\debug\ts_pack.cod
c:\users\nhv90\projects\eech\debug\ts_ptr.obj
c:\users\nhv90\projects\eech\debug\ts_ptr.cod
c:\users\nhv90\projects\eech\debug\ts_str.obj
c:\users\nhv90\projects\eech\debug\ts_str.cod
c:\users\nhv90\projects\eech\debug\ts_updt.obj
c:\users\nhv90\projects\eech\debug\ts_updt.cod
c:\users\nhv90\projects\eech\debug\ts_vec3d.obj
c:\users\nhv90\projects\eech\debug\ts_vec3d.cod
c:\users\nhv90\projects\eech\debug\up_creat.obj
c:\users\nhv90\projects\eech\debug\up_creat.cod
c:\users\nhv90\projects\eech\debug\up_dstry.obj
c:\users\nhv90\projects\eech\debug\up_dstry.cod
c:\users\nhv90\projects\eech\debug\up_funcs.obj
c:\users\nhv90\projects\eech\debug\up_funcs.cod
c:\users\nhv90\projects\eech\debug\up_list.obj
c:\users\nhv90\projects\eech\debug\up_list.cod
c:\users\nhv90\projects\eech\debug\up_msgs.obj
c:\users\nhv90\projects\eech\debug\up_msgs.cod
c:\users\nhv90\projects\eech\debug\up_pack.obj
c:\users\nhv90\projects\eech\debug\up_pack.cod
c:\users\nhv90\projects\eech\debug\sc_dstry.obj
c:\users\nhv90\projects\eech\debug\sc_dstry.cod
c:\users\nhv90\projects\eech\debug\sc_float.obj
c:\users\nhv90\projects\eech\debug\sc_float.cod
c:\users\nhv90\projects\eech\debug\sc_int.obj
c:\users\nhv90\projects\eech\debug\sc_int.cod
c:\users\nhv90\projects\eech\debug\sc_list.obj
c:\users\nhv90\projects\eech\debug\sc_list.cod
c:\users\nhv90\projects\eech\debug\sc_msgs.obj
c:\users\nhv90\projects\eech\debug\sc_msgs.cod
c:\users\nhv90\projects\eech\debug\sc_pack.obj
c:\users\nhv90\projects\eech\debug\sc_pack.cod
c:\users\nhv90\projects\eech\debug\sc_seccreat.obj
c:\users\nhv90\projects\eech\debug\sc_seccreat.cod
c:\users\nhv90\projects\eech\debug\sc_secfuncs.obj
c:\users\nhv90\projects\eech\debug\sc_secfuncs.cod
c:\users\nhv90\projects\eech\debug\sector.obj
c:\users\nhv90\projects\eech\debug\sector.cod
c:\users\nhv90\projects\eech\debug\session.obj
c:\users\nhv90\projects\eech\debug\session.cod
c:\users\nhv90\projects\eech\debug\ss_creat.obj
c:\users\nhv90\projects\eech\debug\ss_creat.cod
c:\users\nhv90\projects\eech\debug\ss_dstry.obj
c:\users\nhv90\projects\eech\debug\ss_dstry.cod
c:\users\nhv90\projects\eech\debug\ss_float.obj
c:\users\nhv90\projects\eech\debug\ss_float.cod
c:\users\nhv90\projects\eech\debug\ss_funcs.obj
c:\users\nhv90\projects\eech\debug\ss_funcs.cod
c:\users\nhv90\projects\eech\debug\ss_int.obj
c:\users\nhv90\projects\eech\debug\ss_int.cod
c:\users\nhv90\projects\eech\debug\ss_list.obj
c:\users\nhv90\projects\eech\debug\ss_list.cod
c:\users\nhv90\projects\eech\debug\ss_msgs.obj
c:\users\nhv90\projects\eech\debug\ss_msgs.cod
c:\users\nhv90\projects\eech\debug\ss_pack.obj
c:\users\nhv90\projects\eech\debug\ss_pack.cod
c:\users\nhv90\projects\eech\debug\ss_updt.obj
c:\users\nhv90\projects\eech\debug\ss_updt.cod
c:\users\nhv90\projects\eech\debug\ss_vec3d.obj
c:\users\nhv90\projects\eech\debug\ss_vec3d.cod
c:\users\nhv90\projects\eech\debug\pilot.obj
c:\users\nhv90\projects\eech\debug\pilot.cod
c:\users\nhv90\projects\eech\debug\pi_creat.obj
c:\users\nhv90\projects\eech\debug\pi_creat.cod
c:\users\nhv90\projects\eech\debug\pi_dstry.obj
c:\users\nhv90\projects\eech\debug\pi_dstry.cod
c:\users\nhv90\projects\eech\debug\pi_funcs.obj
c:\users\nhv90\projects\eech\debug\pi_funcs.cod
c:\users\nhv90\projects\eech\debug\pi_int.obj
c:\users\nhv90\projects\eech\debug\pi_int.cod
c:\users\nhv90\projects\eech\debug\pi_list.obj
c:\users\nhv90\projects\eech\debug\pi_list.cod
c:\users\nhv90\projects\eech\debug\pi_msgs.obj
c:\users\nhv90\projects\eech\debug\pi_msgs.cod
c:\users\nhv90\projects\eech\debug\pi_pack.obj
c:\users\nhv90\projects\eech\debug\pi_pack.cod
c:\users\nhv90\projects\eech\debug\pi_str.obj
c:\users\nhv90\projects\eech\debug\pi_str.cod
c:\users\nhv90\projects\eech\debug\regen.obj
c:\users\nhv90\projects\eech\debug\regen.cod
c:\users\nhv90\projects\eech\debug\rg_creat.obj
c:\users\nhv90\projects\eech\debug\rg_creat.cod
c:\users\nhv90\projects\eech\debug\rg_dstry.obj
c:\users\nhv90\projects\eech\debug\rg_dstry.cod
c:\users\nhv90\projects\eech\debug\rg_float.obj
c:\users\nhv90\projects\eech\debug\rg_float.cod
c:\users\nhv90\projects\eech\debug\rg_funcs.obj
c:\users\nhv90\projects\eech\debug\rg_funcs.cod
c:\users\nhv90\projects\eech\debug\rg_int.obj
c:\users\nhv90\projects\eech\debug\rg_int.cod
c:\users\nhv90\projects\eech\debug\rg_list.obj
c:\users\nhv90\projects\eech\debug\rg_list.cod
c:\users\nhv90\projects\eech\debug\rg_msgs.obj
c:\users\nhv90\projects\eech\debug\rg_msgs.cod
c:\users\nhv90\projects\eech\debug\rg_pack.obj
c:\users\nhv90\projects\eech\debug\rg_pack.cod
c:\users\nhv90\projects\eech\debug\rg_updt.obj
c:\users\nhv90\projects\eech\debug\rg_updt.cod
c:\users\nhv90\projects\eech\debug\rg_vec3d.obj
c:\users\nhv90\projects\eech\debug\rg_vec3d.cod
c:\users\nhv90\projects\eech\debug\ks_funcs.obj
c:\users\nhv90\projects\eech\debug\ks_funcs.cod
c:\users\nhv90\projects\eech\debug\ks_int.obj
c:\users\nhv90\projects\eech\debug\ks_int.cod
c:\users\nhv90\projects\eech\debug\ks_list.obj
c:\users\nhv90\projects\eech\debug\ks_list.cod
c:\users\nhv90\projects\eech\debug\ks_msgs.obj
c:\users\nhv90\projects\eech\debug\ks_msgs.cod
c:\users\nhv90\projects\eech\debug\ks_pack.obj
c:\users\nhv90\projects\eech\debug\ks_pack.cod
c:\users\nhv90\projects\eech\debug\ks_str.obj
c:\users\nhv90\projects\eech\debug\ks_str.cod
c:\users\nhv90\projects\eech\debug\ks_updt.obj
c:\users\nhv90\projects\eech\debug\ks_updt.cod
c:\users\nhv90\projects\eech\debug\ks_vec3d.obj
c:\users\nhv90\projects\eech\debug\ks_vec3d.cod
c:\users\nhv90\projects\eech\debug\landing.obj
c:\users\nhv90\projects\eech\debug\landing.cod
c:\users\nhv90\projects\eech\debug\ld_creat.obj
c:\users\nhv90\projects\eech\debug\ld_creat.cod
c:\users\nhv90\projects\eech\debug\ld_dstry.obj
c:\users\nhv90\projects\eech\debug\ld_dstry.cod
c:\users\nhv90\projects\eech\debug\ld_float.obj
c:\users\nhv90\projects\eech\debug\ld_float.cod
c:\users\nhv90\projects\eech\debug\ld_funcs.obj
c:\users\nhv90\projects\eech\debug\ld_funcs.cod
c:\users\nhv90\projects\eech\debug\ld_int.obj
c:\users\nhv90\projects\eech\debug\ld_int.cod
c:\users\nhv90\projects\eech\debug\ld_list.obj
c:\users\nhv90\projects\eech\debug\ld_list.cod
c:\users\nhv90\projects\eech\debug\ld_msgs.obj
c:\users\nhv90\projects\eech\debug\ld_msgs.cod
c:\users\nhv90\projects\eech\debug\ld_pack.obj
c:\users\nhv90\projects\eech\debug\ld_pack.cod
c:\users\nhv90\projects\eech\debug\ld_str.obj
c:\users\nhv90\projects\eech\debug\ld_str.cod
c:\users\nhv90\projects\eech\debug\ld_updt.obj
c:\users\nhv90\projects\eech\debug\ld_updt.cod
c:\users\nhv90\projects\eech\debug\ld_vec3d.obj
c:\users\nhv90\projects\eech\debug\ld_vec3d.cod
c:\users\nhv90\projects\eech\debug\gd_creat.obj
c:\users\nhv90\projects\eech\debug\gd_creat.cod
c:\users\nhv90\projects\eech\debug\gd_dbase.obj
c:\users\nhv90\projects\eech\debug\gd_dbase.cod
c:\users\nhv90\projects\eech\debug\gd_draw.obj
c:\users\nhv90\projects\eech\debug\gd_draw.cod
c:\users\nhv90\projects\eech\debug\gd_dstry.obj
c:\users\nhv90\projects\eech\debug\gd_dstry.cod
c:\users\nhv90\projects\eech\debug\gd_float.obj
c:\users\nhv90\projects\eech\debug\gd_float.cod
c:\users\nhv90\projects\eech\debug\gd_funcs.obj
c:\users\nhv90\projects\eech\debug\gd_funcs.cod
c:\users\nhv90\projects\eech\debug\gd_int.obj
c:\users\nhv90\projects\eech\debug\gd_int.cod
c:\users\nhv90\projects\eech\debug\gd_list.obj
c:\users\nhv90\projects\eech\debug\gd_list.cod
c:\users\nhv90\projects\eech\debug\gd_msgs.obj
c:\users\nhv90\projects\eech\debug\gd_msgs.cod
c:\users\nhv90\projects\eech\debug\gd_nav.obj
c:\users\nhv90\projects\eech\debug\gd_nav.cod
c:\users\nhv90\projects\eech\debug\gd_pack.obj
c:\users\nhv90\projects\eech\debug\gd_pack.cod
c:\users\nhv90\projects\eech\debug\gd_ptr.obj
c:\users\nhv90\projects\eech\debug\gd_ptr.cod
c:\users\nhv90\projects\eech\debug\gd_updt.obj
c:\users\nhv90\projects\eech\debug\gd_updt.cod
c:\users\nhv90\projects\eech\debug\gd_vec3d.obj
c:\users\nhv90\projects\eech\debug\gd_vec3d.cod
c:\users\nhv90\projects\eech\debug\guide.obj
c:\users\nhv90\projects\eech\debug\guide.cod
c:\users\nhv90\projects\eech\debug\keysite.obj
c:\users\nhv90\projects\eech\debug\keysite.cod
c:\users\nhv90\projects\eech\debug\ks_creat.obj
c:\users\nhv90\projects\eech\debug\ks_creat.cod
c:\users\nhv90\projects\eech\debug\ks_dbase.obj
c:\users\nhv90\projects\eech\debug\ks_dbase.cod
c:\users\nhv90\projects\eech\debug\ks_dstry.obj
c:\users\nhv90\projects\eech\debug\ks_dstry.cod
c:\users\nhv90\projects\eech\debug\ks_float.obj
c:\users\nhv90\projects\eech\debug\ks_float.cod
c:\users\nhv90\projects\eech\debug\fc_updt.obj
c:\users\nhv90\projects\eech\debug\fc_updt.cod
c:\users\nhv90\projects\eech\debug\force.obj
c:\users\nhv90\projects\eech\debug\force.cod
c:\users\nhv90\projects\eech\debug\gp_creat.obj
c:\users\nhv90\projects\eech\debug\gp_creat.cod
c:\users\nhv90\projects\eech\debug\gp_dbase.obj
c:\users\nhv90\projects\eech\debug\gp_dbase.cod
c:\users\nhv90\projects\eech\debug\gp_dstry.obj
c:\users\nhv90\projects\eech\debug\gp_dstry.cod
c:\users\nhv90\projects\eech\debug\gp_float.obj
c:\users\nhv90\projects\eech\debug\gp_float.cod
c:\users\nhv90\projects\eech\debug\gp_funcs.obj
c:\users\nhv90\projects\eech\debug\gp_funcs.cod
c:\users\nhv90\projects\eech\debug\gp_int.obj
c:\users\nhv90\projects\eech\debug\gp_int.cod
c:\users\nhv90\projects\eech\debug\gp_list.obj
c:\users\nhv90\projects\eech\debug\gp_list.cod
c:\users\nhv90\projects\eech\debug\gp_msgs.obj
c:\users\nhv90\projects\eech\debug\gp_msgs.cod
c:\users\nhv90\projects\eech\debug\gp_pack.obj
c:\users\nhv90\projects\eech\debug\gp_pack.cod
c:\users\nhv90\projects\eech\debug\gp_ptr.obj
c:\users\nhv90\projects\eech\debug\gp_ptr.cod
c:\users\nhv90\projects\eech\debug\gp_str.obj
c:\users\nhv90\projects\eech\debug\gp_str.cod
c:\users\nhv90\projects\eech\debug\gp_updt.obj
c:\users\nhv90\projects\eech\debug\gp_updt.cod
c:\users\nhv90\projects\eech\debug\gp_vec3d.obj
c:\users\nhv90\projects\eech\debug\gp_vec3d.cod
c:\users\nhv90\projects\eech\debug\group.obj
c:\users\nhv90\projects\eech\debug\group.cod
c:\users\nhv90\projects\eech\debug\aa_attck.obj
c:\users\nhv90\projects\eech\debug\aa_attck.cod
c:\users\nhv90\projects\eech\debug\ag_attck.obj
c:\users\nhv90\projects\eech\debug\ag_attck.cod
c:\users\nhv90\projects\eech\debug\gd_attck.obj
c:\users\nhv90\projects\eech\debug\gd_attck.cod
c:\users\nhv90\projects\eech\debug\gd_cover.obj
c:\users\nhv90\projects\eech\debug\gd_cover.cod
c:\users\nhv90\projects\eech\debug\sp_creat.obj
c:\users\nhv90\projects\eech\debug\sp_creat.cod
c:\users\nhv90\projects\eech\debug\sp_draw.obj
c:\users\nhv90\projects\eech\debug\sp_draw.cod
c:\users\nhv90\projects\eech\debug\sp_dstry.obj
c:\users\nhv90\projects\eech\debug\sp_dstry.cod
c:\users\nhv90\projects\eech\debug\sp_float.obj
c:\users\nhv90\projects\eech\debug\sp_float.cod
c:\users\nhv90\projects\eech\debug\sp_funcs.obj
c:\users\nhv90\projects\eech\debug\sp_funcs.cod
c:\users\nhv90\projects\eech\debug\sp_int.obj
c:\users\nhv90\projects\eech\debug\sp_int.cod
c:\users\nhv90\projects\eech\debug\sp_list.obj
c:\users\nhv90\projects\eech\debug\sp_list.cod
c:\users\nhv90\projects\eech\debug\sp_msgs.obj
c:\users\nhv90\projects\eech\debug\sp_msgs.cod
c:\users\nhv90\projects\eech\debug\sp_pack.obj
c:\users\nhv90\projects\eech\debug\sp_pack.cod
c:\users\nhv90\projects\eech\debug\sp_updt.obj
c:\users\nhv90\projects\eech\debug\sp_updt.cod
c:\users\nhv90\projects\eech\debug\sp_vec3d.obj
c:\users\nhv90\projects\eech\debug\sp_vec3d.cod
c:\users\nhv90\projects\eech\debug\fc_creat.obj
c:\users\nhv90\projects\eech\debug\fc_creat.cod
c:\users\nhv90\projects\eech\debug\fc_dstry.obj
c:\users\nhv90\projects\eech\debug\fc_dstry.cod
c:\users\nhv90\projects\eech\debug\fc_float.obj
c:\users\nhv90\projects\eech\debug\fc_float.cod
c:\users\nhv90\projects\eech\debug\fc_funcs.obj
c:\users\nhv90\projects\eech\debug\fc_funcs.cod
c:\users\nhv90\projects\eech\debug\fc_int.obj
c:\users\nhv90\projects\eech\debug\fc_int.cod
c:\users\nhv90\projects\eech\debug\fc_list.obj
c:\users\nhv90\projects\eech\debug\fc_list.cod
c:\users\nhv90\projects\eech\debug\fc_msgs.obj
c:\users\nhv90\projects\eech\debug\fc_msgs.cod
c:\users\nhv90\projects\eech\debug\fc_pack.obj
c:\users\nhv90\projects\eech\debug\fc_pack.cod
c:\users\nhv90\projects\eech\debug\fc_str.obj
c:\users\nhv90\projects\eech\debug\fc_str.cod
c:\users\nhv90\projects\eech\debug\se_move.obj
c:\users\nhv90\projects\eech\debug\se_move.cod
c:\users\nhv90\projects\eech\debug\se_msgs.obj
c:\users\nhv90\projects\eech\debug\se_msgs.cod
c:\users\nhv90\projects\eech\debug\se_pack.obj
c:\users\nhv90\projects\eech\debug\se_pack.cod
c:\users\nhv90\projects\eech\debug\se_ptr.obj
c:\users\nhv90\projects\eech\debug\se_ptr.cod
c:\users\nhv90\projects\eech\debug\se_snd.obj
c:\users\nhv90\projects\eech\debug\se_snd.cod
c:\users\nhv90\projects\eech\debug\se_updt.obj
c:\users\nhv90\projects\eech\debug\se_updt.cod
c:\users\nhv90\projects\eech\debug\se_vec3d.obj
c:\users\nhv90\projects\eech\debug\se_vec3d.cod
c:\users\nhv90\projects\eech\debug\soundeff.obj
c:\users\nhv90\projects\eech\debug\soundeff.cod
c:\users\nhv90\projects\eech\debug\spch_atc.obj
c:\users\nhv90\projects\eech\debug\spch_atc.cod
c:\users\nhv90\projects\eech\debug\spch_cal.obj
c:\users\nhv90\projects\eech\debug\spch_cal.cod
c:\users\nhv90\projects\eech\debug\spch_cpg.obj
c:\users\nhv90\projects\eech\debug\spch_cpg.cod
c:\users\nhv90\projects\eech\debug\spch_dis.obj
c:\users\nhv90\projects\eech\debug\spch_dis.cod
c:\users\nhv90\projects\eech\debug\spch_fac.obj
c:\users\nhv90\projects\eech\debug\spch_fac.cod
c:\users\nhv90\projects\eech\debug\spch_gc.obj
c:\users\nhv90\projects\eech\debug\spch_gc.cod
c:\users\nhv90\projects\eech\debug\spch_hdg.obj
c:\users\nhv90\projects\eech\debug\spch_hdg.cod
c:\users\nhv90\projects\eech\debug\spch_num.obj
c:\users\nhv90\projects\eech\debug\spch_num.cod
c:\users\nhv90\projects\eech\debug\spch_sys.obj
c:\users\nhv90\projects\eech\debug\spch_sys.cod
c:\users\nhv90\projects\eech\debug\spch_wmn.obj
c:\users\nhv90\projects\eech\debug\spch_wmn.cod
c:\users\nhv90\projects\eech\debug\speech.obj
c:\users\nhv90\projects\eech\debug\speech.cod
c:\users\nhv90\projects\eech\debug\sprite.obj
c:\users\nhv90\projects\eech\debug\sprite.cod
c:\users\nhv90\projects\eech\debug\sl_dbase.obj
c:\users\nhv90\projects\eech\debug\sl_dbase.cod
c:\users\nhv90\projects\eech\debug\sl_draw.obj
c:\users\nhv90\projects\eech\debug\sl_draw.cod
c:\users\nhv90\projects\eech\debug\sl_dstry.obj
c:\users\nhv90\projects\eech\debug\sl_dstry.cod
c:\users\nhv90\projects\eech\debug\sl_float.obj
c:\users\nhv90\projects\eech\debug\sl_float.cod
c:\users\nhv90\projects\eech\debug\sl_int.obj
c:\users\nhv90\projects\eech\debug\sl_int.cod
c:\users\nhv90\projects\eech\debug\sl_list.obj
c:\users\nhv90\projects\eech\debug\sl_list.cod
c:\users\nhv90\projects\eech\debug\sl_meta.obj
c:\users\nhv90\projects\eech\debug\sl_meta.cod
c:\users\nhv90\projects\eech\debug\sl_move.obj
c:\users\nhv90\projects\eech\debug\sl_move.cod
c:\users\nhv90\projects\eech\debug\sl_msgs.obj
c:\users\nhv90\projects\eech\debug\sl_msgs.cod
c:\users\nhv90\projects\eech\debug\sl_pack.obj
c:\users\nhv90\projects\eech\debug\sl_pack.cod
c:\users\nhv90\projects\eech\debug\sl_smokefuncs.obj
c:\users\nhv90\projects\eech\debug\sl_smokefuncs.cod
c:\users\nhv90\projects\eech\debug\sl_updt.obj
c:\users\nhv90\projects\eech\debug\sl_updt.cod
c:\users\nhv90\projects\eech\debug\sl_vec3d.obj
c:\users\nhv90\projects\eech\debug\sl_vec3d.cod
c:\users\nhv90\projects\eech\debug\smokelst.obj
c:\users\nhv90\projects\eech\debug\smokelst.cod
c:\users\nhv90\projects\eech\debug\se_creat.obj
c:\users\nhv90\projects\eech\debug\se_creat.cod
c:\users\nhv90\projects\eech\debug\se_dstry.obj
c:\users\nhv90\projects\eech\debug\se_dstry.cod
c:\users\nhv90\projects\eech\debug\se_float.obj
c:\users\nhv90\projects\eech\debug\se_float.cod
c:\users\nhv90\projects\eech\debug\se_funcs.obj
c:\users\nhv90\projects\eech\debug\se_funcs.cod
c:\users\nhv90\projects\eech\debug\se_int.obj
c:\users\nhv90\projects\eech\debug\se_int.cod
c:\users\nhv90\projects\eech\debug\se_list.obj
c:\users\nhv90\projects\eech\debug\se_list.cod
c:\users\nhv90\projects\eech\debug\xp_dstry.obj
c:\users\nhv90\projects\eech\debug\xp_dstry.cod
c:\users\nhv90\projects\eech\debug\xp_float.obj
c:\users\nhv90\projects\eech\debug\xp_float.cod
c:\users\nhv90\projects\eech\debug\xp_funcs.obj
c:\users\nhv90\projects\eech\debug\xp_funcs.cod
c:\users\nhv90\projects\eech\debug\xp_int.obj
c:\users\nhv90\projects\eech\debug\xp_int.cod
c:\users\nhv90\projects\eech\debug\xp_list.obj
c:\users\nhv90\projects\eech\debug\xp_list.cod
c:\users\nhv90\projects\eech\debug\xp_msgs.obj
c:\users\nhv90\projects\eech\debug\xp_msgs.cod
c:\users\nhv90\projects\eech\debug\xp_pack.obj
c:\users\nhv90\projects\eech\debug\xp_pack.cod
c:\users\nhv90\projects\eech\debug\xp_updt.obj
c:\users\nhv90\projects\eech\debug\xp_updt.cod
c:\users\nhv90\projects\eech\debug\xp_wpn.obj
c:\users\nhv90\projects\eech\debug\xp_wpn.cod
c:\users\nhv90\projects\eech\debug\pa_creat.obj
c:\users\nhv90\projects\eech\debug\pa_creat.cod
c:\users\nhv90\projects\eech\debug\pa_draw.obj
c:\users\nhv90\projects\eech\debug\pa_draw.cod
c:\users\nhv90\projects\eech\debug\pa_dstry.obj
c:\users\nhv90\projects\eech\debug\pa_dstry.cod
c:\users\nhv90\projects\eech\debug\pa_float.obj
c:\users\nhv90\projects\eech\debug\pa_float.cod
c:\users\nhv90\projects\eech\debug\pa_funcs.obj
c:\users\nhv90\projects\eech\debug\pa_funcs.cod
c:\users\nhv90\projects\eech\debug\pa_int.obj
c:\users\nhv90\projects\eech\debug\pa_int.cod
c:\users\nhv90\projects\eech\debug\pa_list.obj
c:\users\nhv90\projects\eech\debug\pa_list.cod
c:\users\nhv90\projects\eech\debug\pa_msgs.obj
c:\users\nhv90\projects\eech\debug\pa_msgs.cod
c:\users\nhv90\projects\eech\debug\pa_pack.obj
c:\users\nhv90\projects\eech\debug\pa_pack.cod
c:\users\nhv90\projects\eech\debug\pa_updt.obj
c:\users\nhv90\projects\eech\debug\pa_updt.cod
c:\users\nhv90\projects\eech\debug\sl_creat.obj
c:\users\nhv90\projects\eech\debug\sl_creat.cod
c:\users\nhv90\projects\eech\debug\dv_dstry.obj
c:\users\nhv90\projects\eech\debug\dv_dstry.cod
c:\users\nhv90\projects\eech\debug\dv_funcs.obj
c:\users\nhv90\projects\eech\debug\dv_funcs.cod
c:\users\nhv90\projects\eech\debug\dv_int.obj
c:\users\nhv90\projects\eech\debug\dv_int.cod
c:\users\nhv90\projects\eech\debug\dv_list.obj
c:\users\nhv90\projects\eech\debug\dv_list.cod
c:\users\nhv90\projects\eech\debug\dv_msgs.obj
c:\users\nhv90\projects\eech\debug\dv_msgs.cod
c:\users\nhv90\projects\eech\debug\dv_pack.obj
c:\users\nhv90\projects\eech\debug\dv_pack.cod
c:\users\nhv90\projects\eech\debug\dv_str.obj
c:\users\nhv90\projects\eech\debug\dv_str.cod
c:\users\nhv90\projects\eech\debug\downwash.obj
c:\users\nhv90\projects\eech\debug\downwash.cod
c:\users\nhv90\projects\eech\debug\dw_dbase.obj
c:\users\nhv90\projects\eech\debug\dw_dbase.cod
c:\users\nhv90\projects\eech\debug\ef_dbase.obj
c:\users\nhv90\projects\eech\debug\ef_dbase.cod
c:\users\nhv90\projects\eech\debug\ef_funcs.obj
c:\users\nhv90\projects\eech\debug\ef_funcs.cod
c:\users\nhv90\projects\eech\debug\ef_int.obj
c:\users\nhv90\projects\eech\debug\ef_int.cod
c:\users\nhv90\projects\eech\debug\ef_list.obj
c:\users\nhv90\projects\eech\debug\ef_list.cod
c:\users\nhv90\projects\eech\debug\ef_msgs.obj
c:\users\nhv90\projects\eech\debug\ef_msgs.cod
c:\users\nhv90\projects\eech\debug\ef_pack.obj
c:\users\nhv90\projects\eech\debug\ef_pack.cod
c:\users\nhv90\projects\eech\debug\ef_vec3d.obj
c:\users\nhv90\projects\eech\debug\ef_vec3d.cod
c:\users\nhv90\projects\eech\debug\explosn.obj
c:\users\nhv90\projects\eech\debug\explosn.cod
c:\users\nhv90\projects\eech\debug\xp_creat.obj
c:\users\nhv90\projects\eech\debug\xp_creat.cod
c:\users\nhv90\projects\eech\debug\xp_dbase.obj
c:\users\nhv90\projects\eech\debug\xp_dbase.cod
c:\users\nhv90\projects\eech\debug\xp_draw.obj
c:\users\nhv90\projects\eech\debug\xp_draw.cod
c:\users\nhv90\projects\eech\debug\cm_flyby.obj
c:\users\nhv90\projects\eech\debug\cm_flyby.cod
c:\users\nhv90\projects\eech\debug\cm_free.obj
c:\users\nhv90\projects\eech\debug\cm_free.cod
c:\users\nhv90\projects\eech\debug\cm_funcs.obj
c:\users\nhv90\projects\eech\debug\cm_funcs.cod
c:\users\nhv90\projects\eech\debug\cm_int.obj
c:\users\nhv90\projects\eech\debug\cm_int.cod
c:\users\nhv90\projects\eech\debug\cm_list.obj
c:\users\nhv90\projects\eech\debug\cm_list.cod
c:\users\nhv90\projects\eech\debug\cm_mode.obj
c:\users\nhv90\projects\eech\debug\cm_mode.cod
c:\users\nhv90\projects\eech\debug\cm_msgs.obj
c:\users\nhv90\projects\eech\debug\cm_msgs.cod
c:\users\nhv90\projects\eech\debug\cm_pack.obj
c:\users\nhv90\projects\eech\debug\cm_pack.cod
c:\users\nhv90\projects\eech\debug\cm_ptr.obj
c:\users\nhv90\projects\eech\debug\cm_ptr.cod
c:\users\nhv90\projects\eech\debug\cm_recog.obj
c:\users\nhv90\projects\eech\debug\cm_recog.cod
c:\users\nhv90\projects\eech\debug\cm_rvrs.obj
c:\users\nhv90\projects\eech\debug\cm_rvrs.cod
c:\users\nhv90\projects\eech\debug\cm_satel.obj
c:\users\nhv90\projects\eech\debug\cm_satel.cod
c:\users\nhv90\projects\eech\debug\cm_stat.obj
c:\users\nhv90\projects\eech\debug\cm_stat.cod
c:\users\nhv90\projects\eech\debug\cm_updt.obj
c:\users\nhv90\projects\eech\debug\cm_updt.cod
c:\users\nhv90\projects\eech\debug\cm_vec3d.obj
c:\users\nhv90\projects\eech\debug\cm_vec3d.cod
c:\users\nhv90\projects\eech\debug\cm_view.obj
c:\users\nhv90\projects\eech\debug\cm_view.cod
c:\users\nhv90\projects\eech\debug\cm_wpn.obj
c:\users\nhv90\projects\eech\debug\cm_wpn.cod
c:\users\nhv90\projects\eech\debug\division.obj
c:\users\nhv90\projects\eech\debug\division.cod
c:\users\nhv90\projects\eech\debug\dv_creat.obj
c:\users\nhv90\projects\eech\debug\dv_creat.cod
c:\users\nhv90\projects\eech\debug\dv_dbase.obj
c:\users\nhv90\projects\eech\debug\dv_dbase.cod
c:\users\nhv90\projects\eech\debug\br_list.obj
c:\users\nhv90\projects\eech\debug\br_list.cod
c:\users\nhv90\projects\eech\debug\br_msgs.obj
c:\users\nhv90\projects\eech\debug\br_msgs.cod
c:\users\nhv90\projects\eech\debug\br_pack.obj
c:\users\nhv90\projects\eech\debug\br_pack.cod
c:\users\nhv90\projects\eech\debug\br_str.obj
c:\users\nhv90\projects\eech\debug\br_str.cod
c:\users\nhv90\projects\eech\debug\br_vec3d.obj
c:\users\nhv90\projects\eech\debug\br_vec3d.cod
c:\users\nhv90\projects\eech\debug\camera.obj
c:\users\nhv90\projects\eech\debug\camera.cod
c:\users\nhv90\projects\eech\debug\cm_actn.obj
c:\users\nhv90\projects\eech\debug\cm_actn.cod
c:\users\nhv90\projects\eech\debug\cm_att.obj
c:\users\nhv90\projects\eech\debug\cm_att.cod
c:\users\nhv90\projects\eech\debug\cm_auto.obj
c:\users\nhv90\projects\eech\debug\cm_auto.cod
c:\users\nhv90\projects\eech\debug\cm_build.obj
c:\users\nhv90\projects\eech\debug\cm_build.cod
c:\users\nhv90\projects\eech\debug\cm_chase.obj
c:\users\nhv90\projects\eech\debug\cm_chase.cod
c:\users\nhv90\projects\eech\debug\cm_cine.obj
c:\users\nhv90\projects\eech\debug\cm_cine.cod
c:\users\nhv90\projects\eech\debug\cm_creat.obj
c:\users\nhv90\projects\eech\debug\cm_creat.cod
c:\users\nhv90\projects\eech\debug\cm_dbrf.obj
c:\users\nhv90\projects\eech\debug\cm_dbrf.cod
c:\users\nhv90\projects\eech\debug\cm_drop.obj
c:\users\nhv90\projects\eech\debug\cm_drop.cod
c:\users\nhv90\projects\eech\debug\cm_dstry.obj
c:\users\nhv90\projects\eech\debug\cm_dstry.cod
c:\users\nhv90\projects\eech\debug\cm_eject.obj
c:\users\nhv90\projects\eech\debug\cm_eject.cod
c:\users\nhv90\projects\eech\debug\cm_end.obj
c:\users\nhv90\projects\eech\debug\cm_end.cod
c:\users\nhv90\projects\eech\debug\cm_explo.obj
c:\users\nhv90\projects\eech\debug\cm_explo.cod
c:\users\nhv90\projects\eech\debug\cm_float.obj
c:\users\nhv90\projects\eech\debug\cm_float.cod
c:\users\nhv90\projects\eech\debug\wn_int.obj
c:\users\nhv90\projects\eech\debug\wn_int.cod
c:\users\nhv90\projects\eech\debug\wn_list.obj
c:\users\nhv90\projects\eech\debug\wn_list.cod
c:\users\nhv90\projects\eech\debug\wn_load.obj
c:\users\nhv90\projects\eech\debug\wn_load.cod
c:\users\nhv90\projects\eech\debug\wn_misc.obj
c:\users\nhv90\projects\eech\debug\wn_misc.cod
c:\users\nhv90\projects\eech\debug\wn_move.obj
c:\users\nhv90\projects\eech\debug\wn_move.cod
c:\users\nhv90\projects\eech\debug\wn_msgs.obj
c:\users\nhv90\projects\eech\debug\wn_msgs.cod
c:\users\nhv90\projects\eech\debug\wn_pack.obj
c:\users\nhv90\projects\eech\debug\wn_pack.cod
c:\users\nhv90\projects\eech\debug\wn_selct.obj
c:\users\nhv90\projects\eech\debug\wn_selct.cod
c:\users\nhv90\projects\eech\debug\wn_spch.obj
c:\users\nhv90\projects\eech\debug\wn_spch.cod
c:\users\nhv90\projects\eech\debug\wn_str.obj
c:\users\nhv90\projects\eech\debug\wn_str.cod
c:\users\nhv90\projects\eech\debug\wn_tgt.obj
c:\users\nhv90\projects\eech\debug\wn_tgt.cod
c:\users\nhv90\projects\eech\debug\wn_updt.obj
c:\users\nhv90\projects\eech\debug\wn_updt.cod
c:\users\nhv90\projects\eech\debug\wn_vec3d.obj
c:\users\nhv90\projects\eech\debug\wn_vec3d.cod
c:\users\nhv90\projects\eech\debug\bridge.obj
c:\users\nhv90\projects\eech\debug\bridge.cod
c:\users\nhv90\projects\eech\debug\br_creat.obj
c:\users\nhv90\projects\eech\debug\br_creat.cod
c:\users\nhv90\projects\eech\debug\br_dbase.obj
c:\users\nhv90\projects\eech\debug\br_dbase.cod
c:\users\nhv90\projects\eech\debug\br_dstry.obj
c:\users\nhv90\projects\eech\debug\br_dstry.cod
c:\users\nhv90\projects\eech\debug\br_float.obj
c:\users\nhv90\projects\eech\debug\br_float.cod
c:\users\nhv90\projects\eech\debug\br_funcs.obj
c:\users\nhv90\projects\eech\debug\br_funcs.cod
c:\users\nhv90\projects\eech\debug\br_int.obj
c:\users\nhv90\projects\eech\debug\br_int.cod
c:\users\nhv90\projects\eech\debug\vh_int.obj
c:\users\nhv90\projects\eech\debug\vh_int.cod
c:\users\nhv90\projects\eech\debug\vh_list.obj
c:\users\nhv90\projects\eech\debug\vh_list.cod
c:\users\nhv90\projects\eech\debug\vh_msgs.obj
c:\users\nhv90\projects\eech\debug\vh_msgs.cod
c:\users\nhv90\projects\eech\debug\vh_pack.obj
c:\users\nhv90\projects\eech\debug\vh_pack.cod
c:\users\nhv90\projects\eech\debug\vh_ptr.obj
c:\users\nhv90\projects\eech\debug\vh_ptr.cod
c:\users\nhv90\projects\eech\debug\vh_str.obj
c:\users\nhv90\projects\eech\debug\vh_str.cod
c:\users\nhv90\projects\eech\debug\vh_tgt.obj
c:\users\nhv90\projects\eech\debug\vh_tgt.cod
c:\users\nhv90\projects\eech\debug\vh_vec3d.obj
c:\users\nhv90\projects\eech\debug\vh_vec3d.cod
c:\users\nhv90\projects\eech\debug\vh_wpn.obj
c:\users\nhv90\projects\eech\debug\vh_wpn.cod
c:\users\nhv90\projects\eech\debug\damage.obj
c:\users\nhv90\projects\eech\debug\damage.cod
c:\users\nhv90\projects\eech\debug\weapon.obj
c:\users\nhv90\projects\eech\debug\weapon.cod
c:\users\nhv90\projects\eech\debug\wn_anim.obj
c:\users\nhv90\projects\eech\debug\wn_anim.cod
c:\users\nhv90\projects\eech\debug\wn_cllsn.obj
c:\users\nhv90\projects\eech\debug\wn_cllsn.cod
c:\users\nhv90\projects\eech\debug\wn_creat.obj
c:\users\nhv90\projects\eech\debug\wn_creat.cod
c:\users\nhv90\projects\eech\debug\wn_dbase.obj
c:\users\nhv90\projects\eech\debug\wn_dbase.cod
c:\users\nhv90\projects\eech\debug\wn_decoy.obj
c:\users\nhv90\projects\eech\debug\wn_decoy.cod
c:\users\nhv90\projects\eech\debug\wn_draw.obj
c:\users\nhv90\projects\eech\debug\wn_draw.cod
c:\users\nhv90\projects\eech\debug\wn_dstry.obj
c:\users\nhv90\projects\eech\debug\wn_dstry.cod
c:\users\nhv90\projects\eech\debug\wn_float.obj
c:\users\nhv90\projects\eech\debug\wn_float.cod
c:\users\nhv90\projects\eech\debug\wn_funcs.obj
c:\users\nhv90\projects\eech\debug\wn_funcs.cod
c:\users\nhv90\projects\eech\debug\rv_msgs.obj
c:\users\nhv90\projects\eech\debug\rv_msgs.cod
c:\users\nhv90\projects\eech\debug\rv_pack.obj
c:\users\nhv90\projects\eech\debug\rv_pack.cod
c:\users\nhv90\projects\eech\debug\rv_updt.obj
c:\users\nhv90\projects\eech\debug\rv_updt.cod
c:\users\nhv90\projects\eech\debug\ship.obj
c:\users\nhv90\projects\eech\debug\ship.cod
c:\users\nhv90\projects\eech\debug\sh_anim.obj
c:\users\nhv90\projects\eech\debug\sh_anim.cod
c:\users\nhv90\projects\eech\debug\sh_creat.obj
c:\users\nhv90\projects\eech\debug\sh_creat.cod
c:\users\nhv90\projects\eech\debug\sh_draw.obj
c:\users\nhv90\projects\eech\debug\sh_draw.cod
c:\users\nhv90\projects\eech\debug\sh_dstry.obj
c:\users\nhv90\projects\eech\debug\sh_dstry.cod
c:\users\nhv90\projects\eech\debug\sh_float.obj
c:\users\nhv90\projects\eech\debug\sh_float.cod
c:\users\nhv90\projects\eech\debug\sh_funcs.obj
c:\users\nhv90\projects\eech\debug\sh_funcs.cod
c:\users\nhv90\projects\eech\debug\sh_int.obj
c:\users\nhv90\projects\eech\debug\sh_int.cod
c:\users\nhv90\projects\eech\debug\sh_move.obj
c:\users\nhv90\projects\eech\debug\sh_move.cod
c:\users\nhv90\projects\eech\debug\sh_msgs.obj
c:\users\nhv90\projects\eech\debug\sh_msgs.cod
c:\users\nhv90\projects\eech\debug\sh_pack.obj
c:\users\nhv90\projects\eech\debug\sh_pack.cod
c:\users\nhv90\projects\eech\debug\sh_updt.obj
c:\users\nhv90\projects\eech\debug\sh_updt.cod
c:\users\nhv90\projects\eech\debug\vehicle.obj
c:\users\nhv90\projects\eech\debug\vehicle.cod
c:\users\nhv90\projects\eech\debug\vh_anim.obj
c:\users\nhv90\projects\eech\debug\vh_anim.cod
c:\users\nhv90\projects\eech\debug\vh_dbase.obj
c:\users\nhv90\projects\eech\debug\vh_dbase.cod
c:\users\nhv90\projects\eech\debug\vh_float.obj
c:\users\nhv90\projects\eech\debug\vh_float.cod
c:\users\nhv90\projects\eech\debug\vh_funcs.obj
c:\users\nhv90\projects\eech\debug\vh_funcs.cod
c:\users\nhv90\projects\eech\debug\ps_anim.obj
c:\users\nhv90\projects\eech\debug\ps_anim.cod
c:\users\nhv90\projects\eech\debug\ps_creat.obj
c:\users\nhv90\projects\eech\debug\ps_creat.cod
c:\users\nhv90\projects\eech\debug\ps_draw.obj
c:\users\nhv90\projects\eech\debug\ps_draw.cod
c:\users\nhv90\projects\eech\debug\ps_dstry.obj
c:\users\nhv90\projects\eech\debug\ps_dstry.cod
c:\users\nhv90\projects\eech\debug\ps_float.obj
c:\users\nhv90\projects\eech\debug\ps_float.cod
c:\users\nhv90\projects\eech\debug\ps_funcs.obj
c:\users\nhv90\projects\eech\debug\ps_funcs.cod
c:\users\nhv90\projects\eech\debug\ps_int.obj
c:\users\nhv90\projects\eech\debug\ps_int.cod
c:\users\nhv90\projects\eech\debug\ps_move.obj
c:\users\nhv90\projects\eech\debug\ps_move.cod
c:\users\nhv90\projects\eech\debug\ps_msgs.obj
c:\users\nhv90\projects\eech\debug\ps_msgs.cod
c:\users\nhv90\projects\eech\debug\ps_pack.obj
c:\users\nhv90\projects\eech\debug\ps_pack.cod
c:\users\nhv90\projects\eech\debug\ps_updt.obj
c:\users\nhv90\projects\eech\debug\ps_updt.cod
c:\users\nhv90\projects\eech\debug\routed.obj
c:\users\nhv90\projects\eech\debug\routed.cod
c:\users\nhv90\projects\eech\debug\rv_anim.obj
c:\users\nhv90\projects\eech\debug\rv_anim.cod
c:\users\nhv90\projects\eech\debug\rv_creat.obj
c:\users\nhv90\projects\eech\debug\rv_creat.cod
c:\users\nhv90\projects\eech\debug\rv_draw.obj
c:\users\nhv90\projects\eech\debug\rv_draw.cod
c:\users\nhv90\projects\eech\debug\rv_dstry.obj
c:\users\nhv90\projects\eech\debug\rv_dstry.cod
c:\users\nhv90\projects\eech\debug\rv_float.obj
c:\users\nhv90\projects\eech\debug\rv_float.cod
c:\users\nhv90\projects\eech\debug\rv_funcs.obj
c:\users\nhv90\projects\eech\debug\rv_funcs.cod
c:\users\nhv90\projects\eech\debug\rv_int.obj
c:\users\nhv90\projects\eech\debug\rv_int.cod
c:\users\nhv90\projects\eech\debug\rv_move.obj
c:\users\nhv90\projects\eech\debug\rv_move.cod
c:\users\nhv90\projects\eech\debug\mb_funcs.obj
c:\users\nhv90\projects\eech\debug\mb_funcs.cod
c:\users\nhv90\projects\eech\debug\mb_int.obj
c:\users\nhv90\projects\eech\debug\mb_int.cod
c:\users\nhv90\projects\eech\debug\mb_list.obj
c:\users\nhv90\projects\eech\debug\mb_list.cod
c:\users\nhv90\projects\eech\debug\mb_move.obj
c:\users\nhv90\projects\eech\debug\mb_move.cod
c:\users\nhv90\projects\eech\debug\mb_msgs.obj
c:\users\nhv90\projects\eech\debug\mb_msgs.cod
c:\users\nhv90\projects\eech\debug\mb_pack.obj
c:\users\nhv90\projects\eech\debug\mb_pack.cod
c:\users\nhv90\projects\eech\debug\mb_tgt.obj
c:\users\nhv90\projects\eech\debug\mb_tgt.cod
c:\users\nhv90\projects\eech\debug\mb_vec3d.obj
c:\users\nhv90\projects\eech\debug\mb_vec3d.cod
c:\users\nhv90\projects\eech\debug\mobile.obj
c:\users\nhv90\projects\eech\debug\mobile.cod
c:\users\nhv90\projects\eech\debug\aa_anim.obj
c:\users\nhv90\projects\eech\debug\aa_anim.cod
c:\users\nhv90\projects\eech\debug\aa_creat.obj
c:\users\nhv90\projects\eech\debug\aa_creat.cod
c:\users\nhv90\projects\eech\debug\aa_draw.obj
c:\users\nhv90\projects\eech\debug\aa_draw.cod
c:\users\nhv90\projects\eech\debug\aa_dstry.obj
c:\users\nhv90\projects\eech\debug\aa_dstry.cod
c:\users\nhv90\projects\eech\debug\aa_funcs.obj
c:\users\nhv90\projects\eech\debug\aa_funcs.cod
c:\users\nhv90\projects\eech\debug\aa_int.obj
c:\users\nhv90\projects\eech\debug\aa_int.cod
c:\users\nhv90\projects\eech\debug\aa_msgs.obj
c:\users\nhv90\projects\eech\debug\aa_msgs.cod
c:\users\nhv90\projects\eech\debug\aa_pack.obj
c:\users\nhv90\projects\eech\debug\aa_pack.cod
c:\users\nhv90\projects\eech\debug\aa_updt.obj
c:\users\nhv90\projects\eech\debug\aa_updt.cod
c:\users\nhv90\projects\eech\debug\anti_air.obj
c:\users\nhv90\projects\eech\debug\anti_air.cod
c:\users\nhv90\projects\eech\debug\person.obj
c:\users\nhv90\projects\eech\debug\person.cod
c:\users\nhv90\projects\eech\debug\hc_move.obj
c:\users\nhv90\projects\eech\debug\hc_move.cod
c:\users\nhv90\projects\eech\debug\hc_msgs.obj
c:\users\nhv90\projects\eech\debug\hc_msgs.cod
c:\users\nhv90\projects\eech\debug\hc_pack.obj
c:\users\nhv90\projects\eech\debug\hc_pack.cod
c:\users\nhv90\projects\eech\debug\hc_tgt.obj
c:\users\nhv90\projects\eech\debug\hc_tgt.cod
c:\users\nhv90\projects\eech\debug\hc_updt.obj
c:\users\nhv90\projects\eech\debug\hc_updt.cod
c:\users\nhv90\projects\eech\debug\hc_vec3d.obj
c:\users\nhv90\projects\eech\debug\hc_vec3d.cod
c:\users\nhv90\projects\eech\debug\helicop.obj
c:\users\nhv90\projects\eech\debug\helicop.cod
c:\users\nhv90\projects\eech\debug\cg_creat.obj
c:\users\nhv90\projects\eech\debug\cg_creat.cod
c:\users\nhv90\projects\eech\debug\cg_draw.obj
c:\users\nhv90\projects\eech\debug\cg_draw.cod
c:\users\nhv90\projects\eech\debug\cg_dstry.obj
c:\users\nhv90\projects\eech\debug\cg_dstry.cod
c:\users\nhv90\projects\eech\debug\cg_funcs.obj
c:\users\nhv90\projects\eech\debug\cg_funcs.cod
c:\users\nhv90\projects\eech\debug\cg_int.obj
c:\users\nhv90\projects\eech\debug\cg_int.cod
c:\users\nhv90\projects\eech\debug\cg_list.obj
c:\users\nhv90\projects\eech\debug\cg_list.cod
c:\users\nhv90\projects\eech\debug\cg_move.obj
c:\users\nhv90\projects\eech\debug\cg_move.cod
c:\users\nhv90\projects\eech\debug\cg_msgs.obj
c:\users\nhv90\projects\eech\debug\cg_msgs.cod
c:\users\nhv90\projects\eech\debug\cg_pack.obj
c:\users\nhv90\projects\eech\debug\cg_pack.cod
c:\users\nhv90\projects\eech\debug\cg_ptr.obj
c:\users\nhv90\projects\eech\debug\cg_ptr.cod
c:\users\nhv90\projects\eech\debug\cg_updt.obj
c:\users\nhv90\projects\eech\debug\cg_updt.cod
c:\users\nhv90\projects\eech\debug\mb_att.obj
c:\users\nhv90\projects\eech\debug\mb_att.cod
c:\users\nhv90\projects\eech\debug\mb_float.obj
c:\users\nhv90\projects\eech\debug\mb_float.cod
c:\users\nhv90\projects\eech\debug\fw_creat.obj
c:\users\nhv90\projects\eech\debug\fw_creat.cod
c:\users\nhv90\projects\eech\debug\fw_draw.obj
c:\users\nhv90\projects\eech\debug\fw_draw.cod
c:\users\nhv90\projects\eech\debug\fw_dstry.obj
c:\users\nhv90\projects\eech\debug\fw_dstry.cod
c:\users\nhv90\projects\eech\debug\fw_float.obj
c:\users\nhv90\projects\eech\debug\fw_float.cod
c:\users\nhv90\projects\eech\debug\fw_funcs.obj
c:\users\nhv90\projects\eech\debug\fw_funcs.cod
c:\users\nhv90\projects\eech\debug\fw_int.obj
c:\users\nhv90\projects\eech\debug\fw_int.cod
c:\users\nhv90\projects\eech\debug\fw_list.obj
c:\users\nhv90\projects\eech\debug\fw_list.cod
c:\users\nhv90\projects\eech\debug\fw_move.obj
c:\users\nhv90\projects\eech\debug\fw_move.cod
c:\users\nhv90\projects\eech\debug\fw_msgs.obj
c:\users\nhv90\projects\eech\debug\fw_msgs.cod
c:\users\nhv90\projects\eech\debug\fw_pack.obj
c:\users\nhv90\projects\eech\debug\fw_pack.cod
c:\users\nhv90\projects\eech\debug\fw_tgt.obj
c:\users\nhv90\projects\eech\debug\fw_tgt.cod
c:\users\nhv90\projects\eech\debug\fw_updt.obj
c:\users\nhv90\projects\eech\debug\fw_updt.cod
c:\users\nhv90\projects\eech\debug\hc_anim.obj
c:\users\nhv90\projects\eech\debug\hc_anim.cod
c:\users\nhv90\projects\eech\debug\hc_creat.obj
c:\users\nhv90\projects\eech\debug\hc_creat.cod
c:\users\nhv90\projects\eech\debug\hc_draw.obj
c:\users\nhv90\projects\eech\debug\hc_draw.cod
c:\users\nhv90\projects\eech\debug\hc_dstry.obj
c:\users\nhv90\projects\eech\debug\hc_dstry.cod
c:\users\nhv90\projects\eech\debug\hc_float.obj
c:\users\nhv90\projects\eech\debug\hc_float.cod
c:\users\nhv90\projects\eech\debug\hc_funcs.obj
c:\users\nhv90\projects\eech\debug\hc_funcs.cod
c:\users\nhv90\projects\eech\debug\hc_int.obj
c:\users\nhv90\projects\eech\debug\hc_int.cod
c:\users\nhv90\projects\eech\debug\hc_list.obj
c:\users\nhv90\projects\eech\debug\hc_list.cod
c:\users\nhv90\projects\eech\debug\st_int.obj
c:\users\nhv90\projects\eech\debug\st_int.cod
c:\users\nhv90\projects\eech\debug\st_list.obj
c:\users\nhv90\projects\eech\debug\st_list.cod
c:\users\nhv90\projects\eech\debug\st_msgs.obj
c:\users\nhv90\projects\eech\debug\st_msgs.cod
c:\users\nhv90\projects\eech\debug\st_pack.obj
c:\users\nhv90\projects\eech\debug\st_pack.cod
c:\users\nhv90\projects\eech\debug\ac_anim.obj
c:\users\nhv90\projects\eech\debug\ac_anim.cod
c:\users\nhv90\projects\eech\debug\ac_dbase.obj
c:\users\nhv90\projects\eech\debug\ac_dbase.cod
c:\users\nhv90\projects\eech\debug\ac_float.obj
c:\users\nhv90\projects\eech\debug\ac_float.cod
c:\users\nhv90\projects\eech\debug\ac_funcs.obj
c:\users\nhv90\projects\eech\debug\ac_funcs.cod
c:\users\nhv90\projects\eech\debug\ac_int.obj
c:\users\nhv90\projects\eech\debug\ac_int.cod
c:\users\nhv90\projects\eech\debug\ac_list.obj
c:\users\nhv90\projects\eech\debug\ac_list.cod
c:\users\nhv90\projects\eech\debug\ac_msgs.obj
c:\users\nhv90\projects\eech\debug\ac_msgs.cod
c:\users\nhv90\projects\eech\debug\ac_pack.obj
c:\users\nhv90\projects\eech\debug\ac_pack.cod
c:\users\nhv90\projects\eech\debug\ac_ptr.obj
c:\users\nhv90\projects\eech\debug\ac_ptr.cod
c:\users\nhv90\projects\eech\debug\ac_str.obj
c:\users\nhv90\projects\eech\debug\ac_str.cod
c:\users\nhv90\projects\eech\debug\ac_tgt.obj
c:\users\nhv90\projects\eech\debug\ac_tgt.cod
c:\users\nhv90\projects\eech\debug\ac_vec3d.obj
c:\users\nhv90\projects\eech\debug\ac_vec3d.cod
c:\users\nhv90\projects\eech\debug\ac_wpn.obj
c:\users\nhv90\projects\eech\debug\ac_wpn.cod
c:\users\nhv90\projects\eech\debug\aircraft.obj
c:\users\nhv90\projects\eech\debug\aircraft.cod
c:\users\nhv90\projects\eech\debug\fixwing.obj
c:\users\nhv90\projects\eech\debug\fixwing.cod
c:\users\nhv90\projects\eech\debug\fw_anim.obj
c:\users\nhv90\projects\eech\debug\fw_anim.cod
c:\users\nhv90\projects\eech\debug\sg_list.obj
c:\users\nhv90\projects\eech\debug\sg_list.cod
c:\users\nhv90\projects\eech\debug\sg_msgs.obj
c:\users\nhv90\projects\eech\debug\sg_msgs.cod
c:\users\nhv90\projects\eech\debug\sg_pack.obj
c:\users\nhv90\projects\eech\debug\sg_pack.cod
c:\users\nhv90\projects\eech\debug\sg_updt.obj
c:\users\nhv90\projects\eech\debug\sg_updt.cod
c:\users\nhv90\projects\eech\debug\su_anim.obj
c:\users\nhv90\projects\eech\debug\su_anim.cod
c:\users\nhv90\projects\eech\debug\su_creat.obj
c:\users\nhv90\projects\eech\debug\su_creat.cod
c:\users\nhv90\projects\eech\debug\su_draw.obj
c:\users\nhv90\projects\eech\debug\su_draw.cod
c:\users\nhv90\projects\eech\debug\su_dstry.obj
c:\users\nhv90\projects\eech\debug\su_dstry.cod
c:\users\nhv90\projects\eech\debug\su_float.obj
c:\users\nhv90\projects\eech\debug\su_float.cod
c:\users\nhv90\projects\eech\debug\su_funcs.obj
c:\users\nhv90\projects\eech\debug\su_funcs.cod
c:\users\nhv90\projects\eech\debug\su_int.obj
c:\users\nhv90\projects\eech\debug\su_int.cod
c:\users\nhv90\projects\eech\debug\su_list.obj
c:\users\nhv90\projects\eech\debug\su_list.cod
c:\users\nhv90\projects\eech\debug\su_msgs.obj
c:\users\nhv90\projects\eech\debug\su_msgs.cod
c:\users\nhv90\projects\eech\debug\su_pack.obj
c:\users\nhv90\projects\eech\debug\su_pack.cod
c:\users\nhv90\projects\eech\debug\su_updt.obj
c:\users\nhv90\projects\eech\debug\su_updt.cod
c:\users\nhv90\projects\eech\debug\st_creat.obj
c:\users\nhv90\projects\eech\debug\st_creat.cod
c:\users\nhv90\projects\eech\debug\st_draw.obj
c:\users\nhv90\projects\eech\debug\st_draw.cod
c:\users\nhv90\projects\eech\debug\st_dstry.obj
c:\users\nhv90\projects\eech\debug\st_dstry.cod
c:\users\nhv90\projects\eech\debug\st_float.obj
c:\users\nhv90\projects\eech\debug\st_float.cod
c:\users\nhv90\projects\eech\debug\st_funcs.obj
c:\users\nhv90\projects\eech\debug\st_funcs.cod
c:\users\nhv90\projects\eech\debug\py_int.obj
c:\users\nhv90\projects\eech\debug\py_int.cod
c:\users\nhv90\projects\eech\debug\py_msgs.obj
c:\users\nhv90\projects\eech\debug\py_msgs.cod
c:\users\nhv90\projects\eech\debug\py_pack.obj
c:\users\nhv90\projects\eech\debug\py_pack.cod
c:\users\nhv90\projects\eech\debug\py_ptr.obj
c:\users\nhv90\projects\eech\debug\py_ptr.cod
c:\users\nhv90\projects\eech\debug\sn_creat.obj
c:\users\nhv90\projects\eech\debug\sn_creat.cod
c:\users\nhv90\projects\eech\debug\sn_draw.obj
c:\users\nhv90\projects\eech\debug\sn_draw.cod
c:\users\nhv90\projects\eech\debug\sn_dstry.obj
c:\users\nhv90\projects\eech\debug\sn_dstry.cod
c:\users\nhv90\projects\eech\debug\sn_float.obj
c:\users\nhv90\projects\eech\debug\sn_float.cod
c:\users\nhv90\projects\eech\debug\sn_funcs.obj
c:\users\nhv90\projects\eech\debug\sn_funcs.cod
c:\users\nhv90\projects\eech\debug\sn_int.obj
c:\users\nhv90\projects\eech\debug\sn_int.cod
c:\users\nhv90\projects\eech\debug\sn_msgs.obj
c:\users\nhv90\projects\eech\debug\sn_msgs.cod
c:\users\nhv90\projects\eech\debug\sn_pack.obj
c:\users\nhv90\projects\eech\debug\sn_pack.cod
c:\users\nhv90\projects\eech\debug\segment.obj
c:\users\nhv90\projects\eech\debug\segment.cod
c:\users\nhv90\projects\eech\debug\sg_creat.obj
c:\users\nhv90\projects\eech\debug\sg_creat.cod
c:\users\nhv90\projects\eech\debug\sg_dbase.obj
c:\users\nhv90\projects\eech\debug\sg_dbase.cod
c:\users\nhv90\projects\eech\debug\sg_draw.obj
c:\users\nhv90\projects\eech\debug\sg_draw.cod
c:\users\nhv90\projects\eech\debug\sg_dstry.obj
c:\users\nhv90\projects\eech\debug\sg_dstry.cod
c:\users\nhv90\projects\eech\debug\sg_float.obj
c:\users\nhv90\projects\eech\debug\sg_float.cod
c:\users\nhv90\projects\eech\debug\sg_funcs.obj
c:\users\nhv90\projects\eech\debug\sg_funcs.cod
c:\users\nhv90\projects\eech\debug\sg_int.obj
c:\users\nhv90\projects\eech\debug\sg_int.cod
c:\users\nhv90\projects\eech\debug\fx_list.obj
c:\users\nhv90\projects\eech\debug\fx_list.cod
c:\users\nhv90\projects\eech\debug\fx_msgs.obj
c:\users\nhv90\projects\eech\debug\fx_msgs.cod
c:\users\nhv90\projects\eech\debug\fx_objdb.obj
c:\users\nhv90\projects\eech\debug\fx_objdb.cod
c:\users\nhv90\projects\eech\debug\fx_pack.obj
c:\users\nhv90\projects\eech\debug\fx_pack.cod
c:\users\nhv90\projects\eech\debug\fx_str.obj
c:\users\nhv90\projects\eech\debug\fx_str.cod
c:\users\nhv90\projects\eech\debug\fx_vec3d.obj
c:\users\nhv90\projects\eech\debug\fx_vec3d.cod
c:\users\nhv90\projects\eech\debug\ob_creat.obj
c:\users\nhv90\projects\eech\debug\ob_creat.cod
c:\users\nhv90\projects\eech\debug\ob_draw.obj
c:\users\nhv90\projects\eech\debug\ob_draw.cod
c:\users\nhv90\projects\eech\debug\ob_dstry.obj
c:\users\nhv90\projects\eech\debug\ob_dstry.cod
c:\users\nhv90\projects\eech\debug\ob_funcs.obj
c:\users\nhv90\projects\eech\debug\ob_funcs.cod
c:\users\nhv90\projects\eech\debug\ob_msgs.obj
c:\users\nhv90\projects\eech\debug\ob_msgs.cod
c:\users\nhv90\projects\eech\debug\ob_pack.obj
c:\users\nhv90\projects\eech\debug\ob_pack.cod
c:\users\nhv90\projects\eech\debug\ob_vec3d.obj
c:\users\nhv90\projects\eech\debug\ob_vec3d.cod
c:\users\nhv90\projects\eech\debug\pylon.obj
c:\users\nhv90\projects\eech\debug\pylon.cod
c:\users\nhv90\projects\eech\debug\py_creat.obj
c:\users\nhv90\projects\eech\debug\py_creat.cod
c:\users\nhv90\projects\eech\debug\py_dbase.obj
c:\users\nhv90\projects\eech\debug\py_dbase.cod
c:\users\nhv90\projects\eech\debug\py_draw.obj
c:\users\nhv90\projects\eech\debug\py_draw.cod
c:\users\nhv90\projects\eech\debug\py_dstry.obj
c:\users\nhv90\projects\eech\debug\py_dstry.cod
c:\users\nhv90\projects\eech\debug\py_float.obj
c:\users\nhv90\projects\eech\debug\py_float.cod
c:\users\nhv90\projects\eech\debug\py_funcs.obj
c:\users\nhv90\projects\eech\debug\py_funcs.cod
c:\users\nhv90\projects\eech\debug\ct_int.obj
c:\users\nhv90\projects\eech\debug\ct_int.cod
c:\users\nhv90\projects\eech\debug\ct_list.obj
c:\users\nhv90\projects\eech\debug\ct_list.cod
c:\users\nhv90\projects\eech\debug\ct_msgs.obj
c:\users\nhv90\projects\eech\debug\ct_msgs.cod
c:\users\nhv90\projects\eech\debug\ct_pack.obj
c:\users\nhv90\projects\eech\debug\ct_pack.cod
c:\users\nhv90\projects\eech\debug\ct_vec3d.obj
c:\users\nhv90\projects\eech\debug\ct_vec3d.cod
c:\users\nhv90\projects\eech\debug\cr_creat.obj
c:\users\nhv90\projects\eech\debug\cr_creat.cod
c:\users\nhv90\projects\eech\debug\cr_dbase.obj
c:\users\nhv90\projects\eech\debug\cr_dbase.cod
c:\users\nhv90\projects\eech\debug\cr_draw.obj
c:\users\nhv90\projects\eech\debug\cr_draw.cod
c:\users\nhv90\projects\eech\debug\cr_dstry.obj
c:\users\nhv90\projects\eech\debug\cr_dstry.cod
c:\users\nhv90\projects\eech\debug\cr_float.obj
c:\users\nhv90\projects\eech\debug\cr_float.cod
c:\users\nhv90\projects\eech\debug\cr_funcs.obj
c:\users\nhv90\projects\eech\debug\cr_funcs.cod
c:\users\nhv90\projects\eech\debug\cr_list.obj
c:\users\nhv90\projects\eech\debug\cr_list.cod
c:\users\nhv90\projects\eech\debug\cr_msgs.obj
c:\users\nhv90\projects\eech\debug\cr_msgs.cod
c:\users\nhv90\projects\eech\debug\cr_pack.obj
c:\users\nhv90\projects\eech\debug\cr_pack.cod
c:\users\nhv90\projects\eech\debug\cr_updt.obj
c:\users\nhv90\projects\eech\debug\cr_updt.cod
c:\users\nhv90\projects\eech\debug\fixed.obj
c:\users\nhv90\projects\eech\debug\fixed.cod
c:\users\nhv90\projects\eech\debug\fx_dbase.obj
c:\users\nhv90\projects\eech\debug\fx_dbase.cod
c:\users\nhv90\projects\eech\debug\fx_float.obj
c:\users\nhv90\projects\eech\debug\fx_float.cod
c:\users\nhv90\projects\eech\debug\fx_funcs.obj
c:\users\nhv90\projects\eech\debug\fx_funcs.cod
c:\users\nhv90\projects\eech\debug\fx_int.obj
c:\users\nhv90\projects\eech\debug\fx_int.cod
c:\users\nhv90\projects\eech\debug\en_anim.obj
c:\users\nhv90\projects\eech\debug\en_anim.cod
c:\users\nhv90\projects\eech\debug\key_anim.obj
c:\users\nhv90\projects\eech\debug\key_anim.cod
c:\users\nhv90\projects\eech\debug\sub_anim.obj
c:\users\nhv90\projects\eech\debug\sub_anim.cod
c:\users\nhv90\projects\eech\debug\en_cllsn.obj
c:\users\nhv90\projects\eech\debug\en_cllsn.cod
c:\users\nhv90\projects\eech\debug\en_maths.obj
c:\users\nhv90\projects\eech\debug\en_maths.cod
c:\users\nhv90\projects\eech\debug\en_misc.obj
c:\users\nhv90\projects\eech\debug\en_misc.cod
c:\users\nhv90\projects\eech\debug\cb_creat.obj
c:\users\nhv90\projects\eech\debug\cb_creat.cod
c:\users\nhv90\projects\eech\debug\cb_draw.obj
c:\users\nhv90\projects\eech\debug\cb_draw.cod
c:\users\nhv90\projects\eech\debug\cb_dstry.obj
c:\users\nhv90\projects\eech\debug\cb_dstry.cod
c:\users\nhv90\projects\eech\debug\cb_float.obj
c:\users\nhv90\projects\eech\debug\cb_float.cod
c:\users\nhv90\projects\eech\debug\cb_funcs.obj
c:\users\nhv90\projects\eech\debug\cb_funcs.cod
c:\users\nhv90\projects\eech\debug\cb_int.obj
c:\users\nhv90\projects\eech\debug\cb_int.cod
c:\users\nhv90\projects\eech\debug\cb_list.obj
c:\users\nhv90\projects\eech\debug\cb_list.cod
c:\users\nhv90\projects\eech\debug\cb_msgs.obj
c:\users\nhv90\projects\eech\debug\cb_msgs.cod
c:\users\nhv90\projects\eech\debug\cb_pack.obj
c:\users\nhv90\projects\eech\debug\cb_pack.cod
c:\users\nhv90\projects\eech\debug\ct_creat.obj
c:\users\nhv90\projects\eech\debug\ct_creat.cod
c:\users\nhv90\projects\eech\debug\ct_draw.obj
c:\users\nhv90\projects\eech\debug\ct_draw.cod
c:\users\nhv90\projects\eech\debug\ct_dstry.obj
c:\users\nhv90\projects\eech\debug\ct_dstry.cod
c:\users\nhv90\projects\eech\debug\ct_float.obj
c:\users\nhv90\projects\eech\debug\ct_float.cod
c:\users\nhv90\projects\eech\debug\ct_funcs.obj
c:\users\nhv90\projects\eech\debug\ct_funcs.cod
c:\users\nhv90\projects\eech\debug\suitable.obj
c:\users\nhv90\projects\eech\debug\suitable.cod
c:\users\nhv90\projects\eech\debug\parsgen.obj
c:\users\nhv90\projects\eech\debug\parsgen.cod
c:\users\nhv90\projects\eech\debug\assign.obj
c:\users\nhv90\projects\eech\debug\assign.cod
c:\users\nhv90\projects\eech\debug\croute.obj
c:\users\nhv90\projects\eech\debug\croute.cod
c:\users\nhv90\projects\eech\debug\engage.obj
c:\users\nhv90\projects\eech\debug\engage.cod
c:\users\nhv90\projects\eech\debug\taskgen.obj
c:\users\nhv90\projects\eech\debug\taskgen.cod
c:\users\nhv90\projects\eech\debug\3d_data.obj
c:\users\nhv90\projects\eech\debug\3d_data.cod
c:\users\nhv90\projects\eech\debug\3d_draw.obj
c:\users\nhv90\projects\eech\debug\3d_draw.cod
c:\users\nhv90\projects\eech\debug\3d_init.obj
c:\users\nhv90\projects\eech\debug\3d_init.cod
c:\users\nhv90\projects\eech\debug\3d_main.obj
c:\users\nhv90\projects\eech\debug\3d_main.cod
c:\users\nhv90\projects\eech\debug\3d_snd.obj
c:\users\nhv90\projects\eech\debug\3d_snd.cod
c:\users\nhv90\projects\eech\debug\snd_data.obj
c:\users\nhv90\projects\eech\debug\snd_data.cod
c:\users\nhv90\projects\eech\debug\snd_init.obj
c:\users\nhv90\projects\eech\debug\snd_init.cod
c:\users\nhv90\projects\eech\debug\cdmusic.obj
c:\users\nhv90\projects\eech\debug\cdmusic.cod
c:\users\nhv90\projects\eech\debug\cmndline.obj
c:\users\nhv90\projects\eech\debug\cmndline.cod
c:\users\nhv90\projects\eech\debug\comms.obj
c:\users\nhv90\projects\eech\debug\comms.cod
c:\users\nhv90\projects\eech\debug\commsserver.obj
c:\users\nhv90\projects\eech\debug\commsserver.cod
c:\users\nhv90\projects\eech\debug\comm_man.obj
c:\users\nhv90\projects\eech\debug\comm_man.cod
c:\users\nhv90\projects\eech\debug\deinit.obj
c:\users\nhv90\projects\eech\debug\deinit.cod
c:\users\nhv90\projects\eech\debug\eechini.obj
c:\users\nhv90\projects\eech\debug\eechini.cod
c:\users\nhv90\projects\eech\debug\ai.obj
c:\users\nhv90\projects\eech\debug\ai.cod
c:\users\nhv90\projects\eech\debug\ai_dbase.obj
c:\users\nhv90\projects\eech\debug\ai_dbase.cod
c:\users\nhv90\projects\eech\debug\ai_misc.obj
c:\users\nhv90\projects\eech\debug\ai_misc.cod
c:\users\nhv90\projects\eech\debug\ai_route.obj
c:\users\nhv90\projects\eech\debug\ai_route.cod
c:\users\nhv90\projects\eech\debug\briefing.obj
c:\users\nhv90\projects\eech\debug\briefing.cod
c:\users\nhv90\projects\eech\debug\faction.obj
c:\users\nhv90\projects\eech\debug\faction.cod
c:\users\nhv90\projects\eech\debug\popread.obj
c:\users\nhv90\projects\eech\debug\popread.cod
c:\users\nhv90\projects\eech\debug\routegen.obj
c:\users\nhv90\projects\eech\debug\routegen.cod
c:\users\nhv90\projects\eech\debug\highlevl.obj
c:\users\nhv90\projects\eech\debug\highlevl.cod
c:\users\nhv90\projects\eech\debug\imaps.obj
c:\users\nhv90\projects\eech\debug\imaps.cod
c:\users\nhv90\projects\eech\debug\order.obj
c:\users\nhv90\projects\eech\debug\order.cod
c:\users\nhv90\projects\eech\debug\reaction.obj
c:\users\nhv90\projects\eech\debug\reaction.cod
c:\users\nhv90\projects\eech\debug\setup.obj
c:\users\nhv90\projects\eech\debug\setup.cod
c:\users\nhv90\projects\eech\debug\en_state.obj
c:\users\nhv90\projects\eech\debug\en_state.cod
c:\users\nhv90\projects\eech\debug\en_types.obj
c:\users\nhv90\projects\eech\debug\en_types.cod
c:\users\nhv90\projects\eech\debug\en_view.obj
c:\users\nhv90\projects\eech\debug\en_view.cod
c:\users\nhv90\projects\eech\debug\vi_avevn.obj
c:\users\nhv90\projects\eech\debug\vi_avevn.cod
c:\users\nhv90\projects\eech\debug\vi_avlmp.obj
c:\users\nhv90\projects\eech\debug\vi_avlmp.cod
c:\users\nhv90\projects\eech\debug\vi_cowpn.obj
c:\users\nhv90\projects\eech\debug\vi_cowpn.cod
c:\users\nhv90\projects\eech\debug\vi_dam.obj
c:\users\nhv90\projects\eech\debug\vi_dam.cod
c:\users\nhv90\projects\eech\debug\vi_eo.obj
c:\users\nhv90\projects\eech\debug\vi_eo.cod
c:\users\nhv90\projects\eech\debug\vi_hms.obj
c:\users\nhv90\projects\eech\debug\vi_hms.cod
c:\users\nhv90\projects\eech\debug\vi_hud.obj
c:\users\nhv90\projects\eech\debug\vi_hud.cod
c:\users\nhv90\projects\eech\debug\vi_mfd.obj
c:\users\nhv90\projects\eech\debug\vi_mfd.cod
c:\users\nhv90\projects\eech\debug\vi_tgt.obj
c:\users\nhv90\projects\eech\debug\vi_tgt.cod
c:\users\nhv90\projects\eech\debug\vi_thrt.obj
c:\users\nhv90\projects\eech\debug\vi_thrt.cod
c:\users\nhv90\projects\eech\debug\hm_doors.obj
c:\users\nhv90\projects\eech\debug\hm_doors.cod
c:\users\nhv90\projects\eech\debug\vi_ckpt.obj
c:\users\nhv90\projects\eech\debug\vi_ckpt.cod
c:\users\nhv90\projects\eech\debug\vi_cpg.obj
c:\users\nhv90\projects\eech\debug\vi_cpg.cod
c:\users\nhv90\projects\eech\debug\vi_crew.obj
c:\users\nhv90\projects\eech\debug\vi_crew.cod
c:\users\nhv90\projects\eech\debug\vi_doors.obj
c:\users\nhv90\projects\eech\debug\vi_doors.cod
c:\users\nhv90\projects\eech\debug\vi_lamps.obj
c:\users\nhv90\projects\eech\debug\vi_lamps.cod
c:\users\nhv90\projects\eech\debug\vi_pilot.obj
c:\users\nhv90\projects\eech\debug\vi_pilot.cod
c:\users\nhv90\projects\eech\debug\vi_vckpt.obj
c:\users\nhv90\projects\eech\debug\vi_vckpt.cod
c:\users\nhv90\projects\eech\debug\vi_wiper.obj
c:\users\nhv90\projects\eech\debug\vi_wiper.cod
c:\users\nhv90\projects\eech\debug\hm_crew.obj
c:\users\nhv90\projects\eech\debug\hm_crew.cod
c:\users\nhv90\projects\eech\debug\hm_pilot.obj
c:\users\nhv90\projects\eech\debug\hm_pilot.cod
c:\users\nhv90\projects\eech\debug\vi_dyn.obj
c:\users\nhv90\projects\eech\debug\vi_dyn.cod
c:\users\nhv90\projects\eech\gametest\cohokum.ilk
c:\users\nhv90\projects\eech\gametest\cohokum.exe
c:\users\nhv90\projects\eech\debug\eech-msvc.pdb
c:\users\nhv90\projects\eech\debug\area.obj
c:\users\nhv90\projects\eech\debug\ar_col.obj
c:\users\nhv90\projects\eech\debug\ar_creat.obj
c:\users\nhv90\projects\eech\debug\ar_draw.obj
c:\users\nhv90\projects\eech\debug\ar_flags.obj
c:\users\nhv90\projects\eech\debug\ar_fns.obj
c:\users\nhv90\projects\eech\debug\ar_funcs.obj
c:\users\nhv90\projects\eech\debug\ar_graph.obj
c:\users\nhv90\projects\eech\debug\ar_links.obj
c:\users\nhv90\projects\eech\debug\ar_notif.obj
c:\users\nhv90\projects\eech\debug\ar_org.obj
c:\users\nhv90\projects\eech\debug\ar_pos.obj
c:\users\nhv90\projects\eech\debug\ar_ptr.obj
c:\users\nhv90\projects\eech\debug\ar_size.obj
c:\users\nhv90\projects\eech\debug\ar_slid.obj
c:\users\nhv90\projects\eech\debug\ar_txt.obj
c:\users\nhv90\projects\eech\debug\ar_updt.obj
c:\users\nhv90\projects\eech\debug\ascii.obj
c:\users\nhv90\projects\eech\debug\assert.obj
c:\users\nhv90\projects\eech\debug\bu_creat.obj
c:\users\nhv90\projects\eech\debug\bu_draw.obj
c:\users\nhv90\projects\eech\debug\bu_funcs.obj
c:\users\nhv90\projects\eech\debug\cdrom.obj
c:\users\nhv90\projects\eech\debug\close.obj
c:\users\nhv90\projects\eech\debug\cl_creat.obj
c:\users\nhv90\projects\eech\debug\cl_draw.obj
c:\users\nhv90\projects\eech\debug\cl_funcs.obj
c:\users\nhv90\projects\eech\debug\constant.obj
c:\users\nhv90\projects\eech\debug\cpuclock.obj
c:\users\nhv90\projects\eech\debug\debug.obj
c:\users\nhv90\projects\eech\debug\directp.obj
c:\users\nhv90\projects\eech\debug\dirsound.obj
c:\users\nhv90\projects\eech\debug\dpguid.obj
c:\users\nhv90\projects\eech\debug\dsound.obj
c:\users\nhv90\projects\eech\debug\dsound3d.obj
c:\users\nhv90\projects\eech\debug\event.obj
c:\users\nhv90\projects\eech\debug\ev_alpha.obj
c:\users\nhv90\projects\eech\debug\ev_stack.obj
c:\users\nhv90\projects\eech\debug\filedir.obj
c:\users\nhv90\projects\eech\debug\files.obj
c:\users\nhv90\projects\eech\debug\file_tag.obj
c:\users\nhv90\projects\eech\debug\fixedpt.obj
c:\users\nhv90\projects\eech\debug\fpu.obj
c:\users\nhv90\projects\eech\debug\iff.obj
c:\users\nhv90\projects\eech\debug\initmath.obj
c:\users\nhv90\projects\eech\debug\input.obj
c:\users\nhv90\projects\eech\debug\int_list.obj
c:\users\nhv90\projects\eech\debug\invsqrt.obj
c:\users\nhv90\projects\eech\debug\in_creat.obj
c:\users\nhv90\projects\eech\debug\in_draw.obj
c:\users\nhv90\projects\eech\debug\in_flags.obj
c:\users\nhv90\projects\eech\debug\in_funcs.obj
c:\users\nhv90\projects\eech\debug\in_updt.obj
c:\users\nhv90\projects\eech\debug\joyevent.obj
c:\users\nhv90\projects\eech\debug\joystick.obj
c:\users\nhv90\projects\eech\debug\keyboard.obj
c:\users\nhv90\projects\eech\debug\keyevent.obj
c:\users\nhv90\projects\eech\debug\keymapping.obj
c:\users\nhv90\projects\eech\debug\list.obj
c:\users\nhv90\projects\eech\debug\li_creat.obj
c:\users\nhv90\projects\eech\debug\li_draw.obj
c:\users\nhv90\projects\eech\debug\li_flags.obj
c:\users\nhv90\projects\eech\debug\li_funcs.obj
c:\users\nhv90\projects\eech\debug\li_size.obj
c:\users\nhv90\projects\eech\debug\li_updt.obj
c:\users\nhv90\projects\eech\debug\matrix.obj
c:\users\nhv90\projects\eech\debug\memblock.obj
c:\users\nhv90\projects\eech\debug\memcmp.obj
c:\users\nhv90\projects\eech\debug\memory.obj
c:\users\nhv90\projects\eech\debug\menu.obj
c:\users\nhv90\projects\eech\debug\me_creat.obj
c:\users\nhv90\projects\eech\debug\me_draw.obj
c:\users\nhv90\projects\eech\debug\me_funcs.obj
c:\users\nhv90\projects\eech\debug\me_updt.obj
c:\users\nhv90\projects\eech\debug\miscmath.obj
c:\users\nhv90\projects\eech\debug\mouse.obj
c:\users\nhv90\projects\eech\debug\mslider.obj
c:\users\nhv90\projects\eech\debug\ms_creat.obj
c:\users\nhv90\projects\eech\debug\ms_draw.obj
c:\users\nhv90\projects\eech\debug\ms_flags.obj
c:\users\nhv90\projects\eech\debug\ms_funcs.obj
c:\users\nhv90\projects\eech\debug\ms_updt.obj
c:\users\nhv90\projects\eech\debug\number.obj
c:\users\nhv90\projects\eech\debug\nu_creat.obj
c:\users\nhv90\projects\eech\debug\nu_draw.obj
c:\users\nhv90\projects\eech\debug\nu_flags.obj
c:\users\nhv90\projects\eech\debug\nu_fns.obj
c:\users\nhv90\projects\eech\debug\nu_funcs.obj
c:\users\nhv90\projects\eech\debug\nu_txt.obj
c:\users\nhv90\projects\eech\debug\projtile.obj
c:\users\nhv90\projects\eech\debug\qternion.obj
c:\users\nhv90\projects\eech\debug\radio.obj
c:\users\nhv90\projects\eech\debug\random.obj
c:\users\nhv90\projects\eech\debug\range.obj
c:\users\nhv90\projects\eech\debug\ra_creat.obj
c:\users\nhv90\projects\eech\debug\ra_flags.obj
c:\users\nhv90\projects\eech\debug\ra_fns.obj
c:\users\nhv90\projects\eech\debug\ra_funcs.obj
c:\users\nhv90\projects\eech\debug\reciptab.obj
c:\users\nhv90\projects\eech\debug\safemem.obj
c:\users\nhv90\projects\eech\debug\screen.obj
c:\users\nhv90\projects\eech\debug\sc_creat.obj
c:\users\nhv90\projects\eech\debug\sc_draw.obj
c:\users\nhv90\projects\eech\debug\sc_funcs.obj
c:\users\nhv90\projects\eech\debug\sc_updt.obj
c:\users\nhv90\projects\eech\debug\server.obj
c:\users\nhv90\projects\eech\debug\slider.obj
c:\users\nhv90\projects\eech\debug\sl_funcs.obj
c:\users\nhv90\projects\eech\debug\sl_slid.obj
c:\users\nhv90\projects\eech\debug\soundhlp.obj
c:\users\nhv90\projects\eech\debug\soundman.obj
c:\users\nhv90\projects\eech\debug\startup.obj
c:\users\nhv90\projects\eech\debug\string.obj
c:\users\nhv90\projects\eech\debug\sysinput.obj
c:\users\nhv90\projects\eech\debug\sysmess.obj
c:\users\nhv90\projects\eech\debug\terrbuf.obj
c:\users\nhv90\projects\eech\debug\terrcons.obj
c:\users\nhv90\projects\eech\debug\terrdata.obj
c:\users\nhv90\projects\eech\debug\terrdr.obj
c:\users\nhv90\projects\eech\debug\terrdrcl.obj
c:\users\nhv90\projects\eech\debug\terrelev.obj
c:\users\nhv90\projects\eech\debug\terrgeom.obj
c:\users\nhv90\projects\eech\debug\terrmap.obj
c:\users\nhv90\projects\eech\debug\terrobjs.obj
c:\users\nhv90\projects\eech\debug\terrre.obj
c:\users\nhv90\projects\eech\debug\terrsel.obj
c:\users\nhv90\projects\eech\debug\terrtype.obj
c:\users\nhv90\projects\eech\debug\tevent.obj
c:\users\nhv90\projects\eech\debug\time.obj
c:\users\nhv90\projects\eech\debug\timer.obj
c:\users\nhv90\projects\eech\debug\toggle.obj
c:\users\nhv90\projects\eech\debug\to_flags.obj
c:\users\nhv90\projects\eech\debug\to_fns.obj
c:\users\nhv90\projects\eech\debug\to_funcs.obj
c:\users\nhv90\projects\eech\debug\trackir.obj
c:\users\nhv90\projects\eech\debug\trig.obj
c:\users\nhv90\projects\eech\debug\tx_col.obj
c:\users\nhv90\projects\eech\debug\tx_creat.obj
c:\users\nhv90\projects\eech\debug\tx_draw.obj
c:\users\nhv90\projects\eech\debug\tx_flags.obj
c:\users\nhv90\projects\eech\debug\tx_fns.obj
c:\users\nhv90\projects\eech\debug\tx_funcs.obj
c:\users\nhv90\projects\eech\debug\tx_txt.obj
c:\users\nhv90\projects\eech\debug\uiarea.obj
c:\users\nhv90\projects\eech\debug\uibutton.obj
c:\users\nhv90\projects\eech\debug\uiclip.obj
c:\users\nhv90\projects\eech\debug\uicolour.obj
c:\users\nhv90\projects\eech\debug\uifont.obj
c:\users\nhv90\projects\eech\debug\uigraph.obj
c:\users\nhv90\projects\eech\debug\uihilght.obj
c:\users\nhv90\projects\eech\debug\uiorigin.obj
c:\users\nhv90\projects\eech\debug\uiscreen.obj
c:\users\nhv90\projects\eech\debug\uiwindow.obj
c:\users\nhv90\projects\eech\debug\ui_man.obj
c:\users\nhv90\projects\eech\debug\ui_obj.obj
c:\users\nhv90\projects\eech\debug\vector.obj
c:\users\nhv90\projects\eech\debug\vslider.obj
c:\users\nhv90\projects\eech\debug\vs_creat.obj
c:\users\nhv90\projects\eech\debug\vs_draw.obj
c:\users\nhv90\projects\eech\debug\vs_funcs.obj
c:\users\nhv90\projects\eech\debug\vs_updt.obj
c:\users\nhv90\projects\eech\debug\modules-3dterrain.pch
c:\users\nhv90\projects\eech\debug\modules-3dterrain.idb
c:\users\nhv90\projects\eech\debug\modules-userint2.idb
c:\users\nhv90\projects\eech\debug\modules.idb
c:\users\nhv90\projects\eech\debug\modules-3dterrain.pdb
c:\users\nhv90\projects\eech\debug\modules-userint2.pdb
c:\users\nhv90\projects\eech\debug\modules.pdb
c:\users\nhv90\projects\eech\debug\eech-msvc.tlog\cl.command.1.tlog
c:\users\nhv90\projects\eech\debug\eech-msvc.tlog\cl.read.1.tlog
c:\users\nhv90\projects\eech\debug\eech-msvc.tlog\cl.read.2.tlog
c:\users\nhv90\projects\eech\debug\eech-msvc.tlog\cl.read.3.tlog
c:\users\nhv90\projects\eech\debug\eech-msvc.tlog\cl.read.4.tlog
c:\users\nhv90\projects\eech\debug\eech-msvc.tlog\cl.read.5.tlog
c:\users\nhv90\projects\eech\debug\eech-msvc.tlog\cl.write.1.tlog
c:\users\nhv90\projects\eech\debug\eech-msvc.tlog\link.command.1.tlog
c:\users\nhv90\projects\eech\debug\eech-msvc.tlog\link.read.1.tlog
c:\users\nhv90\projects\eech\debug\eech-msvc.tlog\link.write.1.tlog
