c:\users\nhv90\projects\eech\debug\modules-3d.pdb
c:\users\nhv90\projects\eech\debug\modules-3d.idb
c:\users\nhv90\projects\eech\debug\3dobjdrw.obj
c:\users\nhv90\projects\eech\debug\3dobjdrw.cod
c:\users\nhv90\projects\eech\debug\modules-3d.pch
c:\users\nhv90\projects\eech\debug\3danim.obj
c:\users\nhv90\projects\eech\debug\3danim.cod
c:\users\nhv90\projects\eech\debug\3dobjzdr.obj
c:\users\nhv90\projects\eech\debug\3dobjzdr.cod
c:\users\nhv90\projects\eech\debug\3dpixel.obj
c:\users\nhv90\projects\eech\debug\3dpixel.cod
c:\users\nhv90\projects\eech\debug\3drain.obj
c:\users\nhv90\projects\eech\debug\3drain.cod
c:\users\nhv90\projects\eech\debug\3dscene.obj
c:\users\nhv90\projects\eech\debug\3dscene.cod
c:\users\nhv90\projects\eech\debug\3dscon.obj
c:\users\nhv90\projects\eech\debug\3dscon.cod
c:\users\nhv90\projects\eech\debug\3dshadow.obj
c:\users\nhv90\projects\eech\debug\3dshadow.cod
c:\users\nhv90\projects\eech\debug\3dsprite.obj
c:\users\nhv90\projects\eech\debug\3dsprite.cod
c:\users\nhv90\projects\eech\debug\3dstars.obj
c:\users\nhv90\projects\eech\debug\3dstars.cod
c:\users\nhv90\projects\eech\debug\3dstrail.obj
c:\users\nhv90\projects\eech\debug\3dstrail.cod
c:\users\nhv90\projects\eech\debug\3dstrike.obj
c:\users\nhv90\projects\eech\debug\3dstrike.cod
c:\users\nhv90\projects\eech\debug\3dsubobj.obj
c:\users\nhv90\projects\eech\debug\3dsubobj.cod
c:\users\nhv90\projects\eech\debug\3dsun.obj
c:\users\nhv90\projects\eech\debug\3dsun.cod
c:\users\nhv90\projects\eech\debug\3dtemp.obj
c:\users\nhv90\projects\eech\debug\3dtemp.cod
c:\users\nhv90\projects\eech\debug\3dtrans.obj
c:\users\nhv90\projects\eech\debug\3dtrans.cod
c:\users\nhv90\projects\eech\debug\3dview.obj
c:\users\nhv90\projects\eech\debug\3dview.cod
c:\users\nhv90\projects\eech\debug\3dwface1.obj
c:\users\nhv90\projects\eech\debug\3dwface1.cod
c:\users\nhv90\projects\eech\debug\3dwface2.obj
c:\users\nhv90\projects\eech\debug\3dwface2.cod
c:\users\nhv90\projects\eech\debug\3dclouds.obj
c:\users\nhv90\projects\eech\debug\3dclouds.cod
c:\users\nhv90\projects\eech\debug\3dtrump.obj
c:\users\nhv90\projects\eech\debug\3dtrump.cod
c:\users\nhv90\projects\eech\debug\clouds.obj
c:\users\nhv90\projects\eech\debug\clouds.cod
c:\users\nhv90\projects\eech\debug\3ddisp.obj
c:\users\nhv90\projects\eech\debug\3ddisp.cod
c:\users\nhv90\projects\eech\debug\3denvget.obj
c:\users\nhv90\projects\eech\debug\3denvget.cod
c:\users\nhv90\projects\eech\debug\3denvset.obj
c:\users\nhv90\projects\eech\debug\3denvset.cod
c:\users\nhv90\projects\eech\debug\3dexplos.obj
c:\users\nhv90\projects\eech\debug\3dexplos.cod
c:\users\nhv90\projects\eech\debug\3dfaces.obj
c:\users\nhv90\projects\eech\debug\3dfaces.cod
c:\users\nhv90\projects\eech\debug\3dfclip.obj
c:\users\nhv90\projects\eech\debug\3dfclip.cod
c:\users\nhv90\projects\eech\debug\3dhoriz.obj
c:\users\nhv90\projects\eech\debug\3dhoriz.cod
c:\users\nhv90\projects\eech\debug\3dkeyfr.obj
c:\users\nhv90\projects\eech\debug\3dkeyfr.cod
c:\users\nhv90\projects\eech\debug\3dlight.obj
c:\users\nhv90\projects\eech\debug\3dlight.cod
c:\users\nhv90\projects\eech\debug\3dline.obj
c:\users\nhv90\projects\eech\debug\3dline.cod
c:\users\nhv90\projects\eech\debug\3dmoon.obj
c:\users\nhv90\projects\eech\debug\3dmoon.cod
c:\users\nhv90\projects\eech\debug\3dobjbuf.obj
c:\users\nhv90\projects\eech\debug\3dobjbuf.cod
c:\users\nhv90\projects\eech\debug\3dobjdb.obj
c:\users\nhv90\projects\eech\debug\3dobjdb.cod
c:\users\nhv90\projects\eech\debug\3dobjdrh.obj
c:\users\nhv90\projects\eech\debug\3dobjdrh.cod
c:\users\nhv90\projects\eech\debug\3dobjdrz.obj
c:\users\nhv90\projects\eech\debug\3dobjdrz.cod
c:\users\nhv90\projects\eech\debug\3dobject.obj
c:\users\nhv90\projects\eech\debug\3dobject.cod
c:\users\nhv90\projects\eech\debug\3dobjid.obj
c:\users\nhv90\projects\eech\debug\3dobjid.cod
c:\users\nhv90\projects\eech\debug\3dobjvb.obj
c:\users\nhv90\projects\eech\debug\3dobjvb.cod
c:\users\nhv90\projects\eech\debug\3dobjvis.obj
c:\users\nhv90\projects\eech\debug\3dobjvis.cod
c:\users\nhv90\projects\eech\debug\3dclip.obj
c:\users\nhv90\projects\eech\debug\3dclip.cod
c:\users\nhv90\projects\eech\debug\3dconfig.obj
c:\users\nhv90\projects\eech\debug\3dconfig.cod
c:\users\nhv90\projects\eech\debug\3dconstr.obj
c:\users\nhv90\projects\eech\debug\3dconstr.cod
c:\users\nhv90\projects\eech\debug\3dfunc.obj
c:\users\nhv90\projects\eech\debug\3dfunc.cod
c:\users\nhv90\projects\eech\debug\modules-3d.lib
c:\users\nhv90\projects\eech\debug\modules-3d.tlog\cl.command.1.tlog
c:\users\nhv90\projects\eech\debug\modules-3d.tlog\cl.read.1.tlog
c:\users\nhv90\projects\eech\debug\modules-3d.tlog\cl.read.2.tlog
c:\users\nhv90\projects\eech\debug\modules-3d.tlog\cl.read.3.tlog
c:\users\nhv90\projects\eech\debug\modules-3d.tlog\cl.read.4.tlog
c:\users\nhv90\projects\eech\debug\modules-3d.tlog\cl.read.5.tlog
c:\users\nhv90\projects\eech\debug\modules-3d.tlog\cl.write.1.tlog
c:\users\nhv90\projects\eech\debug\modules-3d.tlog\lib-link.read.1.tlog
c:\users\nhv90\projects\eech\debug\modules-3d.tlog\lib-link.write.1.tlog
c:\users\nhv90\projects\eech\debug\modules-3d.tlog\lib.command.1.tlog
