c:\users\nhv90\projects\eech\debug\modules-userint2.pdb
c:\users\nhv90\projects\eech\debug\modules-userint2.idb
c:\users\nhv90\projects\eech\debug\ui_paint.cod
c:\users\nhv90\projects\eech\debug\ui_attrs.cod
c:\users\nhv90\projects\eech\debug\ui_color.cod
c:\users\nhv90\projects\eech\debug\ui_creat.cod
c:\users\nhv90\projects\eech\debug\ui_draw.cod
c:\users\nhv90\projects\eech\debug\ui_flags.cod
c:\users\nhv90\projects\eech\debug\ui_fns.cod
c:\users\nhv90\projects\eech\debug\ui_funcs.cod
c:\users\nhv90\projects\eech\debug\ui_graph.cod
c:\users\nhv90\projects\eech\debug\ui_links.cod
c:\users\nhv90\projects\eech\debug\ui_notif.cod
c:\users\nhv90\projects\eech\debug\ui_org.cod
c:\users\nhv90\projects\eech\debug\ui_pos.cod
c:\users\nhv90\projects\eech\debug\ui_ptr.cod
c:\users\nhv90\projects\eech\debug\ui_size.cod
c:\users\nhv90\projects\eech\debug\ui_slid.cod
c:\users\nhv90\projects\eech\debug\ui_txt.cod
c:\users\nhv90\projects\eech\debug\ui_updt.cod
c:\users\nhv90\projects\eech\debug\ui_sys.cod
c:\users\nhv90\projects\eech\debug\ui_types.cod
c:\users\nhv90\projects\eech\debug\slider.obj
c:\users\nhv90\projects\eech\debug\slider.cod
c:\users\nhv90\projects\eech\debug\sl_funcs.obj
c:\users\nhv90\projects\eech\debug\sl_funcs.cod
c:\users\nhv90\projects\eech\debug\sl_slid.obj
c:\users\nhv90\projects\eech\debug\sl_slid.cod
c:\users\nhv90\projects\eech\debug\vslider.obj
c:\users\nhv90\projects\eech\debug\vslider.cod
c:\users\nhv90\projects\eech\debug\vs_creat.obj
c:\users\nhv90\projects\eech\debug\vs_creat.cod
c:\users\nhv90\projects\eech\debug\vs_draw.obj
c:\users\nhv90\projects\eech\debug\vs_draw.cod
c:\users\nhv90\projects\eech\debug\vs_funcs.obj
c:\users\nhv90\projects\eech\debug\vs_funcs.cod
c:\users\nhv90\projects\eech\debug\vs_updt.obj
c:\users\nhv90\projects\eech\debug\vs_updt.cod
c:\users\nhv90\projects\eech\debug\tx_col.obj
c:\users\nhv90\projects\eech\debug\tx_col.cod
c:\users\nhv90\projects\eech\debug\tx_creat.obj
c:\users\nhv90\projects\eech\debug\tx_creat.cod
c:\users\nhv90\projects\eech\debug\tx_draw.obj
c:\users\nhv90\projects\eech\debug\tx_draw.cod
c:\users\nhv90\projects\eech\debug\tx_flags.obj
c:\users\nhv90\projects\eech\debug\tx_flags.cod
c:\users\nhv90\projects\eech\debug\tx_fns.obj
c:\users\nhv90\projects\eech\debug\tx_fns.cod
c:\users\nhv90\projects\eech\debug\tx_funcs.obj
c:\users\nhv90\projects\eech\debug\tx_funcs.cod
c:\users\nhv90\projects\eech\debug\tx_txt.obj
c:\users\nhv90\projects\eech\debug\tx_txt.cod
c:\users\nhv90\projects\eech\debug\toggle.obj
c:\users\nhv90\projects\eech\debug\toggle.cod
c:\users\nhv90\projects\eech\debug\to_flags.obj
c:\users\nhv90\projects\eech\debug\to_flags.cod
c:\users\nhv90\projects\eech\debug\to_fns.obj
c:\users\nhv90\projects\eech\debug\to_fns.cod
c:\users\nhv90\projects\eech\debug\to_funcs.obj
c:\users\nhv90\projects\eech\debug\to_funcs.cod
c:\users\nhv90\projects\eech\debug\ui_obj.obj
c:\users\nhv90\projects\eech\debug\ui_obj.cod
c:\users\nhv90\projects\eech\debug\nu_flags.obj
c:\users\nhv90\projects\eech\debug\nu_flags.cod
c:\users\nhv90\projects\eech\debug\nu_fns.obj
c:\users\nhv90\projects\eech\debug\nu_fns.cod
c:\users\nhv90\projects\eech\debug\nu_funcs.obj
c:\users\nhv90\projects\eech\debug\nu_funcs.cod
c:\users\nhv90\projects\eech\debug\nu_txt.obj
c:\users\nhv90\projects\eech\debug\nu_txt.cod
c:\users\nhv90\projects\eech\debug\radio.obj
c:\users\nhv90\projects\eech\debug\radio.cod
c:\users\nhv90\projects\eech\debug\ra_creat.obj
c:\users\nhv90\projects\eech\debug\ra_creat.cod
c:\users\nhv90\projects\eech\debug\ra_flags.obj
c:\users\nhv90\projects\eech\debug\ra_flags.cod
c:\users\nhv90\projects\eech\debug\ra_fns.obj
c:\users\nhv90\projects\eech\debug\ra_fns.cod
c:\users\nhv90\projects\eech\debug\ra_funcs.obj
c:\users\nhv90\projects\eech\debug\ra_funcs.cod
c:\users\nhv90\projects\eech\debug\screen.obj
c:\users\nhv90\projects\eech\debug\screen.cod
c:\users\nhv90\projects\eech\debug\sc_creat.obj
c:\users\nhv90\projects\eech\debug\sc_creat.cod
c:\users\nhv90\projects\eech\debug\sc_draw.obj
c:\users\nhv90\projects\eech\debug\sc_draw.cod
c:\users\nhv90\projects\eech\debug\sc_funcs.obj
c:\users\nhv90\projects\eech\debug\sc_funcs.cod
c:\users\nhv90\projects\eech\debug\sc_updt.obj
c:\users\nhv90\projects\eech\debug\sc_updt.cod
c:\users\nhv90\projects\eech\debug\mslider.obj
c:\users\nhv90\projects\eech\debug\mslider.cod
c:\users\nhv90\projects\eech\debug\ms_creat.obj
c:\users\nhv90\projects\eech\debug\ms_creat.cod
c:\users\nhv90\projects\eech\debug\ms_draw.obj
c:\users\nhv90\projects\eech\debug\ms_draw.cod
c:\users\nhv90\projects\eech\debug\ms_flags.obj
c:\users\nhv90\projects\eech\debug\ms_flags.cod
c:\users\nhv90\projects\eech\debug\ms_funcs.obj
c:\users\nhv90\projects\eech\debug\ms_funcs.cod
c:\users\nhv90\projects\eech\debug\ms_updt.obj
c:\users\nhv90\projects\eech\debug\ms_updt.cod
c:\users\nhv90\projects\eech\debug\in_creat.obj
c:\users\nhv90\projects\eech\debug\in_creat.cod
c:\users\nhv90\projects\eech\debug\in_draw.obj
c:\users\nhv90\projects\eech\debug\in_draw.cod
c:\users\nhv90\projects\eech\debug\in_flags.obj
c:\users\nhv90\projects\eech\debug\in_flags.cod
c:\users\nhv90\projects\eech\debug\in_funcs.obj
c:\users\nhv90\projects\eech\debug\in_funcs.cod
c:\users\nhv90\projects\eech\debug\in_updt.obj
c:\users\nhv90\projects\eech\debug\in_updt.cod
c:\users\nhv90\projects\eech\debug\list.obj
c:\users\nhv90\projects\eech\debug\list.cod
c:\users\nhv90\projects\eech\debug\li_creat.obj
c:\users\nhv90\projects\eech\debug\li_creat.cod
c:\users\nhv90\projects\eech\debug\li_draw.obj
c:\users\nhv90\projects\eech\debug\li_draw.cod
c:\users\nhv90\projects\eech\debug\li_flags.obj
c:\users\nhv90\projects\eech\debug\li_flags.cod
c:\users\nhv90\projects\eech\debug\li_funcs.obj
c:\users\nhv90\projects\eech\debug\li_funcs.cod
c:\users\nhv90\projects\eech\debug\li_size.obj
c:\users\nhv90\projects\eech\debug\li_size.cod
c:\users\nhv90\projects\eech\debug\li_updt.obj
c:\users\nhv90\projects\eech\debug\li_updt.cod
c:\users\nhv90\projects\eech\debug\menu.obj
c:\users\nhv90\projects\eech\debug\menu.cod
c:\users\nhv90\projects\eech\debug\me_creat.obj
c:\users\nhv90\projects\eech\debug\me_creat.cod
c:\users\nhv90\projects\eech\debug\me_draw.obj
c:\users\nhv90\projects\eech\debug\me_draw.cod
c:\users\nhv90\projects\eech\debug\me_funcs.obj
c:\users\nhv90\projects\eech\debug\me_funcs.cod
c:\users\nhv90\projects\eech\debug\me_updt.obj
c:\users\nhv90\projects\eech\debug\me_updt.cod
c:\users\nhv90\projects\eech\debug\number.obj
c:\users\nhv90\projects\eech\debug\number.cod
c:\users\nhv90\projects\eech\debug\nu_creat.obj
c:\users\nhv90\projects\eech\debug\nu_creat.cod
c:\users\nhv90\projects\eech\debug\nu_draw.obj
c:\users\nhv90\projects\eech\debug\nu_draw.cod
c:\users\nhv90\projects\eech\debug\ar_fns.obj
c:\users\nhv90\projects\eech\debug\ar_fns.cod
c:\users\nhv90\projects\eech\debug\ar_funcs.obj
c:\users\nhv90\projects\eech\debug\ar_funcs.cod
c:\users\nhv90\projects\eech\debug\ar_graph.obj
c:\users\nhv90\projects\eech\debug\ar_graph.cod
c:\users\nhv90\projects\eech\debug\ar_links.obj
c:\users\nhv90\projects\eech\debug\ar_links.cod
c:\users\nhv90\projects\eech\debug\ar_notif.obj
c:\users\nhv90\projects\eech\debug\ar_notif.cod
c:\users\nhv90\projects\eech\debug\ar_org.obj
c:\users\nhv90\projects\eech\debug\ar_org.cod
c:\users\nhv90\projects\eech\debug\ar_pos.obj
c:\users\nhv90\projects\eech\debug\ar_pos.cod
c:\users\nhv90\projects\eech\debug\ar_ptr.obj
c:\users\nhv90\projects\eech\debug\ar_ptr.cod
c:\users\nhv90\projects\eech\debug\ar_size.obj
c:\users\nhv90\projects\eech\debug\ar_size.cod
c:\users\nhv90\projects\eech\debug\ar_slid.obj
c:\users\nhv90\projects\eech\debug\ar_slid.cod
c:\users\nhv90\projects\eech\debug\ar_txt.obj
c:\users\nhv90\projects\eech\debug\ar_txt.cod
c:\users\nhv90\projects\eech\debug\ar_updt.obj
c:\users\nhv90\projects\eech\debug\ar_updt.cod
c:\users\nhv90\projects\eech\debug\bu_creat.obj
c:\users\nhv90\projects\eech\debug\bu_creat.cod
c:\users\nhv90\projects\eech\debug\bu_draw.obj
c:\users\nhv90\projects\eech\debug\bu_draw.cod
c:\users\nhv90\projects\eech\debug\bu_funcs.obj
c:\users\nhv90\projects\eech\debug\bu_funcs.cod
c:\users\nhv90\projects\eech\debug\close.obj
c:\users\nhv90\projects\eech\debug\close.cod
c:\users\nhv90\projects\eech\debug\cl_creat.obj
c:\users\nhv90\projects\eech\debug\cl_creat.cod
c:\users\nhv90\projects\eech\debug\cl_draw.obj
c:\users\nhv90\projects\eech\debug\cl_draw.cod
c:\users\nhv90\projects\eech\debug\cl_funcs.obj
c:\users\nhv90\projects\eech\debug\cl_funcs.cod
c:\users\nhv90\projects\eech\debug\input.obj
c:\users\nhv90\projects\eech\debug\input.cod
c:\users\nhv90\projects\eech\debug\uiarea.obj
c:\users\nhv90\projects\eech\debug\uiarea.cod
c:\users\nhv90\projects\eech\debug\uibutton.obj
c:\users\nhv90\projects\eech\debug\uibutton.cod
c:\users\nhv90\projects\eech\debug\uiclip.obj
c:\users\nhv90\projects\eech\debug\uiclip.cod
c:\users\nhv90\projects\eech\debug\uicolour.obj
c:\users\nhv90\projects\eech\debug\uicolour.cod
c:\users\nhv90\projects\eech\debug\uifont.obj
c:\users\nhv90\projects\eech\debug\uifont.cod
c:\users\nhv90\projects\eech\debug\uigraph.obj
c:\users\nhv90\projects\eech\debug\uigraph.cod
c:\users\nhv90\projects\eech\debug\uihilght.obj
c:\users\nhv90\projects\eech\debug\uihilght.cod
c:\users\nhv90\projects\eech\debug\uiorigin.obj
c:\users\nhv90\projects\eech\debug\uiorigin.cod
c:\users\nhv90\projects\eech\debug\uiscreen.obj
c:\users\nhv90\projects\eech\debug\uiscreen.cod
c:\users\nhv90\projects\eech\debug\uiwindow.obj
c:\users\nhv90\projects\eech\debug\uiwindow.cod
c:\users\nhv90\projects\eech\debug\area.obj
c:\users\nhv90\projects\eech\debug\area.cod
c:\users\nhv90\projects\eech\debug\ar_col.obj
c:\users\nhv90\projects\eech\debug\ar_col.cod
c:\users\nhv90\projects\eech\debug\ar_creat.obj
c:\users\nhv90\projects\eech\debug\ar_creat.cod
c:\users\nhv90\projects\eech\debug\ar_draw.obj
c:\users\nhv90\projects\eech\debug\ar_draw.cod
c:\users\nhv90\projects\eech\debug\ar_flags.obj
c:\users\nhv90\projects\eech\debug\ar_flags.cod
c:\users\nhv90\projects\eech\debug\ui_paint.obj
c:\users\nhv90\projects\eech\debug\ui_attrs.obj
c:\users\nhv90\projects\eech\debug\ui_color.obj
c:\users\nhv90\projects\eech\debug\ui_creat.obj
c:\users\nhv90\projects\eech\debug\ui_draw.obj
c:\users\nhv90\projects\eech\debug\ui_flags.obj
c:\users\nhv90\projects\eech\debug\ui_fns.obj
c:\users\nhv90\projects\eech\debug\ui_funcs.obj
c:\users\nhv90\projects\eech\debug\ui_graph.obj
c:\users\nhv90\projects\eech\debug\ui_links.obj
c:\users\nhv90\projects\eech\debug\ui_notif.obj
c:\users\nhv90\projects\eech\debug\ui_org.obj
c:\users\nhv90\projects\eech\debug\ui_pos.obj
c:\users\nhv90\projects\eech\debug\ui_ptr.obj
c:\users\nhv90\projects\eech\debug\ui_size.obj
c:\users\nhv90\projects\eech\debug\ui_slid.obj
c:\users\nhv90\projects\eech\debug\ui_txt.obj
c:\users\nhv90\projects\eech\debug\ui_updt.obj
c:\users\nhv90\projects\eech\debug\ui_sys.obj
c:\users\nhv90\projects\eech\debug\ui_types.obj
c:\users\nhv90\projects\eech\debug\ui_man.obj
c:\users\nhv90\projects\eech\debug\ui_man.asm
c:\users\nhv90\projects\eech\debug\modules-userint2.lib
c:\users\nhv90\projects\eech\debug\modules-userint2.tlog\cl.command.1.tlog
c:\users\nhv90\projects\eech\debug\modules-userint2.tlog\cl.read.1.tlog
c:\users\nhv90\projects\eech\debug\modules-userint2.tlog\cl.read.2.tlog
c:\users\nhv90\projects\eech\debug\modules-userint2.tlog\cl.read.3.tlog
c:\users\nhv90\projects\eech\debug\modules-userint2.tlog\cl.read.4.tlog
c:\users\nhv90\projects\eech\debug\modules-userint2.tlog\cl.read.5.tlog
c:\users\nhv90\projects\eech\debug\modules-userint2.tlog\cl.write.1.tlog
c:\users\nhv90\projects\eech\debug\modules-userint2.tlog\lib-link.read.1.tlog
c:\users\nhv90\projects\eech\debug\modules-userint2.tlog\lib-link.write.1.tlog
c:\users\nhv90\projects\eech\debug\modules-userint2.tlog\lib.command.1.tlog
