c:\users\nhv90\projects\eech\debug\modules-graphics.pdb
c:\users\nhv90\projects\eech\debug\modules-graphics.pch
c:\users\nhv90\projects\eech\debug\modules-graphics.idb
c:\users\nhv90\projects\eech\debug\2dart.obj
c:\users\nhv90\projects\eech\debug\2dart.cod
c:\users\nhv90\projects\eech\debug\pixeltxt.obj
c:\users\nhv90\projects\eech\debug\pixeltxt.cod
c:\users\nhv90\projects\eech\debug\polyd3d.obj
c:\users\nhv90\projects\eech\debug\polyd3d.cod
c:\users\nhv90\projects\eech\debug\polyline.obj
c:\users\nhv90\projects\eech\debug\polyline.cod
c:\users\nhv90\projects\eech\debug\psdread.obj
c:\users\nhv90\projects\eech\debug\psdread.cod
c:\users\nhv90\projects\eech\debug\psdwrite.obj
c:\users\nhv90\projects\eech\debug\psdwrite.cod
c:\users\nhv90\projects\eech\debug\render.obj
c:\users\nhv90\projects\eech\debug\render.cod
c:\users\nhv90\projects\eech\debug\rgb.obj
c:\users\nhv90\projects\eech\debug\rgb.cod
c:\users\nhv90\projects\eech\debug\rle.obj
c:\users\nhv90\projects\eech\debug\rle.cod
c:\users\nhv90\projects\eech\debug\screens.obj
c:\users\nhv90\projects\eech\debug\screens.cod
c:\users\nhv90\projects\eech\debug\shadfill.obj
c:\users\nhv90\projects\eech\debug\shadfill.cod
c:\users\nhv90\projects\eech\debug\tempbuf.obj
c:\users\nhv90\projects\eech\debug\tempbuf.cod
c:\users\nhv90\projects\eech\debug\textscrn.obj
c:\users\nhv90\projects\eech\debug\textscrn.cod
c:\users\nhv90\projects\eech\debug\textsys.obj
c:\users\nhv90\projects\eech\debug\textsys.cod
c:\users\nhv90\projects\eech\debug\textures.obj
c:\users\nhv90\projects\eech\debug\textures.cod
c:\users\nhv90\projects\eech\debug\textuser.obj
c:\users\nhv90\projects\eech\debug\textuser.cod
c:\users\nhv90\projects\eech\debug\tga.obj
c:\users\nhv90\projects\eech\debug\tga.cod
c:\users\nhv90\projects\eech\debug\tranbuf.obj
c:\users\nhv90\projects\eech\debug\tranbuf.cod
c:\users\nhv90\projects\eech\debug\vcache.obj
c:\users\nhv90\projects\eech\debug\vcache.cod
c:\users\nhv90\projects\eech\debug\viewport.obj
c:\users\nhv90\projects\eech\debug\viewport.cod
c:\users\nhv90\projects\eech\debug\zbuffer.obj
c:\users\nhv90\projects\eech\debug\zbuffer.cod
c:\users\nhv90\projects\eech\debug\colour.obj
c:\users\nhv90\projects\eech\debug\colour.cod
c:\users\nhv90\projects\eech\debug\d3d.obj
c:\users\nhv90\projects\eech\debug\d3d.cod
c:\users\nhv90\projects\eech\debug\d3dfog.obj
c:\users\nhv90\projects\eech\debug\d3dfog.cod
c:\users\nhv90\projects\eech\debug\d3dpoly.obj
c:\users\nhv90\projects\eech\debug\d3dpoly.cod
c:\users\nhv90\projects\eech\debug\d3dstate.obj
c:\users\nhv90\projects\eech\debug\d3dstate.cod
c:\users\nhv90\projects\eech\debug\d3dvert.obj
c:\users\nhv90\projects\eech\debug\d3dvert.cod
c:\users\nhv90\projects\eech\debug\dassess.obj
c:\users\nhv90\projects\eech\debug\dassess.cod
c:\users\nhv90\projects\eech\debug\dirdraw.obj
c:\users\nhv90\projects\eech\debug\dirdraw.cod
c:\users\nhv90\projects\eech\debug\dither.obj
c:\users\nhv90\projects\eech\debug\dither.cod
c:\users\nhv90\projects\eech\debug\dresol.obj
c:\users\nhv90\projects\eech\debug\dresol.cod
c:\users\nhv90\projects\eech\debug\gfxzoom.obj
c:\users\nhv90\projects\eech\debug\gfxzoom.cod
c:\users\nhv90\projects\eech\debug\heckfill.obj
c:\users\nhv90\projects\eech\debug\heckfill.cod
c:\users\nhv90\projects\eech\debug\lbm.obj
c:\users\nhv90\projects\eech\debug\lbm.cod
c:\users\nhv90\projects\eech\debug\line.obj
c:\users\nhv90\projects\eech\debug\line.cod
c:\users\nhv90\projects\eech\debug\mipmap.obj
c:\users\nhv90\projects\eech\debug\mipmap.cod
c:\users\nhv90\projects\eech\debug\monofont.obj
c:\users\nhv90\projects\eech\debug\monofont.cod
c:\users\nhv90\projects\eech\debug\monosprt.obj
c:\users\nhv90\projects\eech\debug\monosprt.cod
c:\users\nhv90\projects\eech\debug\mouseptr.obj
c:\users\nhv90\projects\eech\debug\mouseptr.cod
c:\users\nhv90\projects\eech\debug\palette.obj
c:\users\nhv90\projects\eech\debug\palette.cod
c:\users\nhv90\projects\eech\debug\pixel.obj
c:\users\nhv90\projects\eech\debug\pixel.cod
c:\users\nhv90\projects\eech\debug\2dview.obj
c:\users\nhv90\projects\eech\debug\2dview.cod
c:\users\nhv90\projects\eech\debug\2dwrap.obj
c:\users\nhv90\projects\eech\debug\2dwrap.cod
c:\users\nhv90\projects\eech\debug\block.obj
c:\users\nhv90\projects\eech\debug\block.cod
c:\users\nhv90\projects\eech\debug\circle.obj
c:\users\nhv90\projects\eech\debug\circle.cod
c:\users\nhv90\projects\eech\debug\clip.obj
c:\users\nhv90\projects\eech\debug\clip.cod
c:\users\nhv90\projects\eech\debug\modules-graphics.lib
c:\users\nhv90\projects\eech\debug\3danim.obj
c:\users\nhv90\projects\eech\debug\3dclip.obj
c:\users\nhv90\projects\eech\debug\3dclouds.obj
c:\users\nhv90\projects\eech\debug\3dconfig.obj
c:\users\nhv90\projects\eech\debug\3dconstr.obj
c:\users\nhv90\projects\eech\debug\3ddisp.obj
c:\users\nhv90\projects\eech\debug\3denvget.obj
c:\users\nhv90\projects\eech\debug\3denvset.obj
c:\users\nhv90\projects\eech\debug\3dexplos.obj
c:\users\nhv90\projects\eech\debug\3dfaces.obj
c:\users\nhv90\projects\eech\debug\3dfclip.obj
c:\users\nhv90\projects\eech\debug\3dfunc.obj
c:\users\nhv90\projects\eech\debug\3dhoriz.obj
c:\users\nhv90\projects\eech\debug\3dkeyfr.obj
c:\users\nhv90\projects\eech\debug\3dlight.obj
c:\users\nhv90\projects\eech\debug\3dline.obj
c:\users\nhv90\projects\eech\debug\3dmoon.obj
c:\users\nhv90\projects\eech\debug\3dobjbuf.obj
c:\users\nhv90\projects\eech\debug\3dobjdb.obj
c:\users\nhv90\projects\eech\debug\3dobjdrh.obj
c:\users\nhv90\projects\eech\debug\3dobjdrw.obj
c:\users\nhv90\projects\eech\debug\3dobjdrz.obj
c:\users\nhv90\projects\eech\debug\3dobject.obj
c:\users\nhv90\projects\eech\debug\3dobjid.obj
c:\users\nhv90\projects\eech\debug\3dobjvb.obj
c:\users\nhv90\projects\eech\debug\3dobjvis.obj
c:\users\nhv90\projects\eech\debug\3dobjzdr.obj
c:\users\nhv90\projects\eech\debug\3dpixel.obj
c:\users\nhv90\projects\eech\debug\3drain.obj
c:\users\nhv90\projects\eech\debug\3dscene.obj
c:\users\nhv90\projects\eech\debug\3dscon.obj
c:\users\nhv90\projects\eech\debug\3dshadow.obj
c:\users\nhv90\projects\eech\debug\3dsprite.obj
c:\users\nhv90\projects\eech\debug\3dstars.obj
c:\users\nhv90\projects\eech\debug\3dstrail.obj
c:\users\nhv90\projects\eech\debug\3dstrike.obj
c:\users\nhv90\projects\eech\debug\3dsubobj.obj
c:\users\nhv90\projects\eech\debug\3dsun.obj
c:\users\nhv90\projects\eech\debug\3dtemp.obj
c:\users\nhv90\projects\eech\debug\3dtrans.obj
c:\users\nhv90\projects\eech\debug\3dtrump.obj
c:\users\nhv90\projects\eech\debug\3dview.obj
c:\users\nhv90\projects\eech\debug\3dwface1.obj
c:\users\nhv90\projects\eech\debug\3dwface2.obj
c:\users\nhv90\projects\eech\debug\3d_data.obj
c:\users\nhv90\projects\eech\debug\3d_draw.obj
c:\users\nhv90\projects\eech\debug\3d_init.obj
c:\users\nhv90\projects\eech\debug\3d_main.obj
c:\users\nhv90\projects\eech\debug\3d_snd.obj
c:\users\nhv90\projects\eech\debug\aa_anim.obj
c:\users\nhv90\projects\eech\debug\aa_attck.obj
c:\users\nhv90\projects\eech\debug\aa_creat.obj
c:\users\nhv90\projects\eech\debug\aa_draw.obj
c:\users\nhv90\projects\eech\debug\aa_dstry.obj
c:\users\nhv90\projects\eech\debug\aa_funcs.obj
c:\users\nhv90\projects\eech\debug\aa_int.obj
c:\users\nhv90\projects\eech\debug\aa_msgs.obj
c:\users\nhv90\projects\eech\debug\aa_pack.obj
c:\users\nhv90\projects\eech\debug\aa_updt.obj
c:\users\nhv90\projects\eech\debug\ac_anim.obj
c:\users\nhv90\projects\eech\debug\ac_dbase.obj
c:\users\nhv90\projects\eech\debug\ac_float.obj
c:\users\nhv90\projects\eech\debug\ac_funcs.obj
c:\users\nhv90\projects\eech\debug\ac_int.obj
c:\users\nhv90\projects\eech\debug\ac_list.obj
c:\users\nhv90\projects\eech\debug\ac_msgs.obj
c:\users\nhv90\projects\eech\debug\ac_pack.obj
c:\users\nhv90\projects\eech\debug\ac_ptr.obj
c:\users\nhv90\projects\eech\debug\ac_str.obj
c:\users\nhv90\projects\eech\debug\ac_tgt.obj
c:\users\nhv90\projects\eech\debug\ac_vec3d.obj
c:\users\nhv90\projects\eech\debug\ac_wpn.obj
c:\users\nhv90\projects\eech\debug\advert.obj
c:\users\nhv90\projects\eech\debug\ag_attck.obj
c:\users\nhv90\projects\eech\debug\ah_avevn.obj
c:\users\nhv90\projects\eech\debug\ah_avlmp.obj
c:\users\nhv90\projects\eech\debug\ah_ckpt.obj
c:\users\nhv90\projects\eech\debug\ah_dam.obj
c:\users\nhv90\projects\eech\debug\ah_dyn.obj
c:\users\nhv90\projects\eech\debug\ah_eo.obj
c:\users\nhv90\projects\eech\debug\ah_front.obj
c:\users\nhv90\projects\eech\debug\ah_hms.obj
c:\users\nhv90\projects\eech\debug\ah_hud.obj
c:\users\nhv90\projects\eech\debug\ah_instr.obj
c:\users\nhv90\projects\eech\debug\ah_lamps.obj
c:\users\nhv90\projects\eech\debug\ah_mfd.obj
c:\users\nhv90\projects\eech\debug\ah_radar.obj
c:\users\nhv90\projects\eech\debug\ah_tgt.obj
c:\users\nhv90\projects\eech\debug\ah_thrt.obj
c:\users\nhv90\projects\eech\debug\ah_vckpt.obj
c:\users\nhv90\projects\eech\debug\ah_wiper.obj
c:\users\nhv90\projects\eech\debug\ah_wpn.obj
c:\users\nhv90\projects\eech\debug\ai.obj
c:\users\nhv90\projects\eech\debug\aircraft.obj
c:\users\nhv90\projects\eech\debug\airspeed.obj
c:\users\nhv90\projects\eech\debug\ai_dbase.obj
c:\users\nhv90\projects\eech\debug\ai_extrn.obj
c:\users\nhv90\projects\eech\debug\ai_misc.obj
c:\users\nhv90\projects\eech\debug\ai_route.obj
c:\users\nhv90\projects\eech\debug\anti_air.obj
c:\users\nhv90\projects\eech\debug\ap3d_vckpt.obj
c:\users\nhv90\projects\eech\debug\ap_avevn.obj
c:\users\nhv90\projects\eech\debug\ap_avlmp.obj
c:\users\nhv90\projects\eech\debug\ap_ckpt.obj
c:\users\nhv90\projects\eech\debug\ap_cpg.obj
c:\users\nhv90\projects\eech\debug\ap_dam.obj
c:\users\nhv90\projects\eech\debug\ap_dyn.obj
c:\users\nhv90\projects\eech\debug\ap_eo.obj
c:\users\nhv90\projects\eech\debug\ap_front.obj
c:\users\nhv90\projects\eech\debug\ap_hms.obj
c:\users\nhv90\projects\eech\debug\ap_hud.obj
c:\users\nhv90\projects\eech\debug\ap_instr.obj
c:\users\nhv90\projects\eech\debug\ap_lamps.obj
c:\users\nhv90\projects\eech\debug\ap_mfd.obj
c:\users\nhv90\projects\eech\debug\ap_radar.obj
c:\users\nhv90\projects\eech\debug\ap_tgt.obj
c:\users\nhv90\projects\eech\debug\ap_thrt.obj
c:\users\nhv90\projects\eech\debug\ap_vckpt.obj
c:\users\nhv90\projects\eech\debug\ap_wiper.obj
c:\users\nhv90\projects\eech\debug\ap_wpn.obj
c:\users\nhv90\projects\eech\debug\area.obj
c:\users\nhv90\projects\eech\debug\ar_col.obj
c:\users\nhv90\projects\eech\debug\ar_creat.obj
c:\users\nhv90\projects\eech\debug\ar_draw.obj
c:\users\nhv90\projects\eech\debug\ar_flags.obj
c:\users\nhv90\projects\eech\debug\ar_fns.obj
c:\users\nhv90\projects\eech\debug\ar_funcs.obj
c:\users\nhv90\projects\eech\debug\ar_graph.obj
c:\users\nhv90\projects\eech\debug\ar_links.obj
c:\users\nhv90\projects\eech\debug\ar_notif.obj
c:\users\nhv90\projects\eech\debug\ar_org.obj
c:\users\nhv90\projects\eech\debug\ar_pos.obj
c:\users\nhv90\projects\eech\debug\ar_ptr.obj
c:\users\nhv90\projects\eech\debug\ar_size.obj
c:\users\nhv90\projects\eech\debug\ar_slid.obj
c:\users\nhv90\projects\eech\debug\ar_txt.obj
c:\users\nhv90\projects\eech\debug\ar_updt.obj
c:\users\nhv90\projects\eech\debug\ascii.obj
c:\users\nhv90\projects\eech\debug\assert.obj
c:\users\nhv90\projects\eech\debug\assign.obj
c:\users\nhv90\projects\eech\debug\avionics.obj
c:\users\nhv90\projects\eech\debug\bh_avevn.obj
c:\users\nhv90\projects\eech\debug\bh_avlmp.obj
c:\users\nhv90\projects\eech\debug\bh_ckpt.obj
c:\users\nhv90\projects\eech\debug\bh_dam.obj
c:\users\nhv90\projects\eech\debug\bh_dyn.obj
c:\users\nhv90\projects\eech\debug\bh_eo.obj
c:\users\nhv90\projects\eech\debug\bh_front.obj
c:\users\nhv90\projects\eech\debug\bh_hms.obj
c:\users\nhv90\projects\eech\debug\bh_hud.obj
c:\users\nhv90\projects\eech\debug\bh_instr.obj
c:\users\nhv90\projects\eech\debug\bh_lamps.obj
c:\users\nhv90\projects\eech\debug\bh_mfd.obj
c:\users\nhv90\projects\eech\debug\bh_radar.obj
c:\users\nhv90\projects\eech\debug\bh_tgt.obj
c:\users\nhv90\projects\eech\debug\bh_thrt.obj
c:\users\nhv90\projects\eech\debug\bh_vckpt.obj
c:\users\nhv90\projects\eech\debug\bh_wiper.obj
c:\users\nhv90\projects\eech\debug\bh_wpn.obj
c:\users\nhv90\projects\eech\debug\bridge.obj
c:\users\nhv90\projects\eech\debug\briefing.obj
c:\users\nhv90\projects\eech\debug\br_creat.obj
c:\users\nhv90\projects\eech\debug\br_dbase.obj
c:\users\nhv90\projects\eech\debug\br_dstry.obj
c:\users\nhv90\projects\eech\debug\br_float.obj
c:\users\nhv90\projects\eech\debug\br_funcs.obj
c:\users\nhv90\projects\eech\debug\br_int.obj
c:\users\nhv90\projects\eech\debug\br_list.obj
c:\users\nhv90\projects\eech\debug\br_msgs.obj
c:\users\nhv90\projects\eech\debug\br_pack.obj
c:\users\nhv90\projects\eech\debug\br_str.obj
c:\users\nhv90\projects\eech\debug\br_vec3d.obj
c:\users\nhv90\projects\eech\debug\bu_creat.obj
c:\users\nhv90\projects\eech\debug\bu_draw.obj
c:\users\nhv90\projects\eech\debug\bu_funcs.obj
c:\users\nhv90\projects\eech\debug\camera.obj
c:\users\nhv90\projects\eech\debug\campaign.obj
c:\users\nhv90\projects\eech\debug\ca_3d.obj
c:\users\nhv90\projects\eech\debug\ca_base.obj
c:\users\nhv90\projects\eech\debug\ca_brief.obj
c:\users\nhv90\projects\eech\debug\ca_chat.obj
c:\users\nhv90\projects\eech\debug\ca_dbf.obj
c:\users\nhv90\projects\eech\debug\ca_fsmap.obj
c:\users\nhv90\projects\eech\debug\ca_group.obj
c:\users\nhv90\projects\eech\debug\ca_hist.obj
c:\users\nhv90\projects\eech\debug\ca_info.obj
c:\users\nhv90\projects\eech\debug\ca_list.obj
c:\users\nhv90\projects\eech\debug\ca_log.obj
c:\users\nhv90\projects\eech\debug\ca_map.obj
c:\users\nhv90\projects\eech\debug\ca_menu.obj
c:\users\nhv90\projects\eech\debug\ca_msgs.obj
c:\users\nhv90\projects\eech\debug\ca_save.obj
c:\users\nhv90\projects\eech\debug\ca_selct.obj
c:\users\nhv90\projects\eech\debug\ca_sort.obj
c:\users\nhv90\projects\eech\debug\ca_stat.obj
c:\users\nhv90\projects\eech\debug\ca_wload.obj
c:\users\nhv90\projects\eech\debug\cb_creat.obj
c:\users\nhv90\projects\eech\debug\cb_draw.obj
c:\users\nhv90\projects\eech\debug\cb_dstry.obj
c:\users\nhv90\projects\eech\debug\cb_float.obj
c:\users\nhv90\projects\eech\debug\cb_funcs.obj
c:\users\nhv90\projects\eech\debug\cb_int.obj
c:\users\nhv90\projects\eech\debug\cb_list.obj
c:\users\nhv90\projects\eech\debug\cb_msgs.obj
c:\users\nhv90\projects\eech\debug\cb_pack.obj
c:\users\nhv90\projects\eech\debug\cdmusic.obj
c:\users\nhv90\projects\eech\debug\cdrom.obj
c:\users\nhv90\projects\eech\debug\cg_creat.obj
c:\users\nhv90\projects\eech\debug\cg_draw.obj
c:\users\nhv90\projects\eech\debug\cg_dstry.obj
c:\users\nhv90\projects\eech\debug\cg_funcs.obj
c:\users\nhv90\projects\eech\debug\cg_int.obj
c:\users\nhv90\projects\eech\debug\cg_list.obj
c:\users\nhv90\projects\eech\debug\cg_move.obj
c:\users\nhv90\projects\eech\debug\cg_msgs.obj
c:\users\nhv90\projects\eech\debug\cg_pack.obj
c:\users\nhv90\projects\eech\debug\cg_ptr.obj
c:\users\nhv90\projects\eech\debug\cg_updt.obj
c:\users\nhv90\projects\eech\debug\close.obj
c:\users\nhv90\projects\eech\debug\clouds.obj
c:\users\nhv90\projects\eech\debug\cl_creat.obj
c:\users\nhv90\projects\eech\debug\cl_draw.obj
c:\users\nhv90\projects\eech\debug\cl_funcs.obj
c:\users\nhv90\projects\eech\debug\cmndline.obj
c:\users\nhv90\projects\eech\debug\cm_actn.obj
c:\users\nhv90\projects\eech\debug\cm_att.obj
c:\users\nhv90\projects\eech\debug\cm_auto.obj
c:\users\nhv90\projects\eech\debug\cm_avevn.obj
c:\users\nhv90\projects\eech\debug\cm_avlmp.obj
c:\users\nhv90\projects\eech\debug\cm_build.obj
c:\users\nhv90\projects\eech\debug\cm_chase.obj
c:\users\nhv90\projects\eech\debug\cm_cine.obj
c:\users\nhv90\projects\eech\debug\cm_ckpt.obj
c:\users\nhv90\projects\eech\debug\cm_cowpn.obj
c:\users\nhv90\projects\eech\debug\cm_cpg.obj
c:\users\nhv90\projects\eech\debug\cm_creat.obj
c:\users\nhv90\projects\eech\debug\cm_crew.obj
c:\users\nhv90\projects\eech\debug\cm_dam.obj
c:\users\nhv90\projects\eech\debug\cm_dbrf.obj
c:\users\nhv90\projects\eech\debug\cm_doors.obj
c:\users\nhv90\projects\eech\debug\cm_drop.obj
c:\users\nhv90\projects\eech\debug\cm_dstry.obj
c:\users\nhv90\projects\eech\debug\cm_dyn.obj
c:\users\nhv90\projects\eech\debug\cm_eject.obj
c:\users\nhv90\projects\eech\debug\cm_end.obj
c:\users\nhv90\projects\eech\debug\cm_eo.obj
c:\users\nhv90\projects\eech\debug\cm_explo.obj
c:\users\nhv90\projects\eech\debug\cm_float.obj
c:\users\nhv90\projects\eech\debug\cm_flyby.obj
c:\users\nhv90\projects\eech\debug\cm_free.obj
c:\users\nhv90\projects\eech\debug\cm_funcs.obj
c:\users\nhv90\projects\eech\debug\cm_hms.obj
c:\users\nhv90\projects\eech\debug\cm_hud.obj
c:\users\nhv90\projects\eech\debug\cm_int.obj
c:\users\nhv90\projects\eech\debug\cm_lamps.obj
c:\users\nhv90\projects\eech\debug\cm_list.obj
c:\users\nhv90\projects\eech\debug\cm_mfd.obj
c:\users\nhv90\projects\eech\debug\cm_mode.obj
c:\users\nhv90\projects\eech\debug\cm_msgs.obj
c:\users\nhv90\projects\eech\debug\cm_pack.obj
c:\users\nhv90\projects\eech\debug\cm_pilot.obj
c:\users\nhv90\projects\eech\debug\cm_ptr.obj
c:\users\nhv90\projects\eech\debug\cm_radar.obj
c:\users\nhv90\projects\eech\debug\cm_recog.obj
c:\users\nhv90\projects\eech\debug\cm_rvrs.obj
c:\users\nhv90\projects\eech\debug\cm_satel.obj
c:\users\nhv90\projects\eech\debug\cm_stat.obj
c:\users\nhv90\projects\eech\debug\cm_tgt.obj
c:\users\nhv90\projects\eech\debug\cm_thrt.obj
c:\users\nhv90\projects\eech\debug\cm_updt.obj
c:\users\nhv90\projects\eech\debug\cm_vckpt.obj
c:\users\nhv90\projects\eech\debug\cm_vec3d.obj
c:\users\nhv90\projects\eech\debug\cm_view.obj
c:\users\nhv90\projects\eech\debug\cm_wiper.obj
c:\users\nhv90\projects\eech\debug\cm_wpn.obj
c:\users\nhv90\projects\eech\debug\cockpits.obj
c:\users\nhv90\projects\eech\debug\collect.obj
c:\users\nhv90\projects\eech\debug\common.obj
c:\users\nhv90\projects\eech\debug\comms.obj
c:\users\nhv90\projects\eech\debug\commsserver.obj
c:\users\nhv90\projects\eech\debug\comm_man.obj
c:\users\nhv90\projects\eech\debug\constant.obj
c:\users\nhv90\projects\eech\debug\co_avevn.obj
c:\users\nhv90\projects\eech\debug\co_ckpt.obj
c:\users\nhv90\projects\eech\debug\co_crew.obj
c:\users\nhv90\projects\eech\debug\co_dam.obj
c:\users\nhv90\projects\eech\debug\co_dmg.obj
c:\users\nhv90\projects\eech\debug\co_dyn.obj
c:\users\nhv90\projects\eech\debug\co_eo.obj
c:\users\nhv90\projects\eech\debug\co_event.obj
c:\users\nhv90\projects\eech\debug\co_force.obj
c:\users\nhv90\projects\eech\debug\co_grstab.obj
c:\users\nhv90\projects\eech\debug\co_hms.obj
c:\users\nhv90\projects\eech\debug\co_hud.obj
c:\users\nhv90\projects\eech\debug\co_mfd.obj
c:\users\nhv90\projects\eech\debug\co_nvs.obj
c:\users\nhv90\projects\eech\debug\co_pfz.obj
c:\users\nhv90\projects\eech\debug\co_radar.obj
c:\users\nhv90\projects\eech\debug\co_symbl.obj
c:\users\nhv90\projects\eech\debug\co_tgt.obj
c:\users\nhv90\projects\eech\debug\co_thrt.obj
c:\users\nhv90\projects\eech\debug\co_tsd.obj
c:\users\nhv90\projects\eech\debug\co_undercarriage.obj
c:\users\nhv90\projects\eech\debug\co_vckpt.obj
c:\users\nhv90\projects\eech\debug\co_wiper.obj
c:\users\nhv90\projects\eech\debug\co_wp.obj
c:\users\nhv90\projects\eech\debug\co_wpn.obj
c:\users\nhv90\projects\eech\debug\cpuclock.obj
c:\users\nhv90\projects\eech\debug\credits.obj
c:\users\nhv90\projects\eech\debug\croute.obj
c:\users\nhv90\projects\eech\debug\cr_creat.obj
c:\users\nhv90\projects\eech\debug\cr_dbase.obj
c:\users\nhv90\projects\eech\debug\cr_draw.obj
c:\users\nhv90\projects\eech\debug\cr_dstry.obj
c:\users\nhv90\projects\eech\debug\cr_float.obj
c:\users\nhv90\projects\eech\debug\cr_funcs.obj
c:\users\nhv90\projects\eech\debug\cr_list.obj
c:\users\nhv90\projects\eech\debug\cr_msgs.obj
c:\users\nhv90\projects\eech\debug\cr_pack.obj
c:\users\nhv90\projects\eech\debug\cr_updt.obj
c:\users\nhv90\projects\eech\debug\ct_creat.obj
c:\users\nhv90\projects\eech\debug\ct_draw.obj
c:\users\nhv90\projects\eech\debug\ct_dstry.obj
c:\users\nhv90\projects\eech\debug\ct_float.obj
c:\users\nhv90\projects\eech\debug\ct_funcs.obj
c:\users\nhv90\projects\eech\debug\ct_int.obj
c:\users\nhv90\projects\eech\debug\ct_list.obj
c:\users\nhv90\projects\eech\debug\ct_msgs.obj
c:\users\nhv90\projects\eech\debug\ct_pack.obj
c:\users\nhv90\projects\eech\debug\ct_vec3d.obj
c:\users\nhv90\projects\eech\debug\cyclic.obj
c:\users\nhv90\projects\eech\debug\damage.obj
c:\users\nhv90\projects\eech\debug\debug.obj
c:\users\nhv90\projects\eech\debug\dedi_sc.obj
c:\users\nhv90\projects\eech\debug\deinit.obj
c:\users\nhv90\projects\eech\debug\df3d_vckpt.obj
c:\users\nhv90\projects\eech\debug\df_avevn.obj
c:\users\nhv90\projects\eech\debug\df_avlmp.obj
c:\users\nhv90\projects\eech\debug\df_ckpt.obj
c:\users\nhv90\projects\eech\debug\df_dam.obj
c:\users\nhv90\projects\eech\debug\df_eo.obj
c:\users\nhv90\projects\eech\debug\df_front.obj
c:\users\nhv90\projects\eech\debug\df_hms.obj
c:\users\nhv90\projects\eech\debug\df_hud.obj
c:\users\nhv90\projects\eech\debug\df_instr.obj
c:\users\nhv90\projects\eech\debug\df_lamps.obj
c:\users\nhv90\projects\eech\debug\df_mfd.obj
c:\users\nhv90\projects\eech\debug\df_radar.obj
c:\users\nhv90\projects\eech\debug\df_tgt.obj
c:\users\nhv90\projects\eech\debug\df_thrt.obj
c:\users\nhv90\projects\eech\debug\df_vckpt.obj
c:\users\nhv90\projects\eech\debug\df_wiper.obj
c:\users\nhv90\projects\eech\debug\df_wpn.obj
c:\users\nhv90\projects\eech\debug\directp.obj
c:\users\nhv90\projects\eech\debug\dirsound.obj
c:\users\nhv90\projects\eech\debug\division.obj
c:\users\nhv90\projects\eech\debug\downwash.obj
c:\users\nhv90\projects\eech\debug\dpguid.obj
c:\users\nhv90\projects\eech\debug\dsound.obj
c:\users\nhv90\projects\eech\debug\dsound3d.obj
c:\users\nhv90\projects\eech\debug\dv_creat.obj
c:\users\nhv90\projects\eech\debug\dv_dbase.obj
c:\users\nhv90\projects\eech\debug\dv_dstry.obj
c:\users\nhv90\projects\eech\debug\dv_funcs.obj
c:\users\nhv90\projects\eech\debug\dv_int.obj
c:\users\nhv90\projects\eech\debug\dv_list.obj
c:\users\nhv90\projects\eech\debug\dv_msgs.obj
c:\users\nhv90\projects\eech\debug\dv_pack.obj
c:\users\nhv90\projects\eech\debug\dv_str.obj
c:\users\nhv90\projects\eech\debug\dw_dbase.obj
c:\users\nhv90\projects\eech\debug\dynamics.obj
c:\users\nhv90\projects\eech\debug\eechini.obj
c:\users\nhv90\projects\eech\debug\ef_dbase.obj
c:\users\nhv90\projects\eech\debug\ef_funcs.obj
c:\users\nhv90\projects\eech\debug\ef_int.obj
c:\users\nhv90\projects\eech\debug\ef_list.obj
c:\users\nhv90\projects\eech\debug\ef_msgs.obj
c:\users\nhv90\projects\eech\debug\ef_pack.obj
c:\users\nhv90\projects\eech\debug\ef_vec3d.obj
c:\users\nhv90\projects\eech\debug\engage.obj
c:\users\nhv90\projects\eech\debug\en_anim.obj
c:\users\nhv90\projects\eech\debug\en_att.obj
c:\users\nhv90\projects\eech\debug\en_attrs.obj
c:\users\nhv90\projects\eech\debug\en_char.obj
c:\users\nhv90\projects\eech\debug\en_cllsn.obj
c:\users\nhv90\projects\eech\debug\en_comms.obj
c:\users\nhv90\projects\eech\debug\en_creat.obj
c:\users\nhv90\projects\eech\debug\en_dbarg.obj
c:\users\nhv90\projects\eech\debug\en_dbase.obj
c:\users\nhv90\projects\eech\debug\en_dbdrw.obj
c:\users\nhv90\projects\eech\debug\en_dblst.obj
c:\users\nhv90\projects\eech\debug\en_dbmsg.obj
c:\users\nhv90\projects\eech\debug\en_draw.obj
c:\users\nhv90\projects\eech\debug\en_dstry.obj
c:\users\nhv90\projects\eech\debug\en_float.obj
c:\users\nhv90\projects\eech\debug\en_force.obj
c:\users\nhv90\projects\eech\debug\en_forms.obj
c:\users\nhv90\projects\eech\debug\en_funcs.obj
c:\users\nhv90\projects\eech\debug\en_group.obj
c:\users\nhv90\projects\eech\debug\en_heap.obj
c:\users\nhv90\projects\eech\debug\en_init.obj
c:\users\nhv90\projects\eech\debug\en_int.obj
c:\users\nhv90\projects\eech\debug\en_list.obj
c:\users\nhv90\projects\eech\debug\en_maths.obj
c:\users\nhv90\projects\eech\debug\en_misc.obj
c:\users\nhv90\projects\eech\debug\en_msgs.obj
c:\users\nhv90\projects\eech\debug\en_pack.obj
c:\users\nhv90\projects\eech\debug\en_ptr.obj
c:\users\nhv90\projects\eech\debug\en_sbtyp.obj
c:\users\nhv90\projects\eech\debug\en_sessn.obj
c:\users\nhv90\projects\eech\debug\en_side.obj
c:\users\nhv90\projects\eech\debug\en_snd.obj
c:\users\nhv90\projects\eech\debug\en_state.obj
c:\users\nhv90\projects\eech\debug\en_stats.obj
c:\users\nhv90\projects\eech\debug\en_str.obj
c:\users\nhv90\projects\eech\debug\en_suply.obj
c:\users\nhv90\projects\eech\debug\en_task.obj
c:\users\nhv90\projects\eech\debug\en_types.obj
c:\users\nhv90\projects\eech\debug\en_updt.obj
c:\users\nhv90\projects\eech\debug\en_valid.obj
c:\users\nhv90\projects\eech\debug\en_vec3d.obj
c:\users\nhv90\projects\eech\debug\en_view.obj
c:\users\nhv90\projects\eech\debug\en_world.obj
c:\users\nhv90\projects\eech\debug\en_wp.obj
c:\users\nhv90\projects\eech\debug\event.obj
c:\users\nhv90\projects\eech\debug\ev_alpha.obj
c:\users\nhv90\projects\eech\debug\ev_debug.obj
c:\users\nhv90\projects\eech\debug\ev_fns.obj
c:\users\nhv90\projects\eech\debug\ev_stack.obj
c:\users\nhv90\projects\eech\debug\exit_sc.obj
c:\users\nhv90\projects\eech\debug\explosn.obj
c:\users\nhv90\projects\eech\debug\faction.obj
c:\users\nhv90\projects\eech\debug\fc_creat.obj
c:\users\nhv90\projects\eech\debug\fc_dstry.obj
c:\users\nhv90\projects\eech\debug\fc_float.obj
c:\users\nhv90\projects\eech\debug\fc_funcs.obj
c:\users\nhv90\projects\eech\debug\fc_int.obj
c:\users\nhv90\projects\eech\debug\fc_list.obj
c:\users\nhv90\projects\eech\debug\fc_msgs.obj
c:\users\nhv90\projects\eech\debug\fc_pack.obj
c:\users\nhv90\projects\eech\debug\fc_str.obj
c:\users\nhv90\projects\eech\debug\fc_updt.obj
c:\users\nhv90\projects\eech\debug\fflight.obj
c:\users\nhv90\projects\eech\debug\ff_info.obj
c:\users\nhv90\projects\eech\debug\ff_map.obj
c:\users\nhv90\projects\eech\debug\ff_selct.obj
c:\users\nhv90\projects\eech\debug\filedir.obj
c:\users\nhv90\projects\eech\debug\files.obj
c:\users\nhv90\projects\eech\debug\file_tag.obj
c:\users\nhv90\projects\eech\debug\fixed.obj
c:\users\nhv90\projects\eech\debug\fixedpt.obj
c:\users\nhv90\projects\eech\debug\fixwing.obj
c:\users\nhv90\projects\eech\debug\flight.obj
c:\users\nhv90\projects\eech\debug\force.obj
c:\users\nhv90\projects\eech\debug\fpu.obj
c:\users\nhv90\projects\eech\debug\fw_anim.obj
c:\users\nhv90\projects\eech\debug\fw_creat.obj
c:\users\nhv90\projects\eech\debug\fw_draw.obj
c:\users\nhv90\projects\eech\debug\fw_dstry.obj
c:\users\nhv90\projects\eech\debug\fw_float.obj
c:\users\nhv90\projects\eech\debug\fw_funcs.obj
c:\users\nhv90\projects\eech\debug\fw_int.obj
c:\users\nhv90\projects\eech\debug\fw_list.obj
c:\users\nhv90\projects\eech\debug\fw_move.obj
c:\users\nhv90\projects\eech\debug\fw_msgs.obj
c:\users\nhv90\projects\eech\debug\fw_pack.obj
c:\users\nhv90\projects\eech\debug\fw_tgt.obj
c:\users\nhv90\projects\eech\debug\fw_updt.obj
c:\users\nhv90\projects\eech\debug\fx_dbase.obj
c:\users\nhv90\projects\eech\debug\fx_float.obj
c:\users\nhv90\projects\eech\debug\fx_funcs.obj
c:\users\nhv90\projects\eech\debug\fx_int.obj
c:\users\nhv90\projects\eech\debug\fx_list.obj
c:\users\nhv90\projects\eech\debug\fx_msgs.obj
c:\users\nhv90\projects\eech\debug\fx_objdb.obj
c:\users\nhv90\projects\eech\debug\fx_pack.obj
c:\users\nhv90\projects\eech\debug\fx_str.obj
c:\users\nhv90\projects\eech\debug\fx_vec3d.obj
c:\users\nhv90\projects\eech\debug\game.obj
c:\users\nhv90\projects\eech\debug\gameexit.obj
c:\users\nhv90\projects\eech\debug\gameflow.obj
c:\users\nhv90\projects\eech\debug\gametype.obj
c:\users\nhv90\projects\eech\debug\gd_attck.obj
c:\users\nhv90\projects\eech\debug\gd_cover.obj
c:\users\nhv90\projects\eech\debug\gd_creat.obj
c:\users\nhv90\projects\eech\debug\gd_dbase.obj
c:\users\nhv90\projects\eech\debug\gd_draw.obj
c:\users\nhv90\projects\eech\debug\gd_dstry.obj
c:\users\nhv90\projects\eech\debug\gd_float.obj
c:\users\nhv90\projects\eech\debug\gd_funcs.obj
c:\users\nhv90\projects\eech\debug\gd_int.obj
c:\users\nhv90\projects\eech\debug\gd_list.obj
c:\users\nhv90\projects\eech\debug\gd_msgs.obj
c:\users\nhv90\projects\eech\debug\gd_nav.obj
c:\users\nhv90\projects\eech\debug\gd_pack.obj
c:\users\nhv90\projects\eech\debug\gd_ptr.obj
c:\users\nhv90\projects\eech\debug\gd_updt.obj
c:\users\nhv90\projects\eech\debug\gd_vec3d.obj
c:\users\nhv90\projects\eech\debug\gfxfiles.obj
c:\users\nhv90\projects\eech\debug\global.obj
c:\users\nhv90\projects\eech\debug\gmty_sc.obj
c:\users\nhv90\projects\eech\debug\gp_creat.obj
c:\users\nhv90\projects\eech\debug\gp_dbase.obj
c:\users\nhv90\projects\eech\debug\gp_dstry.obj
c:\users\nhv90\projects\eech\debug\gp_float.obj
c:\users\nhv90\projects\eech\debug\gp_funcs.obj
c:\users\nhv90\projects\eech\debug\gp_int.obj
c:\users\nhv90\projects\eech\debug\gp_list.obj
c:\users\nhv90\projects\eech\debug\gp_msgs.obj
c:\users\nhv90\projects\eech\debug\gp_pack.obj
c:\users\nhv90\projects\eech\debug\gp_ptr.obj
c:\users\nhv90\projects\eech\debug\gp_str.obj
c:\users\nhv90\projects\eech\debug\gp_updt.obj
c:\users\nhv90\projects\eech\debug\gp_vec3d.obj
c:\users\nhv90\projects\eech\debug\group.obj
c:\users\nhv90\projects\eech\debug\guide.obj
c:\users\nhv90\projects\eech\debug\guns_sc.obj
c:\users\nhv90\projects\eech\debug\gwutcfg.obj
c:\users\nhv90\projects\eech\debug\ha_avevn.obj
c:\users\nhv90\projects\eech\debug\ha_avlmp.obj
c:\users\nhv90\projects\eech\debug\ha_ckpt.obj
c:\users\nhv90\projects\eech\debug\ha_dam.obj
c:\users\nhv90\projects\eech\debug\ha_dyn.obj
c:\users\nhv90\projects\eech\debug\ha_ekran.obj
c:\users\nhv90\projects\eech\debug\ha_eo.obj
c:\users\nhv90\projects\eech\debug\ha_hms.obj
c:\users\nhv90\projects\eech\debug\ha_hud.obj
c:\users\nhv90\projects\eech\debug\ha_instr.obj
c:\users\nhv90\projects\eech\debug\ha_lamps.obj
c:\users\nhv90\projects\eech\debug\ha_mfd.obj
c:\users\nhv90\projects\eech\debug\ha_radar.obj
c:\users\nhv90\projects\eech\debug\ha_tgt.obj
c:\users\nhv90\projects\eech\debug\ha_thrt.obj
c:\users\nhv90\projects\eech\debug\ha_vckpt.obj
c:\users\nhv90\projects\eech\debug\ha_wiper.obj
c:\users\nhv90\projects\eech\debug\ha_wpn.obj
c:\users\nhv90\projects\eech\debug\hc_anim.obj
c:\users\nhv90\projects\eech\debug\hc_creat.obj
c:\users\nhv90\projects\eech\debug\hc_draw.obj
c:\users\nhv90\projects\eech\debug\hc_dstry.obj
c:\users\nhv90\projects\eech\debug\hc_float.obj
c:\users\nhv90\projects\eech\debug\hc_funcs.obj
c:\users\nhv90\projects\eech\debug\hc_int.obj
c:\users\nhv90\projects\eech\debug\hc_list.obj
c:\users\nhv90\projects\eech\debug\hc_move.obj
c:\users\nhv90\projects\eech\debug\hc_msgs.obj
c:\users\nhv90\projects\eech\debug\hc_pack.obj
c:\users\nhv90\projects\eech\debug\hc_tgt.obj
c:\users\nhv90\projects\eech\debug\hc_updt.obj
c:\users\nhv90\projects\eech\debug\hc_vec3d.obj
c:\users\nhv90\projects\eech\debug\helicop.obj
c:\users\nhv90\projects\eech\debug\highlevl.obj
c:\users\nhv90\projects\eech\debug\hi_3dvckpt.obj
c:\users\nhv90\projects\eech\debug\hi_3dwiper.obj
c:\users\nhv90\projects\eech\debug\hi_avevn.obj
c:\users\nhv90\projects\eech\debug\hi_avlmp.obj
c:\users\nhv90\projects\eech\debug\hi_ckpt.obj
c:\users\nhv90\projects\eech\debug\hi_dam.obj
c:\users\nhv90\projects\eech\debug\hi_dyn.obj
c:\users\nhv90\projects\eech\debug\hi_ekran.obj
c:\users\nhv90\projects\eech\debug\hi_eo.obj
c:\users\nhv90\projects\eech\debug\hi_hms.obj
c:\users\nhv90\projects\eech\debug\hi_hud.obj
c:\users\nhv90\projects\eech\debug\hi_instr.obj
c:\users\nhv90\projects\eech\debug\hi_lamps.obj
c:\users\nhv90\projects\eech\debug\hi_mfd.obj
c:\users\nhv90\projects\eech\debug\hi_radar.obj
c:\users\nhv90\projects\eech\debug\hi_tgt.obj
c:\users\nhv90\projects\eech\debug\hi_thrt.obj
c:\users\nhv90\projects\eech\debug\hi_vckpt.obj
c:\users\nhv90\projects\eech\debug\hi_wiper.obj
c:\users\nhv90\projects\eech\debug\hi_wpn.obj
c:\users\nhv90\projects\eech\debug\hk_avevn.obj
c:\users\nhv90\projects\eech\debug\hk_avlmp.obj
c:\users\nhv90\projects\eech\debug\hk_ckpt.obj
c:\users\nhv90\projects\eech\debug\hk_cpg.obj
c:\users\nhv90\projects\eech\debug\hk_crew.obj
c:\users\nhv90\projects\eech\debug\hk_dam.obj
c:\users\nhv90\projects\eech\debug\hk_doors.obj
c:\users\nhv90\projects\eech\debug\hk_eo.obj
c:\users\nhv90\projects\eech\debug\hk_hms.obj
c:\users\nhv90\projects\eech\debug\hk_hud.obj
c:\users\nhv90\projects\eech\debug\hk_instr.obj
c:\users\nhv90\projects\eech\debug\hk_lamps.obj
c:\users\nhv90\projects\eech\debug\hk_mfd.obj
c:\users\nhv90\projects\eech\debug\hk_pilot.obj
c:\users\nhv90\projects\eech\debug\hk_radar.obj
c:\users\nhv90\projects\eech\debug\hk_tgt.obj
c:\users\nhv90\projects\eech\debug\hk_thrt.obj
c:\users\nhv90\projects\eech\debug\hk_vckpt.obj
c:\users\nhv90\projects\eech\debug\hk_wiper.obj
c:\users\nhv90\projects\eech\debug\hk_wpn.obj
c:\users\nhv90\projects\eech\debug\hm_avevn.obj
c:\users\nhv90\projects\eech\debug\hm_avlmp.obj
c:\users\nhv90\projects\eech\debug\hm_ckpt.obj
c:\users\nhv90\projects\eech\debug\hm_crew.obj
c:\users\nhv90\projects\eech\debug\hm_dam.obj
c:\users\nhv90\projects\eech\debug\hm_doors.obj
c:\users\nhv90\projects\eech\debug\hm_dyn.obj
c:\users\nhv90\projects\eech\debug\hm_eo.obj
c:\users\nhv90\projects\eech\debug\hm_hms.obj
c:\users\nhv90\projects\eech\debug\hm_hud.obj
c:\users\nhv90\projects\eech\debug\hm_instr.obj
c:\users\nhv90\projects\eech\debug\hm_lamps.obj
c:\users\nhv90\projects\eech\debug\hm_mfd.obj
c:\users\nhv90\projects\eech\debug\hm_pilot.obj
c:\users\nhv90\projects\eech\debug\hm_tgt.obj
c:\users\nhv90\projects\eech\debug\hm_thrt.obj
c:\users\nhv90\projects\eech\debug\hm_vckpt.obj
c:\users\nhv90\projects\eech\debug\hm_wiper.obj
c:\users\nhv90\projects\eech\debug\hm_wpn.obj
c:\users\nhv90\projects\eech\debug\ho_dyn.obj
c:\users\nhv90\projects\eech\debug\iff.obj
c:\users\nhv90\projects\eech\debug\imaps.obj
c:\users\nhv90\projects\eech\debug\infobar.obj
c:\users\nhv90\projects\eech\debug\init.obj
c:\users\nhv90\projects\eech\debug\initmath.obj
c:\users\nhv90\projects\eech\debug\init_sc.obj
c:\users\nhv90\projects\eech\debug\input.obj
c:\users\nhv90\projects\eech\debug\install.obj
c:\users\nhv90\projects\eech\debug\int_list.obj
c:\users\nhv90\projects\eech\debug\invsqrt.obj
c:\users\nhv90\projects\eech\debug\in_creat.obj
c:\users\nhv90\projects\eech\debug\in_draw.obj
c:\users\nhv90\projects\eech\debug\in_flags.obj
c:\users\nhv90\projects\eech\debug\in_funcs.obj
c:\users\nhv90\projects\eech\debug\in_updt.obj
c:\users\nhv90\projects\eech\debug\joyevent.obj
c:\users\nhv90\projects\eech\debug\joystick.obj
c:\users\nhv90\projects\eech\debug\keyboard.obj
c:\users\nhv90\projects\eech\debug\keyevent.obj
c:\users\nhv90\projects\eech\debug\keymapping.obj
c:\users\nhv90\projects\eech\debug\keysite.obj
c:\users\nhv90\projects\eech\debug\key_anim.obj
c:\users\nhv90\projects\eech\debug\ki_avevn.obj
c:\users\nhv90\projects\eech\debug\ki_avlmp.obj
c:\users\nhv90\projects\eech\debug\ki_ckpt.obj
c:\users\nhv90\projects\eech\debug\ki_cowpn.obj
c:\users\nhv90\projects\eech\debug\ki_cpg.obj
c:\users\nhv90\projects\eech\debug\ki_crew.obj
c:\users\nhv90\projects\eech\debug\ki_dam.obj
c:\users\nhv90\projects\eech\debug\ki_doors.obj
c:\users\nhv90\projects\eech\debug\ki_dyn.obj
c:\users\nhv90\projects\eech\debug\ki_eo.obj
c:\users\nhv90\projects\eech\debug\ki_hms.obj
c:\users\nhv90\projects\eech\debug\ki_hud.obj
c:\users\nhv90\projects\eech\debug\ki_instr.obj
c:\users\nhv90\projects\eech\debug\ki_lamps.obj
c:\users\nhv90\projects\eech\debug\ki_mfd.obj
c:\users\nhv90\projects\eech\debug\ki_pilot.obj
c:\users\nhv90\projects\eech\debug\ki_tgt.obj
c:\users\nhv90\projects\eech\debug\ki_thrt.obj
c:\users\nhv90\projects\eech\debug\ki_vckpt.obj
c:\users\nhv90\projects\eech\debug\ki_wiper.obj
c:\users\nhv90\projects\eech\debug\ks_creat.obj
c:\users\nhv90\projects\eech\debug\ks_dbase.obj
c:\users\nhv90\projects\eech\debug\ks_dstry.obj
c:\users\nhv90\projects\eech\debug\ks_float.obj
c:\users\nhv90\projects\eech\debug\ks_funcs.obj
c:\users\nhv90\projects\eech\debug\ks_int.obj
c:\users\nhv90\projects\eech\debug\ks_list.obj
c:\users\nhv90\projects\eech\debug\ks_msgs.obj
c:\users\nhv90\projects\eech\debug\ks_pack.obj
c:\users\nhv90\projects\eech\debug\ks_str.obj
c:\users\nhv90\projects\eech\debug\ks_updt.obj
c:\users\nhv90\projects\eech\debug\ks_vec3d.obj
c:\users\nhv90\projects\eech\debug\landing.obj
c:\users\nhv90\projects\eech\debug\language.obj
c:\users\nhv90\projects\eech\debug\ld_creat.obj
c:\users\nhv90\projects\eech\debug\ld_dstry.obj
c:\users\nhv90\projects\eech\debug\ld_float.obj
c:\users\nhv90\projects\eech\debug\ld_funcs.obj
c:\users\nhv90\projects\eech\debug\ld_int.obj
c:\users\nhv90\projects\eech\debug\ld_list.obj
c:\users\nhv90\projects\eech\debug\ld_msgs.obj
c:\users\nhv90\projects\eech\debug\ld_pack.obj
c:\users\nhv90\projects\eech\debug\ld_str.obj
c:\users\nhv90\projects\eech\debug\ld_updt.obj
c:\users\nhv90\projects\eech\debug\ld_vec3d.obj
c:\users\nhv90\projects\eech\debug\list.obj
c:\users\nhv90\projects\eech\debug\li_creat.obj
c:\users\nhv90\projects\eech\debug\li_draw.obj
c:\users\nhv90\projects\eech\debug\li_flags.obj
c:\users\nhv90\projects\eech\debug\li_funcs.obj
c:\users\nhv90\projects\eech\debug\li_size.obj
c:\users\nhv90\projects\eech\debug\li_updt.obj
c:\users\nhv90\projects\eech\debug\load_sc.obj
c:\users\nhv90\projects\eech\debug\main_fn.obj
c:\users\nhv90\projects\eech\debug\main_sc.obj
c:\users\nhv90\projects\eech\debug\map.obj
c:\users\nhv90\projects\eech\debug\matrix.obj
c:\users\nhv90\projects\eech\debug\mb_att.obj
c:\users\nhv90\projects\eech\debug\mb_float.obj
c:\users\nhv90\projects\eech\debug\mb_funcs.obj
c:\users\nhv90\projects\eech\debug\mb_int.obj
c:\users\nhv90\projects\eech\debug\mb_list.obj
c:\users\nhv90\projects\eech\debug\mb_move.obj
c:\users\nhv90\projects\eech\debug\mb_msgs.obj
c:\users\nhv90\projects\eech\debug\mb_pack.obj
c:\users\nhv90\projects\eech\debug\mb_tgt.obj
c:\users\nhv90\projects\eech\debug\mb_vec3d.obj
c:\users\nhv90\projects\eech\debug\memblock.obj
c:\users\nhv90\projects\eech\debug\memcmp.obj
c:\users\nhv90\projects\eech\debug\memory.obj
c:\users\nhv90\projects\eech\debug\menu.obj
c:\users\nhv90\projects\eech\debug\menus.obj
c:\users\nhv90\projects\eech\debug\message.obj
c:\users\nhv90\projects\eech\debug\me_creat.obj
c:\users\nhv90\projects\eech\debug\me_draw.obj
c:\users\nhv90\projects\eech\debug\me_funcs.obj
c:\users\nhv90\projects\eech\debug\me_updt.obj
c:\users\nhv90\projects\eech\debug\miscell.obj
c:\users\nhv90\projects\eech\debug\miscmath.obj
c:\users\nhv90\projects\eech\debug\mission.obj
c:\users\nhv90\projects\eech\debug\mobile.obj
c:\users\nhv90\projects\eech\debug\modcredits.obj
c:\users\nhv90\projects\eech\debug\mouse.obj
c:\users\nhv90\projects\eech\debug\msg_in.obj
c:\users\nhv90\projects\eech\debug\msg_out.obj
c:\users\nhv90\projects\eech\debug\mslider.obj
c:\users\nhv90\projects\eech\debug\ms_creat.obj
c:\users\nhv90\projects\eech\debug\ms_draw.obj
c:\users\nhv90\projects\eech\debug\ms_flags.obj
c:\users\nhv90\projects\eech\debug\ms_funcs.obj
c:\users\nhv90\projects\eech\debug\ms_updt.obj
c:\users\nhv90\projects\eech\debug\mult_fn.obj
c:\users\nhv90\projects\eech\debug\mult_sc.obj
c:\users\nhv90\projects\eech\debug\number.obj
c:\users\nhv90\projects\eech\debug\nu_creat.obj
c:\users\nhv90\projects\eech\debug\nu_draw.obj
c:\users\nhv90\projects\eech\debug\nu_flags.obj
c:\users\nhv90\projects\eech\debug\nu_fns.obj
c:\users\nhv90\projects\eech\debug\nu_funcs.obj
c:\users\nhv90\projects\eech\debug\nu_txt.obj
c:\users\nhv90\projects\eech\debug\ob_creat.obj
c:\users\nhv90\projects\eech\debug\ob_draw.obj
c:\users\nhv90\projects\eech\debug\ob_dstry.obj
c:\users\nhv90\projects\eech\debug\ob_funcs.obj
c:\users\nhv90\projects\eech\debug\ob_msgs.obj
c:\users\nhv90\projects\eech\debug\ob_pack.obj
c:\users\nhv90\projects\eech\debug\ob_vec3d.obj
c:\users\nhv90\projects\eech\debug\options.obj
c:\users\nhv90\projects\eech\debug\op_commn.obj
c:\users\nhv90\projects\eech\debug\op_ctrlr.obj
c:\users\nhv90\projects\eech\debug\op_dynam.obj
c:\users\nhv90\projects\eech\debug\op_grafx.obj
c:\users\nhv90\projects\eech\debug\op_insnd.obj
c:\users\nhv90\projects\eech\debug\op_real.obj
c:\users\nhv90\projects\eech\debug\op_snd.obj
c:\users\nhv90\projects\eech\debug\order.obj
c:\users\nhv90\projects\eech\debug\parsgen.obj
c:\users\nhv90\projects\eech\debug\pa_creat.obj
c:\users\nhv90\projects\eech\debug\pa_draw.obj
c:\users\nhv90\projects\eech\debug\pa_dstry.obj
c:\users\nhv90\projects\eech\debug\pa_float.obj
c:\users\nhv90\projects\eech\debug\pa_funcs.obj
c:\users\nhv90\projects\eech\debug\pa_int.obj
c:\users\nhv90\projects\eech\debug\pa_list.obj
c:\users\nhv90\projects\eech\debug\pa_msgs.obj
c:\users\nhv90\projects\eech\debug\pa_pack.obj
c:\users\nhv90\projects\eech\debug\pa_updt.obj
c:\users\nhv90\projects\eech\debug\pedal.obj
c:\users\nhv90\projects\eech\debug\person.obj
c:\users\nhv90\projects\eech\debug\pilot.obj
c:\users\nhv90\projects\eech\debug\pi_creat.obj
c:\users\nhv90\projects\eech\debug\pi_dstry.obj
c:\users\nhv90\projects\eech\debug\pi_funcs.obj
c:\users\nhv90\projects\eech\debug\pi_int.obj
c:\users\nhv90\projects\eech\debug\pi_list.obj
c:\users\nhv90\projects\eech\debug\pi_msgs.obj
c:\users\nhv90\projects\eech\debug\pi_pack.obj
c:\users\nhv90\projects\eech\debug\pi_str.obj
c:\users\nhv90\projects\eech\debug\player.obj
c:\users\nhv90\projects\eech\debug\play_gn.obj
c:\users\nhv90\projects\eech\debug\play_hours.obj
c:\users\nhv90\projects\eech\debug\play_md.obj
c:\users\nhv90\projects\eech\debug\play_sc.obj
c:\users\nhv90\projects\eech\debug\play_wp.obj
c:\users\nhv90\projects\eech\debug\popread.obj
c:\users\nhv90\projects\eech\debug\project.obj
c:\users\nhv90\projects\eech\debug\projtile.obj
c:\users\nhv90\projects\eech\debug\ps_anim.obj
c:\users\nhv90\projects\eech\debug\ps_creat.obj
c:\users\nhv90\projects\eech\debug\ps_draw.obj
c:\users\nhv90\projects\eech\debug\ps_dstry.obj
c:\users\nhv90\projects\eech\debug\ps_float.obj
c:\users\nhv90\projects\eech\debug\ps_funcs.obj
c:\users\nhv90\projects\eech\debug\ps_int.obj
c:\users\nhv90\projects\eech\debug\ps_move.obj
c:\users\nhv90\projects\eech\debug\ps_msgs.obj
c:\users\nhv90\projects\eech\debug\ps_pack.obj
c:\users\nhv90\projects\eech\debug\ps_updt.obj
c:\users\nhv90\projects\eech\debug\pylon.obj
c:\users\nhv90\projects\eech\debug\py_creat.obj
c:\users\nhv90\projects\eech\debug\py_dbase.obj
c:\users\nhv90\projects\eech\debug\py_draw.obj
c:\users\nhv90\projects\eech\debug\py_dstry.obj
c:\users\nhv90\projects\eech\debug\py_float.obj
c:\users\nhv90\projects\eech\debug\py_funcs.obj
c:\users\nhv90\projects\eech\debug\py_int.obj
c:\users\nhv90\projects\eech\debug\py_msgs.obj
c:\users\nhv90\projects\eech\debug\py_pack.obj
c:\users\nhv90\projects\eech\debug\py_ptr.obj
c:\users\nhv90\projects\eech\debug\qternion.obj
c:\users\nhv90\projects\eech\debug\radio.obj
c:\users\nhv90\projects\eech\debug\random.obj
c:\users\nhv90\projects\eech\debug\range.obj
c:\users\nhv90\projects\eech\debug\ra_creat.obj
c:\users\nhv90\projects\eech\debug\ra_flags.obj
c:\users\nhv90\projects\eech\debug\ra_fns.obj
c:\users\nhv90\projects\eech\debug\ra_funcs.obj
c:\users\nhv90\projects\eech\debug\reaction.obj
c:\users\nhv90\projects\eech\debug\reciptab.obj
c:\users\nhv90\projects\eech\debug\regen.obj
c:\users\nhv90\projects\eech\debug\rg_creat.obj
c:\users\nhv90\projects\eech\debug\rg_dstry.obj
c:\users\nhv90\projects\eech\debug\rg_float.obj
c:\users\nhv90\projects\eech\debug\rg_funcs.obj
c:\users\nhv90\projects\eech\debug\rg_int.obj
c:\users\nhv90\projects\eech\debug\rg_list.obj
c:\users\nhv90\projects\eech\debug\rg_msgs.obj
c:\users\nhv90\projects\eech\debug\rg_pack.obj
c:\users\nhv90\projects\eech\debug\rg_updt.obj
c:\users\nhv90\projects\eech\debug\rg_vec3d.obj
c:\users\nhv90\projects\eech\debug\routed.obj
c:\users\nhv90\projects\eech\debug\routegen.obj
c:\users\nhv90\projects\eech\debug\rv_anim.obj
c:\users\nhv90\projects\eech\debug\rv_creat.obj
c:\users\nhv90\projects\eech\debug\rv_draw.obj
c:\users\nhv90\projects\eech\debug\rv_dstry.obj
c:\users\nhv90\projects\eech\debug\rv_float.obj
c:\users\nhv90\projects\eech\debug\rv_funcs.obj
c:\users\nhv90\projects\eech\debug\rv_int.obj
c:\users\nhv90\projects\eech\debug\rv_move.obj
c:\users\nhv90\projects\eech\debug\rv_msgs.obj
c:\users\nhv90\projects\eech\debug\rv_pack.obj
c:\users\nhv90\projects\eech\debug\rv_updt.obj
c:\users\nhv90\projects\eech\debug\safemem.obj
c:\users\nhv90\projects\eech\debug\screen.obj
c:\users\nhv90\projects\eech\debug\scrnshot.obj
c:\users\nhv90\projects\eech\debug\sc_creat.obj
c:\users\nhv90\projects\eech\debug\sc_draw.obj
c:\users\nhv90\projects\eech\debug\sc_dstry.obj
c:\users\nhv90\projects\eech\debug\sc_float.obj
c:\users\nhv90\projects\eech\debug\sc_funcs.obj
c:\users\nhv90\projects\eech\debug\sc_int.obj
c:\users\nhv90\projects\eech\debug\sc_list.obj
c:\users\nhv90\projects\eech\debug\sc_msgs.obj
c:\users\nhv90\projects\eech\debug\sc_pack.obj
c:\users\nhv90\projects\eech\debug\sc_seccreat.obj
c:\users\nhv90\projects\eech\debug\sc_secfuncs.obj
c:\users\nhv90\projects\eech\debug\sc_updt.obj
c:\users\nhv90\projects\eech\debug\sector.obj
c:\users\nhv90\projects\eech\debug\secure.obj
c:\users\nhv90\projects\eech\debug\segment.obj
c:\users\nhv90\projects\eech\debug\server.obj
c:\users\nhv90\projects\eech\debug\servlog.obj
c:\users\nhv90\projects\eech\debug\session.obj
c:\users\nhv90\projects\eech\debug\sess_sc.obj
c:\users\nhv90\projects\eech\debug\setup.obj
c:\users\nhv90\projects\eech\debug\se_creat.obj
c:\users\nhv90\projects\eech\debug\se_dstry.obj
c:\users\nhv90\projects\eech\debug\se_float.obj
c:\users\nhv90\projects\eech\debug\se_funcs.obj
c:\users\nhv90\projects\eech\debug\se_int.obj
c:\users\nhv90\projects\eech\debug\se_list.obj
c:\users\nhv90\projects\eech\debug\se_move.obj
c:\users\nhv90\projects\eech\debug\se_msgs.obj
c:\users\nhv90\projects\eech\debug\se_pack.obj
c:\users\nhv90\projects\eech\debug\se_ptr.obj
c:\users\nhv90\projects\eech\debug\se_snd.obj
c:\users\nhv90\projects\eech\debug\se_updt.obj
c:\users\nhv90\projects\eech\debug\se_vec3d.obj
c:\users\nhv90\projects\eech\debug\sg_creat.obj
c:\users\nhv90\projects\eech\debug\sg_dbase.obj
c:\users\nhv90\projects\eech\debug\sg_draw.obj
c:\users\nhv90\projects\eech\debug\sg_dstry.obj
c:\users\nhv90\projects\eech\debug\sg_float.obj
c:\users\nhv90\projects\eech\debug\sg_funcs.obj
c:\users\nhv90\projects\eech\debug\sg_int.obj
c:\users\nhv90\projects\eech\debug\sg_list.obj
c:\users\nhv90\projects\eech\debug\sg_msgs.obj
c:\users\nhv90\projects\eech\debug\sg_pack.obj
c:\users\nhv90\projects\eech\debug\sg_updt.obj
c:\users\nhv90\projects\eech\debug\sharedmem.obj
c:\users\nhv90\projects\eech\debug\ship.obj
c:\users\nhv90\projects\eech\debug\sh_anim.obj
c:\users\nhv90\projects\eech\debug\sh_creat.obj
c:\users\nhv90\projects\eech\debug\sh_draw.obj
c:\users\nhv90\projects\eech\debug\sh_dstry.obj
c:\users\nhv90\projects\eech\debug\sh_float.obj
c:\users\nhv90\projects\eech\debug\sh_funcs.obj
c:\users\nhv90\projects\eech\debug\sh_int.obj
c:\users\nhv90\projects\eech\debug\sh_move.obj
c:\users\nhv90\projects\eech\debug\sh_msgs.obj
c:\users\nhv90\projects\eech\debug\sh_pack.obj
c:\users\nhv90\projects\eech\debug\sh_updt.obj
c:\users\nhv90\projects\eech\debug\slider.obj
c:\users\nhv90\projects\eech\debug\sl_creat.obj
c:\users\nhv90\projects\eech\debug\sl_dbase.obj
c:\users\nhv90\projects\eech\debug\sl_draw.obj
c:\users\nhv90\projects\eech\debug\sl_dstry.obj
c:\users\nhv90\projects\eech\debug\sl_float.obj
c:\users\nhv90\projects\eech\debug\sl_funcs.obj
c:\users\nhv90\projects\eech\debug\sl_int.obj
c:\users\nhv90\projects\eech\debug\sl_list.obj
c:\users\nhv90\projects\eech\debug\sl_meta.obj
c:\users\nhv90\projects\eech\debug\sl_move.obj
c:\users\nhv90\projects\eech\debug\sl_msgs.obj
c:\users\nhv90\projects\eech\debug\sl_pack.obj
c:\users\nhv90\projects\eech\debug\sl_slid.obj
c:\users\nhv90\projects\eech\debug\sl_smokefuncs.obj
c:\users\nhv90\projects\eech\debug\sl_updt.obj
c:\users\nhv90\projects\eech\debug\sl_vec3d.obj
c:\users\nhv90\projects\eech\debug\smokelst.obj
c:\users\nhv90\projects\eech\debug\snd_data.obj
c:\users\nhv90\projects\eech\debug\snd_init.obj
c:\users\nhv90\projects\eech\debug\sn_creat.obj
c:\users\nhv90\projects\eech\debug\sn_draw.obj
c:\users\nhv90\projects\eech\debug\sn_dstry.obj
c:\users\nhv90\projects\eech\debug\sn_float.obj
c:\users\nhv90\projects\eech\debug\sn_funcs.obj
c:\users\nhv90\projects\eech\debug\sn_int.obj
c:\users\nhv90\projects\eech\debug\sn_msgs.obj
c:\users\nhv90\projects\eech\debug\sn_pack.obj
c:\users\nhv90\projects\eech\debug\soundeff.obj
c:\users\nhv90\projects\eech\debug\soundhlp.obj
c:\users\nhv90\projects\eech\debug\soundman.obj
c:\users\nhv90\projects\eech\debug\sparm_sc.obj
c:\users\nhv90\projects\eech\debug\spch_atc.obj
c:\users\nhv90\projects\eech\debug\spch_cal.obj
c:\users\nhv90\projects\eech\debug\spch_cpg.obj
c:\users\nhv90\projects\eech\debug\spch_dis.obj
c:\users\nhv90\projects\eech\debug\spch_fac.obj
c:\users\nhv90\projects\eech\debug\spch_gc.obj
c:\users\nhv90\projects\eech\debug\spch_hdg.obj
c:\users\nhv90\projects\eech\debug\spch_num.obj
c:\users\nhv90\projects\eech\debug\spch_sys.obj
c:\users\nhv90\projects\eech\debug\spch_wmn.obj
c:\users\nhv90\projects\eech\debug\speech.obj
c:\users\nhv90\projects\eech\debug\sprite.obj
c:\users\nhv90\projects\eech\debug\sp_creat.obj
c:\users\nhv90\projects\eech\debug\sp_draw.obj
c:\users\nhv90\projects\eech\debug\sp_dstry.obj
c:\users\nhv90\projects\eech\debug\sp_float.obj
c:\users\nhv90\projects\eech\debug\sp_funcs.obj
c:\users\nhv90\projects\eech\debug\sp_int.obj
c:\users\nhv90\projects\eech\debug\sp_list.obj
c:\users\nhv90\projects\eech\debug\sp_msgs.obj
c:\users\nhv90\projects\eech\debug\sp_pack.obj
c:\users\nhv90\projects\eech\debug\sp_updt.obj
c:\users\nhv90\projects\eech\debug\sp_vec3d.obj
c:\users\nhv90\projects\eech\debug\ss_creat.obj
c:\users\nhv90\projects\eech\debug\ss_dstry.obj
c:\users\nhv90\projects\eech\debug\ss_float.obj
c:\users\nhv90\projects\eech\debug\ss_funcs.obj
c:\users\nhv90\projects\eech\debug\ss_int.obj
c:\users\nhv90\projects\eech\debug\ss_list.obj
c:\users\nhv90\projects\eech\debug\ss_msgs.obj
c:\users\nhv90\projects\eech\debug\ss_pack.obj
c:\users\nhv90\projects\eech\debug\ss_updt.obj
c:\users\nhv90\projects\eech\debug\ss_vec3d.obj
c:\users\nhv90\projects\eech\debug\startup.obj
c:\users\nhv90\projects\eech\debug\string.obj
c:\users\nhv90\projects\eech\debug\st_creat.obj
c:\users\nhv90\projects\eech\debug\st_draw.obj
c:\users\nhv90\projects\eech\debug\st_dstry.obj
c:\users\nhv90\projects\eech\debug\st_float.obj
c:\users\nhv90\projects\eech\debug\st_funcs.obj
c:\users\nhv90\projects\eech\debug\st_int.obj
c:\users\nhv90\projects\eech\debug\st_list.obj
c:\users\nhv90\projects\eech\debug\st_msgs.obj
c:\users\nhv90\projects\eech\debug\st_pack.obj
c:\users\nhv90\projects\eech\debug\sub_anim.obj
c:\users\nhv90\projects\eech\debug\suitable.obj
c:\users\nhv90\projects\eech\debug\su_anim.obj
c:\users\nhv90\projects\eech\debug\su_creat.obj
c:\users\nhv90\projects\eech\debug\su_draw.obj
c:\users\nhv90\projects\eech\debug\su_dstry.obj
c:\users\nhv90\projects\eech\debug\su_float.obj
c:\users\nhv90\projects\eech\debug\su_funcs.obj
c:\users\nhv90\projects\eech\debug\su_int.obj
c:\users\nhv90\projects\eech\debug\su_list.obj
c:\users\nhv90\projects\eech\debug\su_msgs.obj
c:\users\nhv90\projects\eech\debug\su_pack.obj
c:\users\nhv90\projects\eech\debug\su_updt.obj
c:\users\nhv90\projects\eech\debug\sysinput.obj
c:\users\nhv90\projects\eech\debug\sysmess.obj
c:\users\nhv90\projects\eech\debug\tacview.obj
c:\users\nhv90\projects\eech\debug\tags.obj
c:\users\nhv90\projects\eech\debug\task.obj
c:\users\nhv90\projects\eech\debug\taskgen.obj
c:\users\nhv90\projects\eech\debug\terrbuf.obj
c:\users\nhv90\projects\eech\debug\terrcons.obj
c:\users\nhv90\projects\eech\debug\terrdata.obj
c:\users\nhv90\projects\eech\debug\terrdr.obj
c:\users\nhv90\projects\eech\debug\terrdrcl.obj
c:\users\nhv90\projects\eech\debug\terrelev.obj
c:\users\nhv90\projects\eech\debug\terrgeom.obj
c:\users\nhv90\projects\eech\debug\terrmap.obj
c:\users\nhv90\projects\eech\debug\terrobjs.obj
c:\users\nhv90\projects\eech\debug\terrre.obj
c:\users\nhv90\projects\eech\debug\terrsel.obj
c:\users\nhv90\projects\eech\debug\terrtype.obj
c:\users\nhv90\projects\eech\debug\terr_db.obj
c:\users\nhv90\projects\eech\debug\test.obj
c:\users\nhv90\projects\eech\debug\tevent.obj
c:\users\nhv90\projects\eech\debug\time.obj
c:\users\nhv90\projects\eech\debug\timeaccl.obj
c:\users\nhv90\projects\eech\debug\timer.obj
c:\users\nhv90\projects\eech\debug\titl_sc.obj
c:\users\nhv90\projects\eech\debug\tod.obj
c:\users\nhv90\projects\eech\debug\toggle.obj
c:\users\nhv90\projects\eech\debug\to_flags.obj
c:\users\nhv90\projects\eech\debug\to_fns.obj
c:\users\nhv90\projects\eech\debug\to_funcs.obj
c:\users\nhv90\projects\eech\debug\trackir.obj
c:\users\nhv90\projects\eech\debug\trig.obj
c:\users\nhv90\projects\eech\debug\ts_creat.obj
c:\users\nhv90\projects\eech\debug\ts_dbase.obj
c:\users\nhv90\projects\eech\debug\ts_dstry.obj
c:\users\nhv90\projects\eech\debug\ts_float.obj
c:\users\nhv90\projects\eech\debug\ts_funcs.obj
c:\users\nhv90\projects\eech\debug\ts_int.obj
c:\users\nhv90\projects\eech\debug\ts_list.obj
c:\users\nhv90\projects\eech\debug\ts_msgs.obj
c:\users\nhv90\projects\eech\debug\ts_pack.obj
c:\users\nhv90\projects\eech\debug\ts_ptr.obj
c:\users\nhv90\projects\eech\debug\ts_str.obj
c:\users\nhv90\projects\eech\debug\ts_updt.obj
c:\users\nhv90\projects\eech\debug\ts_vec3d.obj
c:\users\nhv90\projects\eech\debug\tx_col.obj
c:\users\nhv90\projects\eech\debug\tx_creat.obj
c:\users\nhv90\projects\eech\debug\tx_draw.obj
c:\users\nhv90\projects\eech\debug\tx_flags.obj
c:\users\nhv90\projects\eech\debug\tx_fns.obj
c:\users\nhv90\projects\eech\debug\tx_funcs.obj
c:\users\nhv90\projects\eech\debug\tx_txt.obj
c:\users\nhv90\projects\eech\debug\uiarea.obj
c:\users\nhv90\projects\eech\debug\uibutton.obj
c:\users\nhv90\projects\eech\debug\uiclip.obj
c:\users\nhv90\projects\eech\debug\uicolour.obj
c:\users\nhv90\projects\eech\debug\uifont.obj
c:\users\nhv90\projects\eech\debug\uigraph.obj
c:\users\nhv90\projects\eech\debug\uihilght.obj
c:\users\nhv90\projects\eech\debug\uiorigin.obj
c:\users\nhv90\projects\eech\debug\uiscreen.obj
c:\users\nhv90\projects\eech\debug\uisession.obj
c:\users\nhv90\projects\eech\debug\uisess_fn.obj
c:\users\nhv90\projects\eech\debug\uiwindow.obj
c:\users\nhv90\projects\eech\debug\ui_attrs.obj
c:\users\nhv90\projects\eech\debug\ui_color.obj
c:\users\nhv90\projects\eech\debug\ui_creat.obj
c:\users\nhv90\projects\eech\debug\ui_draw.obj
c:\users\nhv90\projects\eech\debug\ui_flags.obj
c:\users\nhv90\projects\eech\debug\ui_fns.obj
c:\users\nhv90\projects\eech\debug\ui_funcs.obj
c:\users\nhv90\projects\eech\debug\ui_graph.obj
c:\users\nhv90\projects\eech\debug\ui_links.obj
c:\users\nhv90\projects\eech\debug\ui_man.obj
c:\users\nhv90\projects\eech\debug\ui_notif.obj
c:\users\nhv90\projects\eech\debug\ui_obj.obj
c:\users\nhv90\projects\eech\debug\ui_org.obj
c:\users\nhv90\projects\eech\debug\ui_paint.obj
c:\users\nhv90\projects\eech\debug\ui_pos.obj
c:\users\nhv90\projects\eech\debug\ui_ptr.obj
c:\users\nhv90\projects\eech\debug\ui_size.obj
c:\users\nhv90\projects\eech\debug\ui_slid.obj
c:\users\nhv90\projects\eech\debug\ui_sys.obj
c:\users\nhv90\projects\eech\debug\ui_txt.obj
c:\users\nhv90\projects\eech\debug\ui_types.obj
c:\users\nhv90\projects\eech\debug\ui_updt.obj
c:\users\nhv90\projects\eech\debug\update.obj
c:\users\nhv90\projects\eech\debug\up_creat.obj
c:\users\nhv90\projects\eech\debug\up_dstry.obj
c:\users\nhv90\projects\eech\debug\up_funcs.obj
c:\users\nhv90\projects\eech\debug\up_list.obj
c:\users\nhv90\projects\eech\debug\up_msgs.obj
c:\users\nhv90\projects\eech\debug\up_pack.obj
c:\users\nhv90\projects\eech\debug\up_update.obj
c:\users\nhv90\projects\eech\debug\userdef.obj
c:\users\nhv90\projects\eech\debug\vector.obj
c:\users\nhv90\projects\eech\debug\vehicle.obj
c:\users\nhv90\projects\eech\debug\vh_anim.obj
c:\users\nhv90\projects\eech\debug\vh_dbase.obj
c:\users\nhv90\projects\eech\debug\vh_float.obj
c:\users\nhv90\projects\eech\debug\vh_funcs.obj
c:\users\nhv90\projects\eech\debug\vh_int.obj
c:\users\nhv90\projects\eech\debug\vh_list.obj
c:\users\nhv90\projects\eech\debug\vh_msgs.obj
c:\users\nhv90\projects\eech\debug\vh_pack.obj
c:\users\nhv90\projects\eech\debug\vh_ptr.obj
c:\users\nhv90\projects\eech\debug\vh_str.obj
c:\users\nhv90\projects\eech\debug\vh_tgt.obj
c:\users\nhv90\projects\eech\debug\vh_vec3d.obj
c:\users\nhv90\projects\eech\debug\vh_wpn.obj
c:\users\nhv90\projects\eech\debug\vi_avevn.obj
c:\users\nhv90\projects\eech\debug\vi_avlmp.obj
c:\users\nhv90\projects\eech\debug\vi_ckpt.obj
c:\users\nhv90\projects\eech\debug\vi_cowpn.obj
c:\users\nhv90\projects\eech\debug\vi_cpg.obj
c:\users\nhv90\projects\eech\debug\vi_crew.obj
c:\users\nhv90\projects\eech\debug\vi_dam.obj
c:\users\nhv90\projects\eech\debug\vi_doors.obj
c:\users\nhv90\projects\eech\debug\vi_dyn.obj
c:\users\nhv90\projects\eech\debug\vi_eo.obj
c:\users\nhv90\projects\eech\debug\vi_hms.obj
c:\users\nhv90\projects\eech\debug\vi_hud.obj
c:\users\nhv90\projects\eech\debug\vi_lamps.obj
c:\users\nhv90\projects\eech\debug\vi_mfd.obj
c:\users\nhv90\projects\eech\debug\vi_pilot.obj
c:\users\nhv90\projects\eech\debug\vi_tgt.obj
c:\users\nhv90\projects\eech\debug\vi_thrt.obj
c:\users\nhv90\projects\eech\debug\vi_vckpt.obj
c:\users\nhv90\projects\eech\debug\vi_wiper.obj
c:\users\nhv90\projects\eech\debug\vm_data.obj
c:\users\nhv90\projects\eech\debug\vm_draw.obj
c:\users\nhv90\projects\eech\debug\vm_event.obj
c:\users\nhv90\projects\eech\debug\vm_extrn.obj
c:\users\nhv90\projects\eech\debug\vm_fixed.obj
c:\users\nhv90\projects\eech\debug\vm_headmovement.obj
c:\users\nhv90\projects\eech\debug\vm_init.obj
c:\users\nhv90\projects\eech\debug\vm_main.obj
c:\users\nhv90\projects\eech\debug\vm_menu.obj
c:\users\nhv90\projects\eech\debug\vm_safe.obj
c:\users\nhv90\projects\eech\debug\vm_satinfo.obj
c:\users\nhv90\projects\eech\debug\vm_updt.obj
c:\users\nhv90\projects\eech\debug\vm_vckpt.obj
c:\users\nhv90\projects\eech\debug\vslider.obj
c:\users\nhv90\projects\eech\debug\vs_creat.obj
c:\users\nhv90\projects\eech\debug\vs_draw.obj
c:\users\nhv90\projects\eech\debug\vs_funcs.obj
c:\users\nhv90\projects\eech\debug\vs_updt.obj
c:\users\nhv90\projects\eech\debug\waypoint.obj
c:\users\nhv90\projects\eech\debug\weapon.obj
c:\users\nhv90\projects\eech\debug\wn_anim.obj
c:\users\nhv90\projects\eech\debug\wn_cllsn.obj
c:\users\nhv90\projects\eech\debug\wn_creat.obj
c:\users\nhv90\projects\eech\debug\wn_dbase.obj
c:\users\nhv90\projects\eech\debug\wn_decoy.obj
c:\users\nhv90\projects\eech\debug\wn_draw.obj
c:\users\nhv90\projects\eech\debug\wn_dstry.obj
c:\users\nhv90\projects\eech\debug\wn_float.obj
c:\users\nhv90\projects\eech\debug\wn_funcs.obj
c:\users\nhv90\projects\eech\debug\wn_int.obj
c:\users\nhv90\projects\eech\debug\wn_list.obj
c:\users\nhv90\projects\eech\debug\wn_load.obj
c:\users\nhv90\projects\eech\debug\wn_misc.obj
c:\users\nhv90\projects\eech\debug\wn_move.obj
c:\users\nhv90\projects\eech\debug\wn_msgs.obj
c:\users\nhv90\projects\eech\debug\wn_pack.obj
c:\users\nhv90\projects\eech\debug\wn_selct.obj
c:\users\nhv90\projects\eech\debug\wn_spch.obj
c:\users\nhv90\projects\eech\debug\wn_str.obj
c:\users\nhv90\projects\eech\debug\wn_tgt.obj
c:\users\nhv90\projects\eech\debug\wn_updt.obj
c:\users\nhv90\projects\eech\debug\wn_vec3d.obj
c:\users\nhv90\projects\eech\debug\wp_char.obj
c:\users\nhv90\projects\eech\debug\wp_creat.obj
c:\users\nhv90\projects\eech\debug\wp_dbase.obj
c:\users\nhv90\projects\eech\debug\wp_draw.obj
c:\users\nhv90\projects\eech\debug\wp_dstry.obj
c:\users\nhv90\projects\eech\debug\wp_float.obj
c:\users\nhv90\projects\eech\debug\wp_funcs.obj
c:\users\nhv90\projects\eech\debug\wp_int.obj
c:\users\nhv90\projects\eech\debug\wp_list.obj
c:\users\nhv90\projects\eech\debug\wp_msgs.obj
c:\users\nhv90\projects\eech\debug\wp_pack.obj
c:\users\nhv90\projects\eech\debug\wp_ptr.obj
c:\users\nhv90\projects\eech\debug\wp_str.obj
c:\users\nhv90\projects\eech\debug\wp_vec3d.obj
c:\users\nhv90\projects\eech\debug\wutcfg.obj
c:\users\nhv90\projects\eech\debug\xp_creat.obj
c:\users\nhv90\projects\eech\debug\xp_dbase.obj
c:\users\nhv90\projects\eech\debug\xp_draw.obj
c:\users\nhv90\projects\eech\debug\xp_dstry.obj
c:\users\nhv90\projects\eech\debug\xp_float.obj
c:\users\nhv90\projects\eech\debug\xp_funcs.obj
c:\users\nhv90\projects\eech\debug\xp_int.obj
c:\users\nhv90\projects\eech\debug\xp_list.obj
c:\users\nhv90\projects\eech\debug\xp_msgs.obj
c:\users\nhv90\projects\eech\debug\xp_pack.obj
c:\users\nhv90\projects\eech\debug\xp_updt.obj
c:\users\nhv90\projects\eech\debug\xp_wpn.obj
c:\users\nhv90\projects\eech\debug\zone_sc.obj
c:\users\nhv90\projects\eech\debug\eech-msvc.pch
c:\users\nhv90\projects\eech\debug\modules-3d.pch
c:\users\nhv90\projects\eech\debug\modules-3dterrain.pch
c:\users\nhv90\projects\eech\debug\modules-3d.idb
c:\users\nhv90\projects\eech\debug\modules-3dterrain.idb
c:\users\nhv90\projects\eech\debug\modules-userint2.idb
c:\users\nhv90\projects\eech\debug\modules.idb
c:\users\nhv90\projects\eech\debug\vc120.idb
c:\users\nhv90\projects\eech\debug\eech-msvc.pdb
c:\users\nhv90\projects\eech\debug\modules-3d.pdb
c:\users\nhv90\projects\eech\debug\modules-3dterrain.pdb
c:\users\nhv90\projects\eech\debug\modules-userint2.pdb
c:\users\nhv90\projects\eech\debug\modules.pdb
c:\users\nhv90\projects\eech\debug\vc120.pdb
c:\users\nhv90\projects\eech\debug\modules-graphics.tlog\cl.command.1.tlog
c:\users\nhv90\projects\eech\debug\modules-graphics.tlog\cl.read.1.tlog
c:\users\nhv90\projects\eech\debug\modules-graphics.tlog\cl.read.2.tlog
c:\users\nhv90\projects\eech\debug\modules-graphics.tlog\cl.read.3.tlog
c:\users\nhv90\projects\eech\debug\modules-graphics.tlog\cl.read.4.tlog
c:\users\nhv90\projects\eech\debug\modules-graphics.tlog\cl.read.5.tlog
c:\users\nhv90\projects\eech\debug\modules-graphics.tlog\cl.write.1.tlog
c:\users\nhv90\projects\eech\debug\modules-graphics.tlog\lib-link.read.1.tlog
c:\users\nhv90\projects\eech\debug\modules-graphics.tlog\lib-link.write.1.tlog
c:\users\nhv90\projects\eech\debug\modules-graphics.tlog\lib.command.1.tlog
