c:\users\nhv90\projects\eech\debug\modules-3dterrain.pdb
c:\users\nhv90\projects\eech\debug\modules-3dterrain.pch
c:\users\nhv90\projects\eech\debug\modules-3dterrain.idb
c:\users\nhv90\projects\eech\debug\terrbuf.obj
c:\users\nhv90\projects\eech\debug\terrbuf.cod
c:\users\nhv90\projects\eech\debug\terrcons.obj
c:\users\nhv90\projects\eech\debug\terrcons.cod
c:\users\nhv90\projects\eech\debug\terrdata.obj
c:\users\nhv90\projects\eech\debug\terrdata.cod
c:\users\nhv90\projects\eech\debug\terrdr.obj
c:\users\nhv90\projects\eech\debug\terrdr.cod
c:\users\nhv90\projects\eech\debug\terrdrcl.obj
c:\users\nhv90\projects\eech\debug\terrdrcl.cod
c:\users\nhv90\projects\eech\debug\terrgeom.obj
c:\users\nhv90\projects\eech\debug\terrgeom.cod
c:\users\nhv90\projects\eech\debug\terrmap.obj
c:\users\nhv90\projects\eech\debug\terrmap.cod
c:\users\nhv90\projects\eech\debug\terrobjs.obj
c:\users\nhv90\projects\eech\debug\terrobjs.cod
c:\users\nhv90\projects\eech\debug\terrre.obj
c:\users\nhv90\projects\eech\debug\terrre.cod
c:\users\nhv90\projects\eech\debug\terrsel.obj
c:\users\nhv90\projects\eech\debug\terrsel.cod
c:\users\nhv90\projects\eech\debug\terrelev.obj
c:\users\nhv90\projects\eech\debug\terrelev.cod
c:\users\nhv90\projects\eech\debug\terrtype.obj
c:\users\nhv90\projects\eech\debug\terrtype.cod
c:\users\nhv90\projects\eech\debug\modules-3dterrain.lib
c:\users\nhv90\projects\eech\debug\2dart.obj
c:\users\nhv90\projects\eech\debug\2dview.obj
c:\users\nhv90\projects\eech\debug\2dwrap.obj
c:\users\nhv90\projects\eech\debug\3danim.obj
c:\users\nhv90\projects\eech\debug\3dclip.obj
c:\users\nhv90\projects\eech\debug\3dclouds.obj
c:\users\nhv90\projects\eech\debug\3dconfig.obj
c:\users\nhv90\projects\eech\debug\3dconstr.obj
c:\users\nhv90\projects\eech\debug\3ddisp.obj
c:\users\nhv90\projects\eech\debug\3denvget.obj
c:\users\nhv90\projects\eech\debug\3denvset.obj
c:\users\nhv90\projects\eech\debug\3dexplos.obj
c:\users\nhv90\projects\eech\debug\3dfaces.obj
c:\users\nhv90\projects\eech\debug\3dfclip.obj
c:\users\nhv90\projects\eech\debug\3dfunc.obj
c:\users\nhv90\projects\eech\debug\3dhoriz.obj
c:\users\nhv90\projects\eech\debug\3dkeyfr.obj
c:\users\nhv90\projects\eech\debug\3dlight.obj
c:\users\nhv90\projects\eech\debug\3dline.obj
c:\users\nhv90\projects\eech\debug\3dmoon.obj
c:\users\nhv90\projects\eech\debug\3dobjbuf.obj
c:\users\nhv90\projects\eech\debug\3dobjdb.obj
c:\users\nhv90\projects\eech\debug\3dobjdrh.obj
c:\users\nhv90\projects\eech\debug\3dobjdrw.obj
c:\users\nhv90\projects\eech\debug\3dobjdrz.obj
c:\users\nhv90\projects\eech\debug\3dobject.obj
c:\users\nhv90\projects\eech\debug\3dobjid.obj
c:\users\nhv90\projects\eech\debug\3dobjvb.obj
c:\users\nhv90\projects\eech\debug\3dobjvis.obj
c:\users\nhv90\projects\eech\debug\3dobjzdr.obj
c:\users\nhv90\projects\eech\debug\3dpixel.obj
c:\users\nhv90\projects\eech\debug\3drain.obj
c:\users\nhv90\projects\eech\debug\3dscene.obj
c:\users\nhv90\projects\eech\debug\3dscon.obj
c:\users\nhv90\projects\eech\debug\3dshadow.obj
c:\users\nhv90\projects\eech\debug\3dsprite.obj
c:\users\nhv90\projects\eech\debug\3dstars.obj
c:\users\nhv90\projects\eech\debug\3dstrail.obj
c:\users\nhv90\projects\eech\debug\3dstrike.obj
c:\users\nhv90\projects\eech\debug\3dsubobj.obj
c:\users\nhv90\projects\eech\debug\3dsun.obj
c:\users\nhv90\projects\eech\debug\3dtemp.obj
c:\users\nhv90\projects\eech\debug\3dtrans.obj
c:\users\nhv90\projects\eech\debug\3dtrump.obj
c:\users\nhv90\projects\eech\debug\3dview.obj
c:\users\nhv90\projects\eech\debug\3dwface1.obj
c:\users\nhv90\projects\eech\debug\3dwface2.obj
c:\users\nhv90\projects\eech\debug\block.obj
c:\users\nhv90\projects\eech\debug\circle.obj
c:\users\nhv90\projects\eech\debug\clip.obj
c:\users\nhv90\projects\eech\debug\clouds.obj
c:\users\nhv90\projects\eech\debug\colour.obj
c:\users\nhv90\projects\eech\debug\d3d.obj
c:\users\nhv90\projects\eech\debug\d3dfog.obj
c:\users\nhv90\projects\eech\debug\d3dpoly.obj
c:\users\nhv90\projects\eech\debug\d3dstate.obj
c:\users\nhv90\projects\eech\debug\d3dvert.obj
c:\users\nhv90\projects\eech\debug\dassess.obj
c:\users\nhv90\projects\eech\debug\dirdraw.obj
c:\users\nhv90\projects\eech\debug\dither.obj
c:\users\nhv90\projects\eech\debug\dresol.obj
c:\users\nhv90\projects\eech\debug\gfxzoom.obj
c:\users\nhv90\projects\eech\debug\heckfill.obj
c:\users\nhv90\projects\eech\debug\lbm.obj
c:\users\nhv90\projects\eech\debug\line.obj
c:\users\nhv90\projects\eech\debug\mipmap.obj
c:\users\nhv90\projects\eech\debug\monofont.obj
c:\users\nhv90\projects\eech\debug\monosprt.obj
c:\users\nhv90\projects\eech\debug\mouseptr.obj
c:\users\nhv90\projects\eech\debug\palette.obj
c:\users\nhv90\projects\eech\debug\pixel.obj
c:\users\nhv90\projects\eech\debug\pixeltxt.obj
c:\users\nhv90\projects\eech\debug\polyd3d.obj
c:\users\nhv90\projects\eech\debug\polyline.obj
c:\users\nhv90\projects\eech\debug\psdread.obj
c:\users\nhv90\projects\eech\debug\psdwrite.obj
c:\users\nhv90\projects\eech\debug\render.obj
c:\users\nhv90\projects\eech\debug\rgb.obj
c:\users\nhv90\projects\eech\debug\rle.obj
c:\users\nhv90\projects\eech\debug\screens.obj
c:\users\nhv90\projects\eech\debug\shadfill.obj
c:\users\nhv90\projects\eech\debug\tempbuf.obj
c:\users\nhv90\projects\eech\debug\textscrn.obj
c:\users\nhv90\projects\eech\debug\textsys.obj
c:\users\nhv90\projects\eech\debug\textures.obj
c:\users\nhv90\projects\eech\debug\textuser.obj
c:\users\nhv90\projects\eech\debug\tga.obj
c:\users\nhv90\projects\eech\debug\tranbuf.obj
c:\users\nhv90\projects\eech\debug\ui_attrs.obj
c:\users\nhv90\projects\eech\debug\ui_color.obj
c:\users\nhv90\projects\eech\debug\ui_creat.obj
c:\users\nhv90\projects\eech\debug\ui_draw.obj
c:\users\nhv90\projects\eech\debug\ui_flags.obj
c:\users\nhv90\projects\eech\debug\ui_fns.obj
c:\users\nhv90\projects\eech\debug\ui_funcs.obj
c:\users\nhv90\projects\eech\debug\ui_graph.obj
c:\users\nhv90\projects\eech\debug\ui_links.obj
c:\users\nhv90\projects\eech\debug\ui_notif.obj
c:\users\nhv90\projects\eech\debug\ui_org.obj
c:\users\nhv90\projects\eech\debug\ui_paint.obj
c:\users\nhv90\projects\eech\debug\ui_pos.obj
c:\users\nhv90\projects\eech\debug\ui_ptr.obj
c:\users\nhv90\projects\eech\debug\ui_size.obj
c:\users\nhv90\projects\eech\debug\ui_slid.obj
c:\users\nhv90\projects\eech\debug\ui_sys.obj
c:\users\nhv90\projects\eech\debug\ui_txt.obj
c:\users\nhv90\projects\eech\debug\ui_types.obj
c:\users\nhv90\projects\eech\debug\ui_updt.obj
c:\users\nhv90\projects\eech\debug\vcache.obj
c:\users\nhv90\projects\eech\debug\viewport.obj
c:\users\nhv90\projects\eech\debug\zbuffer.obj
c:\users\nhv90\projects\eech\debug\modules-3d.pch
c:\users\nhv90\projects\eech\debug\modules-graphics.pch
c:\users\nhv90\projects\eech\debug\modules-3d.idb
c:\users\nhv90\projects\eech\debug\modules-graphics.idb
c:\users\nhv90\projects\eech\debug\modules-userint2.idb
c:\users\nhv90\projects\eech\debug\modules.idb
c:\users\nhv90\projects\eech\debug\modules-3d.pdb
c:\users\nhv90\projects\eech\debug\modules-graphics.pdb
c:\users\nhv90\projects\eech\debug\modules-userint2.pdb
c:\users\nhv90\projects\eech\debug\modules.pdb
c:\users\nhv90\projects\eech\debug\modules-.d8b035f9.tlog\cl.command.1.tlog
c:\users\nhv90\projects\eech\debug\modules-.d8b035f9.tlog\cl.read.1.tlog
c:\users\nhv90\projects\eech\debug\modules-.d8b035f9.tlog\cl.read.2.tlog
c:\users\nhv90\projects\eech\debug\modules-.d8b035f9.tlog\cl.read.3.tlog
c:\users\nhv90\projects\eech\debug\modules-.d8b035f9.tlog\cl.read.4.tlog
c:\users\nhv90\projects\eech\debug\modules-.d8b035f9.tlog\cl.read.5.tlog
c:\users\nhv90\projects\eech\debug\modules-.d8b035f9.tlog\cl.write.1.tlog
c:\users\nhv90\projects\eech\debug\modules-.d8b035f9.tlog\lib-link.read.1.tlog
c:\users\nhv90\projects\eech\debug\modules-.d8b035f9.tlog\lib-link.write.1.tlog
c:\users\nhv90\projects\eech\debug\modules-.d8b035f9.tlog\lib.command.1.tlog
