c:\users\nhv90\projects\eech\debug\modules.pdb
c:\users\nhv90\projects\eech\debug\modules.idb
c:\users\nhv90\projects\eech\debug\ev_stack.obj
c:\users\nhv90\projects\eech\debug\ev_stack.cod
c:\users\nhv90\projects\eech\debug\filedir.obj
c:\users\nhv90\projects\eech\debug\filedir.cod
c:\users\nhv90\projects\eech\debug\files.obj
c:\users\nhv90\projects\eech\debug\files.cod
c:\users\nhv90\projects\eech\debug\fpu.obj
c:\users\nhv90\projects\eech\debug\fpu.cod
c:\users\nhv90\projects\eech\debug\joyevent.obj
c:\users\nhv90\projects\eech\debug\joyevent.cod
c:\users\nhv90\projects\eech\debug\joystick.obj
c:\users\nhv90\projects\eech\debug\joystick.cod
c:\users\nhv90\projects\eech\debug\keyboard.obj
c:\users\nhv90\projects\eech\debug\keyboard.cod
c:\users\nhv90\projects\eech\debug\keyevent.obj
c:\users\nhv90\projects\eech\debug\keyevent.cod
c:\users\nhv90\projects\eech\debug\keymapping.obj
c:\users\nhv90\projects\eech\debug\keymapping.cod
c:\users\nhv90\projects\eech\debug\memblock.obj
c:\users\nhv90\projects\eech\debug\memblock.cod
c:\users\nhv90\projects\eech\debug\memcmp.obj
c:\users\nhv90\projects\eech\debug\memcmp.cod
c:\users\nhv90\projects\eech\debug\memory.obj
c:\users\nhv90\projects\eech\debug\memory.cod
c:\users\nhv90\projects\eech\debug\mouse.obj
c:\users\nhv90\projects\eech\debug\mouse.cod
c:\users\nhv90\projects\eech\debug\safemem.obj
c:\users\nhv90\projects\eech\debug\safemem.cod
c:\users\nhv90\projects\eech\debug\startup.obj
c:\users\nhv90\projects\eech\debug\startup.cod
c:\users\nhv90\projects\eech\debug\sysinput.obj
c:\users\nhv90\projects\eech\debug\sysinput.cod
c:\users\nhv90\projects\eech\debug\sysmess.obj
c:\users\nhv90\projects\eech\debug\sysmess.cod
c:\users\nhv90\projects\eech\debug\time.obj
c:\users\nhv90\projects\eech\debug\time.cod
c:\users\nhv90\projects\eech\debug\timer.obj
c:\users\nhv90\projects\eech\debug\timer.cod
c:\users\nhv90\projects\eech\debug\trackir.obj
c:\users\nhv90\projects\eech\debug\trackir.cod
c:\users\nhv90\projects\eech\debug\vector.obj
c:\users\nhv90\projects\eech\debug\vector.cod
c:\users\nhv90\projects\eech\debug\file_tag.obj
c:\users\nhv90\projects\eech\debug\file_tag.cod
c:\users\nhv90\projects\eech\debug\iff.obj
c:\users\nhv90\projects\eech\debug\iff.cod
c:\users\nhv90\projects\eech\debug\int_list.obj
c:\users\nhv90\projects\eech\debug\int_list.cod
c:\users\nhv90\projects\eech\debug\string.obj
c:\users\nhv90\projects\eech\debug\string.cod
c:\users\nhv90\projects\eech\debug\directp.obj
c:\users\nhv90\projects\eech\debug\directp.cod
c:\users\nhv90\projects\eech\debug\dpguid.obj
c:\users\nhv90\projects\eech\debug\dpguid.cod
c:\users\nhv90\projects\eech\debug\server.obj
c:\users\nhv90\projects\eech\debug\server.cod
c:\users\nhv90\projects\eech\debug\dirsound.obj
c:\users\nhv90\projects\eech\debug\dirsound.cod
c:\users\nhv90\projects\eech\debug\dsound.obj
c:\users\nhv90\projects\eech\debug\dsound.cod
c:\users\nhv90\projects\eech\debug\dsound3d.obj
c:\users\nhv90\projects\eech\debug\dsound3d.cod
c:\users\nhv90\projects\eech\debug\soundhlp.obj
c:\users\nhv90\projects\eech\debug\soundhlp.cod
c:\users\nhv90\projects\eech\debug\soundman.obj
c:\users\nhv90\projects\eech\debug\soundman.cod
c:\users\nhv90\projects\eech\debug\ascii.obj
c:\users\nhv90\projects\eech\debug\ascii.cod
c:\users\nhv90\projects\eech\debug\assert.obj
c:\users\nhv90\projects\eech\debug\assert.cod
c:\users\nhv90\projects\eech\debug\cdrom.obj
c:\users\nhv90\projects\eech\debug\cdrom.cod
c:\users\nhv90\projects\eech\debug\cpuclock.obj
c:\users\nhv90\projects\eech\debug\cpuclock.cod
c:\users\nhv90\projects\eech\debug\debug.obj
c:\users\nhv90\projects\eech\debug\debug.cod
c:\users\nhv90\projects\eech\debug\event.obj
c:\users\nhv90\projects\eech\debug\event.cod
c:\users\nhv90\projects\eech\debug\ev_alpha.obj
c:\users\nhv90\projects\eech\debug\ev_alpha.cod
c:\users\nhv90\projects\eech\debug\constant.obj
c:\users\nhv90\projects\eech\debug\constant.cod
c:\users\nhv90\projects\eech\debug\fixedpt.obj
c:\users\nhv90\projects\eech\debug\fixedpt.cod
c:\users\nhv90\projects\eech\debug\initmath.obj
c:\users\nhv90\projects\eech\debug\initmath.cod
c:\users\nhv90\projects\eech\debug\invsqrt.obj
c:\users\nhv90\projects\eech\debug\invsqrt.cod
c:\users\nhv90\projects\eech\debug\matrix.obj
c:\users\nhv90\projects\eech\debug\matrix.cod
c:\users\nhv90\projects\eech\debug\miscmath.obj
c:\users\nhv90\projects\eech\debug\miscmath.cod
c:\users\nhv90\projects\eech\debug\projtile.obj
c:\users\nhv90\projects\eech\debug\projtile.cod
c:\users\nhv90\projects\eech\debug\qternion.obj
c:\users\nhv90\projects\eech\debug\qternion.cod
c:\users\nhv90\projects\eech\debug\random.obj
c:\users\nhv90\projects\eech\debug\random.cod
c:\users\nhv90\projects\eech\debug\range.obj
c:\users\nhv90\projects\eech\debug\range.cod
c:\users\nhv90\projects\eech\debug\reciptab.obj
c:\users\nhv90\projects\eech\debug\reciptab.cod
c:\users\nhv90\projects\eech\debug\tevent.obj
c:\users\nhv90\projects\eech\debug\tevent.cod
c:\users\nhv90\projects\eech\debug\trig.obj
c:\users\nhv90\projects\eech\debug\trig.cod
c:\users\nhv90\projects\eech\debug\modules.lib
c:\users\nhv90\projects\eech\debug\in_creat.obj
c:\users\nhv90\projects\eech\debug\in_draw.obj
c:\users\nhv90\projects\eech\debug\in_flags.obj
c:\users\nhv90\projects\eech\debug\in_funcs.obj
c:\users\nhv90\projects\eech\debug\in_updt.obj
c:\users\nhv90\projects\eech\debug\keysite.obj
c:\users\nhv90\projects\eech\debug\key_anim.obj
c:\users\nhv90\projects\eech\debug\ki_avevn.obj
c:\users\nhv90\projects\eech\debug\ki_avlmp.obj
c:\users\nhv90\projects\eech\debug\ki_ckpt.obj
c:\users\nhv90\projects\eech\debug\ki_cowpn.obj
c:\users\nhv90\projects\eech\debug\ki_cpg.obj
c:\users\nhv90\projects\eech\debug\ki_crew.obj
c:\users\nhv90\projects\eech\debug\ki_dam.obj
c:\users\nhv90\projects\eech\debug\ki_doors.obj
c:\users\nhv90\projects\eech\debug\ki_dyn.obj
c:\users\nhv90\projects\eech\debug\ki_eo.obj
c:\users\nhv90\projects\eech\debug\ki_hms.obj
c:\users\nhv90\projects\eech\debug\ki_hud.obj
c:\users\nhv90\projects\eech\debug\ki_instr.obj
c:\users\nhv90\projects\eech\debug\ki_lamps.obj
c:\users\nhv90\projects\eech\debug\ki_mfd.obj
c:\users\nhv90\projects\eech\debug\ki_pilot.obj
c:\users\nhv90\projects\eech\debug\ki_tgt.obj
c:\users\nhv90\projects\eech\debug\ki_thrt.obj
c:\users\nhv90\projects\eech\debug\ki_vckpt.obj
c:\users\nhv90\projects\eech\debug\ki_wiper.obj
c:\users\nhv90\projects\eech\debug\ks_creat.obj
c:\users\nhv90\projects\eech\debug\ks_dbase.obj
c:\users\nhv90\projects\eech\debug\ks_dstry.obj
c:\users\nhv90\projects\eech\debug\ks_float.obj
c:\users\nhv90\projects\eech\debug\ks_funcs.obj
c:\users\nhv90\projects\eech\debug\ks_int.obj
c:\users\nhv90\projects\eech\debug\ks_list.obj
c:\users\nhv90\projects\eech\debug\ks_msgs.obj
c:\users\nhv90\projects\eech\debug\ks_pack.obj
c:\users\nhv90\projects\eech\debug\ks_str.obj
c:\users\nhv90\projects\eech\debug\ks_updt.obj
c:\users\nhv90\projects\eech\debug\ks_vec3d.obj
c:\users\nhv90\projects\eech\debug\landing.obj
c:\users\nhv90\projects\eech\debug\language.obj
c:\users\nhv90\projects\eech\debug\ld_creat.obj
c:\users\nhv90\projects\eech\debug\ld_dstry.obj
c:\users\nhv90\projects\eech\debug\ld_float.obj
c:\users\nhv90\projects\eech\debug\ld_funcs.obj
c:\users\nhv90\projects\eech\debug\ld_int.obj
c:\users\nhv90\projects\eech\debug\ld_list.obj
c:\users\nhv90\projects\eech\debug\ld_msgs.obj
c:\users\nhv90\projects\eech\debug\ld_pack.obj
c:\users\nhv90\projects\eech\debug\ld_str.obj
c:\users\nhv90\projects\eech\debug\ld_updt.obj
c:\users\nhv90\projects\eech\debug\ld_vec3d.obj
c:\users\nhv90\projects\eech\debug\list.obj
c:\users\nhv90\projects\eech\debug\li_creat.obj
c:\users\nhv90\projects\eech\debug\li_draw.obj
c:\users\nhv90\projects\eech\debug\li_flags.obj
c:\users\nhv90\projects\eech\debug\li_funcs.obj
c:\users\nhv90\projects\eech\debug\li_size.obj
c:\users\nhv90\projects\eech\debug\li_updt.obj
c:\users\nhv90\projects\eech\debug\load_sc.obj
c:\users\nhv90\projects\eech\debug\main_fn.obj
c:\users\nhv90\projects\eech\debug\main_sc.obj
c:\users\nhv90\projects\eech\debug\map.obj
c:\users\nhv90\projects\eech\debug\mb_att.obj
c:\users\nhv90\projects\eech\debug\mb_float.obj
c:\users\nhv90\projects\eech\debug\mb_funcs.obj
c:\users\nhv90\projects\eech\debug\mb_int.obj
c:\users\nhv90\projects\eech\debug\mb_list.obj
c:\users\nhv90\projects\eech\debug\mb_move.obj
c:\users\nhv90\projects\eech\debug\mb_msgs.obj
c:\users\nhv90\projects\eech\debug\mb_pack.obj
c:\users\nhv90\projects\eech\debug\mb_tgt.obj
c:\users\nhv90\projects\eech\debug\mb_vec3d.obj
c:\users\nhv90\projects\eech\debug\menu.obj
c:\users\nhv90\projects\eech\debug\menus.obj
c:\users\nhv90\projects\eech\debug\message.obj
c:\users\nhv90\projects\eech\debug\me_creat.obj
c:\users\nhv90\projects\eech\debug\me_draw.obj
c:\users\nhv90\projects\eech\debug\me_funcs.obj
c:\users\nhv90\projects\eech\debug\me_updt.obj
c:\users\nhv90\projects\eech\debug\miscell.obj
c:\users\nhv90\projects\eech\debug\mission.obj
c:\users\nhv90\projects\eech\debug\mobile.obj
c:\users\nhv90\projects\eech\debug\modcredits.obj
c:\users\nhv90\projects\eech\debug\msg_in.obj
c:\users\nhv90\projects\eech\debug\msg_out.obj
c:\users\nhv90\projects\eech\debug\mslider.obj
c:\users\nhv90\projects\eech\debug\ms_creat.obj
c:\users\nhv90\projects\eech\debug\ms_draw.obj
c:\users\nhv90\projects\eech\debug\ms_flags.obj
c:\users\nhv90\projects\eech\debug\ms_funcs.obj
c:\users\nhv90\projects\eech\debug\ms_updt.obj
c:\users\nhv90\projects\eech\debug\mult_fn.obj
c:\users\nhv90\projects\eech\debug\mult_sc.obj
c:\users\nhv90\projects\eech\debug\number.obj
c:\users\nhv90\projects\eech\debug\nu_creat.obj
c:\users\nhv90\projects\eech\debug\nu_draw.obj
c:\users\nhv90\projects\eech\debug\nu_flags.obj
c:\users\nhv90\projects\eech\debug\nu_fns.obj
c:\users\nhv90\projects\eech\debug\nu_funcs.obj
c:\users\nhv90\projects\eech\debug\nu_txt.obj
c:\users\nhv90\projects\eech\debug\ob_creat.obj
c:\users\nhv90\projects\eech\debug\ob_draw.obj
c:\users\nhv90\projects\eech\debug\ob_dstry.obj
c:\users\nhv90\projects\eech\debug\ob_funcs.obj
c:\users\nhv90\projects\eech\debug\ob_msgs.obj
c:\users\nhv90\projects\eech\debug\ob_pack.obj
c:\users\nhv90\projects\eech\debug\ob_vec3d.obj
c:\users\nhv90\projects\eech\debug\options.obj
c:\users\nhv90\projects\eech\debug\op_commn.obj
c:\users\nhv90\projects\eech\debug\op_ctrlr.obj
c:\users\nhv90\projects\eech\debug\op_dynam.obj
c:\users\nhv90\projects\eech\debug\op_grafx.obj
c:\users\nhv90\projects\eech\debug\op_insnd.obj
c:\users\nhv90\projects\eech\debug\op_real.obj
c:\users\nhv90\projects\eech\debug\op_snd.obj
c:\users\nhv90\projects\eech\debug\order.obj
c:\users\nhv90\projects\eech\debug\parsgen.obj
c:\users\nhv90\projects\eech\debug\pa_creat.obj
c:\users\nhv90\projects\eech\debug\pa_draw.obj
c:\users\nhv90\projects\eech\debug\pa_dstry.obj
c:\users\nhv90\projects\eech\debug\pa_float.obj
c:\users\nhv90\projects\eech\debug\pa_funcs.obj
c:\users\nhv90\projects\eech\debug\pa_int.obj
c:\users\nhv90\projects\eech\debug\pa_list.obj
c:\users\nhv90\projects\eech\debug\pa_msgs.obj
c:\users\nhv90\projects\eech\debug\pa_pack.obj
c:\users\nhv90\projects\eech\debug\pa_updt.obj
c:\users\nhv90\projects\eech\debug\pedal.obj
c:\users\nhv90\projects\eech\debug\person.obj
c:\users\nhv90\projects\eech\debug\pilot.obj
c:\users\nhv90\projects\eech\debug\pi_creat.obj
c:\users\nhv90\projects\eech\debug\pi_dstry.obj
c:\users\nhv90\projects\eech\debug\pi_funcs.obj
c:\users\nhv90\projects\eech\debug\pi_int.obj
c:\users\nhv90\projects\eech\debug\pi_list.obj
c:\users\nhv90\projects\eech\debug\pi_msgs.obj
c:\users\nhv90\projects\eech\debug\pi_pack.obj
c:\users\nhv90\projects\eech\debug\pi_str.obj
c:\users\nhv90\projects\eech\debug\player.obj
c:\users\nhv90\projects\eech\debug\play_gn.obj
c:\users\nhv90\projects\eech\debug\play_hours.obj
c:\users\nhv90\projects\eech\debug\play_md.obj
c:\users\nhv90\projects\eech\debug\play_sc.obj
c:\users\nhv90\projects\eech\debug\play_wp.obj
c:\users\nhv90\projects\eech\debug\popread.obj
c:\users\nhv90\projects\eech\debug\project.obj
c:\users\nhv90\projects\eech\debug\ps_anim.obj
c:\users\nhv90\projects\eech\debug\ps_creat.obj
c:\users\nhv90\projects\eech\debug\ps_draw.obj
c:\users\nhv90\projects\eech\debug\ps_dstry.obj
c:\users\nhv90\projects\eech\debug\ps_float.obj
c:\users\nhv90\projects\eech\debug\ps_funcs.obj
c:\users\nhv90\projects\eech\debug\ps_int.obj
c:\users\nhv90\projects\eech\debug\ps_move.obj
c:\users\nhv90\projects\eech\debug\ps_msgs.obj
c:\users\nhv90\projects\eech\debug\ps_pack.obj
c:\users\nhv90\projects\eech\debug\ps_updt.obj
c:\users\nhv90\projects\eech\debug\pylon.obj
c:\users\nhv90\projects\eech\debug\py_creat.obj
c:\users\nhv90\projects\eech\debug\py_dbase.obj
c:\users\nhv90\projects\eech\debug\py_draw.obj
c:\users\nhv90\projects\eech\debug\py_dstry.obj
c:\users\nhv90\projects\eech\debug\py_float.obj
c:\users\nhv90\projects\eech\debug\py_funcs.obj
c:\users\nhv90\projects\eech\debug\py_int.obj
c:\users\nhv90\projects\eech\debug\py_msgs.obj
c:\users\nhv90\projects\eech\debug\py_pack.obj
c:\users\nhv90\projects\eech\debug\py_ptr.obj
c:\users\nhv90\projects\eech\debug\radio.obj
c:\users\nhv90\projects\eech\debug\ra_creat.obj
c:\users\nhv90\projects\eech\debug\ra_flags.obj
c:\users\nhv90\projects\eech\debug\ra_fns.obj
c:\users\nhv90\projects\eech\debug\ra_funcs.obj
c:\users\nhv90\projects\eech\debug\reaction.obj
c:\users\nhv90\projects\eech\debug\regen.obj
c:\users\nhv90\projects\eech\debug\rg_creat.obj
c:\users\nhv90\projects\eech\debug\rg_dstry.obj
c:\users\nhv90\projects\eech\debug\rg_float.obj
c:\users\nhv90\projects\eech\debug\rg_funcs.obj
c:\users\nhv90\projects\eech\debug\rg_int.obj
c:\users\nhv90\projects\eech\debug\rg_list.obj
c:\users\nhv90\projects\eech\debug\rg_msgs.obj
c:\users\nhv90\projects\eech\debug\rg_pack.obj
c:\users\nhv90\projects\eech\debug\rg_updt.obj
c:\users\nhv90\projects\eech\debug\rg_vec3d.obj
c:\users\nhv90\projects\eech\debug\routed.obj
c:\users\nhv90\projects\eech\debug\routegen.obj
c:\users\nhv90\projects\eech\debug\rv_anim.obj
c:\users\nhv90\projects\eech\debug\rv_creat.obj
c:\users\nhv90\projects\eech\debug\rv_draw.obj
c:\users\nhv90\projects\eech\debug\rv_dstry.obj
c:\users\nhv90\projects\eech\debug\rv_float.obj
c:\users\nhv90\projects\eech\debug\rv_funcs.obj
c:\users\nhv90\projects\eech\debug\rv_int.obj
c:\users\nhv90\projects\eech\debug\rv_move.obj
c:\users\nhv90\projects\eech\debug\rv_msgs.obj
c:\users\nhv90\projects\eech\debug\rv_pack.obj
c:\users\nhv90\projects\eech\debug\rv_updt.obj
c:\users\nhv90\projects\eech\debug\screen.obj
c:\users\nhv90\projects\eech\debug\scrnshot.obj
c:\users\nhv90\projects\eech\debug\sc_creat.obj
c:\users\nhv90\projects\eech\debug\sc_draw.obj
c:\users\nhv90\projects\eech\debug\sc_dstry.obj
c:\users\nhv90\projects\eech\debug\sc_float.obj
c:\users\nhv90\projects\eech\debug\sc_funcs.obj
c:\users\nhv90\projects\eech\debug\sc_int.obj
c:\users\nhv90\projects\eech\debug\sc_list.obj
c:\users\nhv90\projects\eech\debug\sc_msgs.obj
c:\users\nhv90\projects\eech\debug\sc_pack.obj
c:\users\nhv90\projects\eech\debug\sc_seccreat.obj
c:\users\nhv90\projects\eech\debug\sc_secfuncs.obj
c:\users\nhv90\projects\eech\debug\sc_updt.obj
c:\users\nhv90\projects\eech\debug\sector.obj
c:\users\nhv90\projects\eech\debug\secure.obj
c:\users\nhv90\projects\eech\debug\segment.obj
c:\users\nhv90\projects\eech\debug\servlog.obj
c:\users\nhv90\projects\eech\debug\session.obj
c:\users\nhv90\projects\eech\debug\sess_sc.obj
c:\users\nhv90\projects\eech\debug\setup.obj
c:\users\nhv90\projects\eech\debug\se_creat.obj
c:\users\nhv90\projects\eech\debug\se_dstry.obj
c:\users\nhv90\projects\eech\debug\se_float.obj
c:\users\nhv90\projects\eech\debug\se_funcs.obj
c:\users\nhv90\projects\eech\debug\se_int.obj
c:\users\nhv90\projects\eech\debug\se_list.obj
c:\users\nhv90\projects\eech\debug\se_move.obj
c:\users\nhv90\projects\eech\debug\se_msgs.obj
c:\users\nhv90\projects\eech\debug\se_pack.obj
c:\users\nhv90\projects\eech\debug\se_ptr.obj
c:\users\nhv90\projects\eech\debug\se_snd.obj
c:\users\nhv90\projects\eech\debug\se_updt.obj
c:\users\nhv90\projects\eech\debug\se_vec3d.obj
c:\users\nhv90\projects\eech\debug\sg_creat.obj
c:\users\nhv90\projects\eech\debug\sg_dbase.obj
c:\users\nhv90\projects\eech\debug\sg_draw.obj
c:\users\nhv90\projects\eech\debug\sg_dstry.obj
c:\users\nhv90\projects\eech\debug\sg_float.obj
c:\users\nhv90\projects\eech\debug\sg_funcs.obj
c:\users\nhv90\projects\eech\debug\sg_int.obj
c:\users\nhv90\projects\eech\debug\sg_list.obj
c:\users\nhv90\projects\eech\debug\sg_msgs.obj
c:\users\nhv90\projects\eech\debug\sg_pack.obj
c:\users\nhv90\projects\eech\debug\sg_updt.obj
c:\users\nhv90\projects\eech\debug\sharedmem.obj
c:\users\nhv90\projects\eech\debug\ship.obj
c:\users\nhv90\projects\eech\debug\sh_anim.obj
c:\users\nhv90\projects\eech\debug\sh_creat.obj
c:\users\nhv90\projects\eech\debug\sh_draw.obj
c:\users\nhv90\projects\eech\debug\sh_dstry.obj
c:\users\nhv90\projects\eech\debug\sh_float.obj
c:\users\nhv90\projects\eech\debug\sh_funcs.obj
c:\users\nhv90\projects\eech\debug\sh_int.obj
c:\users\nhv90\projects\eech\debug\sh_move.obj
c:\users\nhv90\projects\eech\debug\sh_msgs.obj
c:\users\nhv90\projects\eech\debug\sh_pack.obj
c:\users\nhv90\projects\eech\debug\sh_updt.obj
c:\users\nhv90\projects\eech\debug\slider.obj
c:\users\nhv90\projects\eech\debug\sl_creat.obj
c:\users\nhv90\projects\eech\debug\sl_dbase.obj
c:\users\nhv90\projects\eech\debug\sl_draw.obj
c:\users\nhv90\projects\eech\debug\sl_dstry.obj
c:\users\nhv90\projects\eech\debug\sl_float.obj
c:\users\nhv90\projects\eech\debug\sl_funcs.obj
c:\users\nhv90\projects\eech\debug\sl_int.obj
c:\users\nhv90\projects\eech\debug\sl_list.obj
c:\users\nhv90\projects\eech\debug\sl_meta.obj
c:\users\nhv90\projects\eech\debug\sl_move.obj
c:\users\nhv90\projects\eech\debug\sl_msgs.obj
c:\users\nhv90\projects\eech\debug\sl_pack.obj
c:\users\nhv90\projects\eech\debug\sl_slid.obj
c:\users\nhv90\projects\eech\debug\sl_smokefuncs.obj
c:\users\nhv90\projects\eech\debug\sl_updt.obj
c:\users\nhv90\projects\eech\debug\sl_vec3d.obj
c:\users\nhv90\projects\eech\debug\smokelst.obj
c:\users\nhv90\projects\eech\debug\snd_data.obj
c:\users\nhv90\projects\eech\debug\snd_init.obj
c:\users\nhv90\projects\eech\debug\sn_creat.obj
c:\users\nhv90\projects\eech\debug\sn_draw.obj
c:\users\nhv90\projects\eech\debug\sn_dstry.obj
c:\users\nhv90\projects\eech\debug\sn_float.obj
c:\users\nhv90\projects\eech\debug\sn_funcs.obj
c:\users\nhv90\projects\eech\debug\sn_int.obj
c:\users\nhv90\projects\eech\debug\sn_msgs.obj
c:\users\nhv90\projects\eech\debug\sn_pack.obj
c:\users\nhv90\projects\eech\debug\soundeff.obj
c:\users\nhv90\projects\eech\debug\sparm_sc.obj
c:\users\nhv90\projects\eech\debug\spch_atc.obj
c:\users\nhv90\projects\eech\debug\spch_cal.obj
c:\users\nhv90\projects\eech\debug\spch_cpg.obj
c:\users\nhv90\projects\eech\debug\spch_dis.obj
c:\users\nhv90\projects\eech\debug\spch_fac.obj
c:\users\nhv90\projects\eech\debug\spch_gc.obj
c:\users\nhv90\projects\eech\debug\spch_hdg.obj
c:\users\nhv90\projects\eech\debug\spch_num.obj
c:\users\nhv90\projects\eech\debug\spch_sys.obj
c:\users\nhv90\projects\eech\debug\spch_wmn.obj
c:\users\nhv90\projects\eech\debug\speech.obj
c:\users\nhv90\projects\eech\debug\sprite.obj
c:\users\nhv90\projects\eech\debug\sp_creat.obj
c:\users\nhv90\projects\eech\debug\sp_draw.obj
c:\users\nhv90\projects\eech\debug\sp_dstry.obj
c:\users\nhv90\projects\eech\debug\sp_float.obj
c:\users\nhv90\projects\eech\debug\sp_funcs.obj
c:\users\nhv90\projects\eech\debug\sp_int.obj
c:\users\nhv90\projects\eech\debug\sp_list.obj
c:\users\nhv90\projects\eech\debug\sp_msgs.obj
c:\users\nhv90\projects\eech\debug\sp_pack.obj
c:\users\nhv90\projects\eech\debug\sp_updt.obj
c:\users\nhv90\projects\eech\debug\sp_vec3d.obj
c:\users\nhv90\projects\eech\debug\ss_creat.obj
c:\users\nhv90\projects\eech\debug\ss_dstry.obj
c:\users\nhv90\projects\eech\debug\ss_float.obj
c:\users\nhv90\projects\eech\debug\ss_funcs.obj
c:\users\nhv90\projects\eech\debug\ss_int.obj
c:\users\nhv90\projects\eech\debug\ss_list.obj
c:\users\nhv90\projects\eech\debug\ss_msgs.obj
c:\users\nhv90\projects\eech\debug\ss_pack.obj
c:\users\nhv90\projects\eech\debug\ss_updt.obj
c:\users\nhv90\projects\eech\debug\ss_vec3d.obj
c:\users\nhv90\projects\eech\debug\st_creat.obj
c:\users\nhv90\projects\eech\debug\st_draw.obj
c:\users\nhv90\projects\eech\debug\st_dstry.obj
c:\users\nhv90\projects\eech\debug\st_float.obj
c:\users\nhv90\projects\eech\debug\st_funcs.obj
c:\users\nhv90\projects\eech\debug\st_int.obj
c:\users\nhv90\projects\eech\debug\st_list.obj
c:\users\nhv90\projects\eech\debug\st_msgs.obj
c:\users\nhv90\projects\eech\debug\st_pack.obj
c:\users\nhv90\projects\eech\debug\sub_anim.obj
c:\users\nhv90\projects\eech\debug\suitable.obj
c:\users\nhv90\projects\eech\debug\su_anim.obj
c:\users\nhv90\projects\eech\debug\su_creat.obj
c:\users\nhv90\projects\eech\debug\su_draw.obj
c:\users\nhv90\projects\eech\debug\su_dstry.obj
c:\users\nhv90\projects\eech\debug\su_float.obj
c:\users\nhv90\projects\eech\debug\su_funcs.obj
c:\users\nhv90\projects\eech\debug\su_int.obj
c:\users\nhv90\projects\eech\debug\su_list.obj
c:\users\nhv90\projects\eech\debug\su_msgs.obj
c:\users\nhv90\projects\eech\debug\su_pack.obj
c:\users\nhv90\projects\eech\debug\su_updt.obj
c:\users\nhv90\projects\eech\debug\tacview.obj
c:\users\nhv90\projects\eech\debug\tags.obj
c:\users\nhv90\projects\eech\debug\task.obj
c:\users\nhv90\projects\eech\debug\taskgen.obj
c:\users\nhv90\projects\eech\debug\terrbuf.obj
c:\users\nhv90\projects\eech\debug\terrcons.obj
c:\users\nhv90\projects\eech\debug\terrdata.obj
c:\users\nhv90\projects\eech\debug\terrdr.obj
c:\users\nhv90\projects\eech\debug\terrdrcl.obj
c:\users\nhv90\projects\eech\debug\terrelev.obj
c:\users\nhv90\projects\eech\debug\terrgeom.obj
c:\users\nhv90\projects\eech\debug\terrmap.obj
c:\users\nhv90\projects\eech\debug\terrobjs.obj
c:\users\nhv90\projects\eech\debug\terrre.obj
c:\users\nhv90\projects\eech\debug\terrsel.obj
c:\users\nhv90\projects\eech\debug\terrtype.obj
c:\users\nhv90\projects\eech\debug\terr_db.obj
c:\users\nhv90\projects\eech\debug\test.obj
c:\users\nhv90\projects\eech\debug\timeaccl.obj
c:\users\nhv90\projects\eech\debug\titl_sc.obj
c:\users\nhv90\projects\eech\debug\tod.obj
c:\users\nhv90\projects\eech\debug\toggle.obj
c:\users\nhv90\projects\eech\debug\to_flags.obj
c:\users\nhv90\projects\eech\debug\to_fns.obj
c:\users\nhv90\projects\eech\debug\to_funcs.obj
c:\users\nhv90\projects\eech\debug\ts_creat.obj
c:\users\nhv90\projects\eech\debug\ts_dbase.obj
c:\users\nhv90\projects\eech\debug\ts_dstry.obj
c:\users\nhv90\projects\eech\debug\ts_float.obj
c:\users\nhv90\projects\eech\debug\ts_funcs.obj
c:\users\nhv90\projects\eech\debug\ts_int.obj
c:\users\nhv90\projects\eech\debug\ts_list.obj
c:\users\nhv90\projects\eech\debug\ts_msgs.obj
c:\users\nhv90\projects\eech\debug\ts_pack.obj
c:\users\nhv90\projects\eech\debug\ts_ptr.obj
c:\users\nhv90\projects\eech\debug\ts_str.obj
c:\users\nhv90\projects\eech\debug\ts_updt.obj
c:\users\nhv90\projects\eech\debug\ts_vec3d.obj
c:\users\nhv90\projects\eech\debug\tx_col.obj
c:\users\nhv90\projects\eech\debug\tx_creat.obj
c:\users\nhv90\projects\eech\debug\tx_draw.obj
c:\users\nhv90\projects\eech\debug\tx_flags.obj
c:\users\nhv90\projects\eech\debug\tx_fns.obj
c:\users\nhv90\projects\eech\debug\tx_funcs.obj
c:\users\nhv90\projects\eech\debug\tx_txt.obj
c:\users\nhv90\projects\eech\debug\uiarea.obj
c:\users\nhv90\projects\eech\debug\uibutton.obj
c:\users\nhv90\projects\eech\debug\uiclip.obj
c:\users\nhv90\projects\eech\debug\uicolour.obj
c:\users\nhv90\projects\eech\debug\uifont.obj
c:\users\nhv90\projects\eech\debug\uigraph.obj
c:\users\nhv90\projects\eech\debug\uihilght.obj
c:\users\nhv90\projects\eech\debug\uiorigin.obj
c:\users\nhv90\projects\eech\debug\uiscreen.obj
c:\users\nhv90\projects\eech\debug\uisession.obj
c:\users\nhv90\projects\eech\debug\uisess_fn.obj
c:\users\nhv90\projects\eech\debug\uiwindow.obj
c:\users\nhv90\projects\eech\debug\ui_attrs.obj
c:\users\nhv90\projects\eech\debug\ui_color.obj
c:\users\nhv90\projects\eech\debug\ui_creat.obj
c:\users\nhv90\projects\eech\debug\ui_draw.obj
c:\users\nhv90\projects\eech\debug\ui_flags.obj
c:\users\nhv90\projects\eech\debug\ui_fns.obj
c:\users\nhv90\projects\eech\debug\ui_funcs.obj
c:\users\nhv90\projects\eech\debug\ui_graph.obj
c:\users\nhv90\projects\eech\debug\ui_links.obj
c:\users\nhv90\projects\eech\debug\ui_man.obj
c:\users\nhv90\projects\eech\debug\ui_notif.obj
c:\users\nhv90\projects\eech\debug\ui_obj.obj
c:\users\nhv90\projects\eech\debug\ui_org.obj
c:\users\nhv90\projects\eech\debug\ui_paint.obj
c:\users\nhv90\projects\eech\debug\ui_pos.obj
c:\users\nhv90\projects\eech\debug\ui_ptr.obj
c:\users\nhv90\projects\eech\debug\ui_size.obj
c:\users\nhv90\projects\eech\debug\ui_slid.obj
c:\users\nhv90\projects\eech\debug\ui_sys.obj
c:\users\nhv90\projects\eech\debug\ui_txt.obj
c:\users\nhv90\projects\eech\debug\ui_types.obj
c:\users\nhv90\projects\eech\debug\ui_updt.obj
c:\users\nhv90\projects\eech\debug\update.obj
c:\users\nhv90\projects\eech\debug\up_creat.obj
c:\users\nhv90\projects\eech\debug\up_dstry.obj
c:\users\nhv90\projects\eech\debug\up_funcs.obj
c:\users\nhv90\projects\eech\debug\up_list.obj
c:\users\nhv90\projects\eech\debug\up_msgs.obj
c:\users\nhv90\projects\eech\debug\up_pack.obj
c:\users\nhv90\projects\eech\debug\up_update.obj
c:\users\nhv90\projects\eech\debug\userdef.obj
c:\users\nhv90\projects\eech\debug\vehicle.obj
c:\users\nhv90\projects\eech\debug\vh_anim.obj
c:\users\nhv90\projects\eech\debug\vh_dbase.obj
c:\users\nhv90\projects\eech\debug\vh_float.obj
c:\users\nhv90\projects\eech\debug\vh_funcs.obj
c:\users\nhv90\projects\eech\debug\vh_int.obj
c:\users\nhv90\projects\eech\debug\vh_list.obj
c:\users\nhv90\projects\eech\debug\vh_msgs.obj
c:\users\nhv90\projects\eech\debug\vh_pack.obj
c:\users\nhv90\projects\eech\debug\vh_ptr.obj
c:\users\nhv90\projects\eech\debug\vh_str.obj
c:\users\nhv90\projects\eech\debug\vh_tgt.obj
c:\users\nhv90\projects\eech\debug\vh_vec3d.obj
c:\users\nhv90\projects\eech\debug\vh_wpn.obj
c:\users\nhv90\projects\eech\debug\vi_avevn.obj
c:\users\nhv90\projects\eech\debug\vi_avlmp.obj
c:\users\nhv90\projects\eech\debug\vi_ckpt.obj
c:\users\nhv90\projects\eech\debug\vi_cowpn.obj
c:\users\nhv90\projects\eech\debug\vi_cpg.obj
c:\users\nhv90\projects\eech\debug\vi_crew.obj
c:\users\nhv90\projects\eech\debug\vi_dam.obj
c:\users\nhv90\projects\eech\debug\vi_doors.obj
c:\users\nhv90\projects\eech\debug\vi_dyn.obj
c:\users\nhv90\projects\eech\debug\vi_eo.obj
c:\users\nhv90\projects\eech\debug\vi_hms.obj
c:\users\nhv90\projects\eech\debug\vi_hud.obj
c:\users\nhv90\projects\eech\debug\vi_lamps.obj
c:\users\nhv90\projects\eech\debug\vi_mfd.obj
c:\users\nhv90\projects\eech\debug\vi_pilot.obj
c:\users\nhv90\projects\eech\debug\vi_tgt.obj
c:\users\nhv90\projects\eech\debug\vi_thrt.obj
c:\users\nhv90\projects\eech\debug\vi_vckpt.obj
c:\users\nhv90\projects\eech\debug\vi_wiper.obj
c:\users\nhv90\projects\eech\debug\vm_data.obj
c:\users\nhv90\projects\eech\debug\vm_draw.obj
c:\users\nhv90\projects\eech\debug\vm_event.obj
c:\users\nhv90\projects\eech\debug\vm_extrn.obj
c:\users\nhv90\projects\eech\debug\vm_fixed.obj
c:\users\nhv90\projects\eech\debug\vm_headmovement.obj
c:\users\nhv90\projects\eech\debug\vm_init.obj
c:\users\nhv90\projects\eech\debug\vm_main.obj
c:\users\nhv90\projects\eech\debug\vm_menu.obj
c:\users\nhv90\projects\eech\debug\vm_safe.obj
c:\users\nhv90\projects\eech\debug\vm_satinfo.obj
c:\users\nhv90\projects\eech\debug\vm_updt.obj
c:\users\nhv90\projects\eech\debug\vm_vckpt.obj
c:\users\nhv90\projects\eech\debug\vslider.obj
c:\users\nhv90\projects\eech\debug\vs_creat.obj
c:\users\nhv90\projects\eech\debug\vs_draw.obj
c:\users\nhv90\projects\eech\debug\vs_funcs.obj
c:\users\nhv90\projects\eech\debug\vs_updt.obj
c:\users\nhv90\projects\eech\debug\waypoint.obj
c:\users\nhv90\projects\eech\debug\weapon.obj
c:\users\nhv90\projects\eech\debug\wn_anim.obj
c:\users\nhv90\projects\eech\debug\wn_cllsn.obj
c:\users\nhv90\projects\eech\debug\wn_creat.obj
c:\users\nhv90\projects\eech\debug\wn_dbase.obj
c:\users\nhv90\projects\eech\debug\wn_decoy.obj
c:\users\nhv90\projects\eech\debug\wn_draw.obj
c:\users\nhv90\projects\eech\debug\wn_dstry.obj
c:\users\nhv90\projects\eech\debug\wn_float.obj
c:\users\nhv90\projects\eech\debug\wn_funcs.obj
c:\users\nhv90\projects\eech\debug\wn_int.obj
c:\users\nhv90\projects\eech\debug\wn_list.obj
c:\users\nhv90\projects\eech\debug\wn_load.obj
c:\users\nhv90\projects\eech\debug\wn_misc.obj
c:\users\nhv90\projects\eech\debug\wn_move.obj
c:\users\nhv90\projects\eech\debug\wn_msgs.obj
c:\users\nhv90\projects\eech\debug\wn_pack.obj
c:\users\nhv90\projects\eech\debug\wn_selct.obj
c:\users\nhv90\projects\eech\debug\wn_spch.obj
c:\users\nhv90\projects\eech\debug\wn_str.obj
c:\users\nhv90\projects\eech\debug\wn_tgt.obj
c:\users\nhv90\projects\eech\debug\wn_updt.obj
c:\users\nhv90\projects\eech\debug\wn_vec3d.obj
c:\users\nhv90\projects\eech\debug\wp_char.obj
c:\users\nhv90\projects\eech\debug\wp_creat.obj
c:\users\nhv90\projects\eech\debug\wp_dbase.obj
c:\users\nhv90\projects\eech\debug\wp_draw.obj
c:\users\nhv90\projects\eech\debug\wp_dstry.obj
c:\users\nhv90\projects\eech\debug\wp_float.obj
c:\users\nhv90\projects\eech\debug\wp_funcs.obj
c:\users\nhv90\projects\eech\debug\wp_int.obj
c:\users\nhv90\projects\eech\debug\wp_list.obj
c:\users\nhv90\projects\eech\debug\wp_msgs.obj
c:\users\nhv90\projects\eech\debug\wp_pack.obj
c:\users\nhv90\projects\eech\debug\wp_ptr.obj
c:\users\nhv90\projects\eech\debug\wp_str.obj
c:\users\nhv90\projects\eech\debug\wp_vec3d.obj
c:\users\nhv90\projects\eech\debug\wutcfg.obj
c:\users\nhv90\projects\eech\debug\xp_creat.obj
c:\users\nhv90\projects\eech\debug\xp_dbase.obj
c:\users\nhv90\projects\eech\debug\xp_draw.obj
c:\users\nhv90\projects\eech\debug\xp_dstry.obj
c:\users\nhv90\projects\eech\debug\xp_float.obj
c:\users\nhv90\projects\eech\debug\xp_funcs.obj
c:\users\nhv90\projects\eech\debug\xp_int.obj
c:\users\nhv90\projects\eech\debug\xp_list.obj
c:\users\nhv90\projects\eech\debug\xp_msgs.obj
c:\users\nhv90\projects\eech\debug\xp_pack.obj
c:\users\nhv90\projects\eech\debug\xp_updt.obj
c:\users\nhv90\projects\eech\debug\xp_wpn.obj
c:\users\nhv90\projects\eech\debug\zone_sc.obj
c:\users\nhv90\projects\eech\debug\eech-msvc.pch
c:\users\nhv90\projects\eech\debug\modules-3d.pch
c:\users\nhv90\projects\eech\debug\modules-3dterrain.pch
c:\users\nhv90\projects\eech\debug\modules-3d.idb
c:\users\nhv90\projects\eech\debug\modules-3dterrain.idb
c:\users\nhv90\projects\eech\debug\modules-userint2.idb
c:\users\nhv90\projects\eech\debug\vc120.idb
c:\users\nhv90\projects\eech\debug\eech-msvc.pdb
c:\users\nhv90\projects\eech\debug\modules-3d.pdb
c:\users\nhv90\projects\eech\debug\modules-3dterrain.pdb
c:\users\nhv90\projects\eech\debug\modules-userint2.pdb
c:\users\nhv90\projects\eech\debug\vc120.pdb
c:\users\nhv90\projects\eech\debug\modules.tlog\cl.command.1.tlog
c:\users\nhv90\projects\eech\debug\modules.tlog\cl.read.1.tlog
c:\users\nhv90\projects\eech\debug\modules.tlog\cl.read.2.tlog
c:\users\nhv90\projects\eech\debug\modules.tlog\cl.read.3.tlog
c:\users\nhv90\projects\eech\debug\modules.tlog\cl.read.4.tlog
c:\users\nhv90\projects\eech\debug\modules.tlog\cl.read.5.tlog
c:\users\nhv90\projects\eech\debug\modules.tlog\cl.write.1.tlog
c:\users\nhv90\projects\eech\debug\modules.tlog\lib-link.read.1.tlog
c:\users\nhv90\projects\eech\debug\modules.tlog\lib-link.write.1.tlog
c:\users\nhv90\projects\eech\debug\modules.tlog\lib.command.1.tlog
